This test insert number is :100000
This test radio is:1
insert begin 
time_consumption of insert is 141955
resize_time = 53592
resize_1_num = 11
resize_2_num = 649
insert all over
time_consumption of search is 35399
This test insert number is :100000
This test radio is:1
insert begin 
time_consumption of insert is 93432
resize_time = 41636
resize_1_num = 11
resize_2_num = 649
insert all over
time_consumption of search is 28790
This test insert number is :100000
This test radio is:1
insert begin 
time_consumption of insert is 142372
resize_time = 53670
resize_1_num = 11
resize_2_num = 649
insert all over
time_consumption of search is 35733
This test insert number is :100000
This test radio is:1
insert begin 
time_consumption of insert is 94381
resize_time = 42224
resize_1_num = 11
resize_2_num = 649
insert all over
time_consumption of search is 28828
This test insert number is :100000
This test radio is:1
insert begin 
time_consumption of insert is 91365
resize_time = 39204
resize_1_num = 11
resize_2_num = 649
insert all over
time_consumption of search is 28933
This test insert number is :100000
This test radio is:1
insert begin 
time_consumption of insert is 92821
resize_time = 39843
resize_1_num = 11
resize_2_num = 649
insert all over
time_consumption of search is 28774
This test insert number is :100000
This test radio is:1
insert begin 
time_consumption of insert is 91319
resize_time = 39216
resize_1_num = 11
resize_2_num = 649
insert all over
time_consumption of search is 28920
This test insert number is :100000
This test radio is:1
insert begin 
time_consumption of insert is 91397
resize_time = 39189
resize_1_num = 11
resize_2_num = 649
insert all over
time_consumption of search is 28847
This test insert number is :100000
This test radio is:1
insert begin 
time_consumption of insert is 91540
resize_time = 39377
resize_1_num = 11
resize_2_num = 649
insert all over
time_consumption of search is 28909
This test insert number is :100000
This test radio is:1
insert begin 
time_consumption of insert is 142568
resize_time = 53916
resize_1_num = 11
resize_2_num = 649
insert all over
time_consumption of search is 35420
This test insert number is :100000
This test radio is:2
insert begin 
time_consumption of insert is 141990
resize_time = 53957
resize_1_num = 11
resize_2_num = 655
insert all over
time_consumption of search is 34567
This test insert number is :100000
This test radio is:2
insert begin 
time_consumption of insert is 142332
resize_time = 54260
resize_1_num = 11
resize_2_num = 655
insert all over
time_consumption of search is 34425
This test insert number is :100000
This test radio is:2
insert begin 
time_consumption of insert is 142072
resize_time = 53826
resize_1_num = 11
resize_2_num = 655
insert all over
time_consumption of search is 34265
This test insert number is :100000
This test radio is:2
insert begin 
time_consumption of insert is 141912
resize_time = 53892
resize_1_num = 11
resize_2_num = 655
insert all over
time_consumption of search is 34409
This test insert number is :100000
This test radio is:2
insert begin 
time_consumption of insert is 142418
resize_time = 54158
resize_1_num = 11
resize_2_num = 655
insert all over
time_consumption of search is 34539
This test insert number is :100000
This test radio is:2
insert begin 
time_consumption of insert is 142375
resize_time = 54091
resize_1_num = 11
resize_2_num = 655
insert all over
time_consumption of search is 34447
This test insert number is :100000
This test radio is:2
insert begin 
time_consumption of insert is 141646
resize_time = 53707
resize_1_num = 11
resize_2_num = 655
insert all over
time_consumption of search is 34475
This test insert number is :100000
This test radio is:2
insert begin 
time_consumption of insert is 95141
resize_time = 42842
resize_1_num = 11
resize_2_num = 655
insert all over
time_consumption of search is 27876
This test insert number is :100000
This test radio is:2
insert begin 
time_consumption of insert is 142714
resize_time = 54505
resize_1_num = 11
resize_2_num = 655
insert all over
time_consumption of search is 34578
This test insert number is :100000
This test radio is:2
insert begin 
time_consumption of insert is 95739
resize_time = 42999
resize_1_num = 11
resize_2_num = 655
insert all over
time_consumption of search is 28205
This test insert number is :100000
This test radio is:3
insert begin 
time_consumption of insert is 92405
resize_time = 39755
resize_1_num = 11
resize_2_num = 640
insert all over
time_consumption of search is 27227
This test insert number is :100000
This test radio is:3
insert begin 
time_consumption of insert is 91916
resize_time = 39704
resize_1_num = 11
resize_2_num = 640
insert all over
time_consumption of search is 26966
This test insert number is :100000
This test radio is:3
insert begin 
time_consumption of insert is 91940
resize_time = 39500
resize_1_num = 11
resize_2_num = 640
insert all over
time_consumption of search is 26890
This test insert number is :100000
This test radio is:3
insert begin 
time_consumption of insert is 93105
resize_time = 39961
resize_1_num = 11
resize_2_num = 640
insert all over
time_consumption of search is 26977
This test insert number is :100000
This test radio is:3
insert begin 
time_consumption of insert is 91459
resize_time = 39469
resize_1_num = 11
resize_2_num = 640
insert all over
time_consumption of search is 27029
This test insert number is :100000
This test radio is:3
insert begin 
time_consumption of insert is 91482
resize_time = 39190
resize_1_num = 11
resize_2_num = 640
insert all over
time_consumption of search is 26875
This test insert number is :100000
This test radio is:3
insert begin 
time_consumption of insert is 91813
resize_time = 39474
resize_1_num = 11
resize_2_num = 640
insert all over
time_consumption of search is 26686
This test insert number is :100000
This test radio is:3
insert begin 
time_consumption of insert is 91306
resize_time = 39202
resize_1_num = 11
resize_2_num = 640
insert all over
time_consumption of search is 26588
This test insert number is :100000
This test radio is:3
insert begin 
time_consumption of insert is 142640
resize_time = 53856
resize_1_num = 11
resize_2_num = 640
insert all over
time_consumption of search is 33404
This test insert number is :100000
This test radio is:3
insert begin 
time_consumption of insert is 142416
resize_time = 53623
resize_1_num = 11
resize_2_num = 640
insert all over
time_consumption of search is 33313
This test insert number is :100000
This test radio is:4
insert begin 
time_consumption of insert is 140860
resize_time = 53469
resize_1_num = 12
resize_2_num = 639
insert all over
time_consumption of search is 32460
This test insert number is :100000
This test radio is:4
insert begin 
time_consumption of insert is 140427
resize_time = 53081
resize_1_num = 12
resize_2_num = 639
insert all over
time_consumption of search is 32384
This test insert number is :100000
This test radio is:4
insert begin 
time_consumption of insert is 140443
resize_time = 53260
resize_1_num = 12
resize_2_num = 639
insert all over
time_consumption of search is 32384
This test insert number is :100000
This test radio is:4
insert begin 
time_consumption of insert is 140641
resize_time = 53276
resize_1_num = 12
resize_2_num = 639
insert all over
time_consumption of search is 31952
This test insert number is :100000
This test radio is:4
insert begin 
time_consumption of insert is 140514
resize_time = 53174
resize_1_num = 12
resize_2_num = 639
insert all over
time_consumption of search is 32258
This test insert number is :100000
This test radio is:4
insert begin 
time_consumption of insert is 140267
resize_time = 53167
resize_1_num = 12
resize_2_num = 639
insert all over
time_consumption of search is 32109
This test insert number is :100000
This test radio is:4
insert begin 
time_consumption of insert is 140267
resize_time = 53047
resize_1_num = 12
resize_2_num = 639
insert all over
time_consumption of search is 32127
This test insert number is :100000
This test radio is:4
insert begin 
time_consumption of insert is 91635
resize_time = 39179
resize_1_num = 12
resize_2_num = 639
insert all over
time_consumption of search is 26310
This test insert number is :100000
This test radio is:4
insert begin 
time_consumption of insert is 140516
resize_time = 53259
resize_1_num = 12
resize_2_num = 639
insert all over
time_consumption of search is 32413
This test insert number is :100000
This test radio is:4
insert begin 
time_consumption of insert is 140692
resize_time = 53263
resize_1_num = 12
resize_2_num = 639
insert all over
time_consumption of search is 32288
This test insert number is :100000
This test radio is:5
insert begin 
time_consumption of insert is 139817
resize_time = 52048
resize_1_num = 12
resize_2_num = 626
insert all over
time_consumption of search is 31233
This test insert number is :100000
This test radio is:5
insert begin 
time_consumption of insert is 140030
resize_time = 52184
resize_1_num = 12
resize_2_num = 626
insert all over
time_consumption of search is 31398
This test insert number is :100000
This test radio is:5
insert begin 
time_consumption of insert is 139854
resize_time = 52021
resize_1_num = 12
resize_2_num = 626
insert all over
time_consumption of search is 31111
This test insert number is :100000
This test radio is:5
insert begin 
time_consumption of insert is 140196
resize_time = 52143
resize_1_num = 12
resize_2_num = 626
insert all over
time_consumption of search is 31032
This test insert number is :100000
This test radio is:5
insert begin 
time_consumption of insert is 139887
resize_time = 51861
resize_1_num = 12
resize_2_num = 626
insert all over
time_consumption of search is 31290
This test insert number is :100000
This test radio is:5
insert begin 
time_consumption of insert is 93835
resize_time = 41523
resize_1_num = 12
resize_2_num = 626
insert all over
time_consumption of search is 24858
This test insert number is :100000
This test radio is:5
insert begin 
time_consumption of insert is 91563
resize_time = 38774
resize_1_num = 12
resize_2_num = 626
insert all over
time_consumption of search is 25020
This test insert number is :100000
This test radio is:5
insert begin 
time_consumption of insert is 91075
resize_time = 38633
resize_1_num = 12
resize_2_num = 626
insert all over
time_consumption of search is 25441
This test insert number is :100000
This test radio is:5
insert begin 
time_consumption of insert is 140017
resize_time = 52241
resize_1_num = 12
resize_2_num = 626
insert all over
time_consumption of search is 31061
This test insert number is :100000
This test radio is:5
insert begin 
time_consumption of insert is 140267
resize_time = 52510
resize_1_num = 12
resize_2_num = 626
insert all over
time_consumption of search is 31445
This test insert number is :100000
This test radio is:6
insert begin 
time_consumption of insert is 140915
resize_time = 52476
resize_1_num = 10
resize_2_num = 639
insert all over
time_consumption of search is 30145
This test insert number is :100000
This test radio is:6
insert begin 
time_consumption of insert is 140796
resize_time = 52332
resize_1_num = 10
resize_2_num = 639
insert all over
time_consumption of search is 30465
This test insert number is :100000
This test radio is:6
insert begin 
time_consumption of insert is 141368
resize_time = 52633
resize_1_num = 10
resize_2_num = 639
insert all over
time_consumption of search is 30059
This test insert number is :100000
This test radio is:6
insert begin 
time_consumption of insert is 93478
resize_time = 41452
resize_1_num = 10
resize_2_num = 639
insert all over
time_consumption of search is 24241
This test insert number is :100000
This test radio is:6
insert begin 
time_consumption of insert is 141113
resize_time = 52561
resize_1_num = 10
resize_2_num = 639
insert all over
time_consumption of search is 30345
This test insert number is :100000
This test radio is:6
insert begin 
time_consumption of insert is 141001
resize_time = 52505
resize_1_num = 10
resize_2_num = 639
insert all over
time_consumption of search is 30239
This test insert number is :100000
This test radio is:6
insert begin 
time_consumption of insert is 141400
resize_time = 52876
resize_1_num = 10
resize_2_num = 639
insert all over
time_consumption of search is 30042
This test insert number is :100000
This test radio is:6
insert begin 
time_consumption of insert is 141470
resize_time = 52767
resize_1_num = 10
resize_2_num = 639
insert all over
time_consumption of search is 30308
This test insert number is :100000
This test radio is:6
insert begin 
time_consumption of insert is 141629
resize_time = 52833
resize_1_num = 10
resize_2_num = 639
insert all over
time_consumption of search is 30285
This test insert number is :100000
This test radio is:6
insert begin 
time_consumption of insert is 94434
resize_time = 41791
resize_1_num = 10
resize_2_num = 639
insert all over
time_consumption of search is 24530
This test insert number is :100000
This test radio is:7
insert begin 
time_consumption of insert is 90774
resize_time = 38514
resize_1_num = 10
resize_2_num = 637
insert all over
time_consumption of search is 23513
This test insert number is :100000
This test radio is:7
insert begin 
time_consumption of insert is 90756
resize_time = 38530
resize_1_num = 10
resize_2_num = 637
insert all over
time_consumption of search is 23198
This test insert number is :100000
This test radio is:7
insert begin 
time_consumption of insert is 91627
resize_time = 39012
resize_1_num = 10
resize_2_num = 637
insert all over
time_consumption of search is 23027
This test insert number is :100000
This test radio is:7
insert begin 
time_consumption of insert is 90584
resize_time = 38488
resize_1_num = 10
resize_2_num = 637
insert all over
time_consumption of search is 23833
This test insert number is :100000
This test radio is:7
insert begin 
time_consumption of insert is 142032
resize_time = 52628
resize_1_num = 10
resize_2_num = 637
insert all over
time_consumption of search is 28881
This test insert number is :100000
This test radio is:7
insert begin 
time_consumption of insert is 142063
resize_time = 52710
resize_1_num = 10
resize_2_num = 637
insert all over
time_consumption of search is 28899
This test insert number is :100000
This test radio is:7
insert begin 
time_consumption of insert is 142221
resize_time = 52755
resize_1_num = 10
resize_2_num = 637
insert all over
time_consumption of search is 29065
This test insert number is :100000
This test radio is:7
insert begin 
time_consumption of insert is 142099
resize_time = 52661
resize_1_num = 10
resize_2_num = 637
insert all over
time_consumption of search is 28948
This test insert number is :100000
This test radio is:7
insert begin 
time_consumption of insert is 141886
resize_time = 52589
resize_1_num = 10
resize_2_num = 637
insert all over
time_consumption of search is 28811
This test insert number is :100000
This test radio is:7
insert begin 
time_consumption of insert is 141839
resize_time = 52467
resize_1_num = 10
resize_2_num = 637
insert all over
time_consumption of search is 29024
This test insert number is :100000
This test radio is:8
insert begin 
time_consumption of insert is 140456
resize_time = 52452
resize_1_num = 11
resize_2_num = 631
insert all over
time_consumption of search is 27715
This test insert number is :100000
This test radio is:8
insert begin 
time_consumption of insert is 140636
resize_time = 52520
resize_1_num = 11
resize_2_num = 631
insert all over
time_consumption of search is 27884
This test insert number is :100000
This test radio is:8
insert begin 
time_consumption of insert is 140281
resize_time = 52294
resize_1_num = 11
resize_2_num = 631
insert all over
time_consumption of search is 27866
This test insert number is :100000
This test radio is:8
insert begin 
time_consumption of insert is 140665
resize_time = 52436
resize_1_num = 11
resize_2_num = 631
insert all over
time_consumption of search is 27704
This test insert number is :100000
This test radio is:8
insert begin 
time_consumption of insert is 140582
resize_time = 52522
resize_1_num = 11
resize_2_num = 631
insert all over
time_consumption of search is 27866
This test insert number is :100000
This test radio is:8
insert begin 
time_consumption of insert is 140900
resize_time = 52615
resize_1_num = 11
resize_2_num = 631
insert all over
time_consumption of search is 27702
This test insert number is :100000
This test radio is:8
insert begin 
time_consumption of insert is 141032
resize_time = 52639
resize_1_num = 11
resize_2_num = 631
insert all over
time_consumption of search is 27878
This test insert number is :100000
This test radio is:8
insert begin 
time_consumption of insert is 140261
resize_time = 52180
resize_1_num = 11
resize_2_num = 631
insert all over
time_consumption of search is 27850
This test insert number is :100000
This test radio is:8
insert begin 
time_consumption of insert is 140634
resize_time = 52581
resize_1_num = 11
resize_2_num = 631
insert all over
time_consumption of search is 27863
This test insert number is :100000
This test radio is:8
insert begin 
time_consumption of insert is 140071
resize_time = 52040
resize_1_num = 11
resize_2_num = 631
insert all over
time_consumption of search is 27881
This test insert number is :100000
This test radio is:9
insert begin 
time_consumption of insert is 173832
resize_time = 65718
resize_1_num = 10
resize_2_num = 642
insert all over
time_consumption of search is 49159
This test insert number is :100000
This test radio is:9
insert begin 
time_consumption of insert is 117384
resize_time = 50264
resize_1_num = 10
resize_2_num = 642
insert all over
time_consumption of search is 40677
This test insert number is :100000
This test radio is:9
insert begin 
time_consumption of insert is 117020
resize_time = 49760
resize_1_num = 10
resize_2_num = 642
insert all over
time_consumption of search is 40588
This test insert number is :100000
This test radio is:9
insert begin 
time_consumption of insert is 116351
resize_time = 49611
resize_1_num = 10
resize_2_num = 642
insert all over
time_consumption of search is 40292
This test insert number is :100000
This test radio is:9
insert begin 
time_consumption of insert is 124193
resize_time = 52491
resize_1_num = 10
resize_2_num = 642
insert all over
time_consumption of search is 49554
This test insert number is :100000
This test radio is:9
insert begin 
time_consumption of insert is 117255
resize_time = 49819
resize_1_num = 10
resize_2_num = 642
insert all over
time_consumption of search is 40431
This test insert number is :100000
This test radio is:9
insert begin 
time_consumption of insert is 118436
resize_time = 51173
resize_1_num = 10
resize_2_num = 642
insert all over
time_consumption of search is 40464
This test insert number is :100000
This test radio is:9
insert begin 
time_consumption of insert is 116708
resize_time = 49729
resize_1_num = 10
resize_2_num = 642
insert all over
time_consumption of search is 40493
This test insert number is :100000
This test radio is:9
insert begin 
time_consumption of insert is 117362
resize_time = 49972
resize_1_num = 10
resize_2_num = 642
insert all over
time_consumption of search is 40468
This test insert number is :100000
This test radio is:9
insert begin 
time_consumption of insert is 117153
resize_time = 49883
resize_1_num = 10
resize_2_num = 642
insert all over
time_consumption of search is 40522
This test insert number is :100000
This test radio is:10
insert begin 
time_consumption of insert is 176001
resize_time = 67193
resize_1_num = 11
resize_2_num = 640
insert all over
time_consumption of search is 50730
This test insert number is :100000
This test radio is:10
insert begin 
time_consumption of insert is 177029
resize_time = 67206
resize_1_num = 11
resize_2_num = 640
insert all over
time_consumption of search is 49172
This test insert number is :100000
This test radio is:10
insert begin 
time_consumption of insert is 176106
resize_time = 67043
resize_1_num = 11
resize_2_num = 640
insert all over
time_consumption of search is 50373
This test insert number is :100000
This test radio is:10
insert begin 
time_consumption of insert is 175449
resize_time = 67076
resize_1_num = 11
resize_2_num = 640
insert all over
time_consumption of search is 50758
This test insert number is :100000
This test radio is:10
insert begin 
time_consumption of insert is 175532
resize_time = 66947
resize_1_num = 11
resize_2_num = 640
insert all over
time_consumption of search is 50518
This test insert number is :100000
This test radio is:10
insert begin 
time_consumption of insert is 120847
resize_time = 53477
resize_1_num = 11
resize_2_num = 640
insert all over
time_consumption of search is 41418
This test insert number is :100000
This test radio is:10
insert begin 
time_consumption of insert is 175572
resize_time = 67055
resize_1_num = 11
resize_2_num = 640
insert all over
time_consumption of search is 50427
This test insert number is :100000
This test radio is:10
insert begin 
time_consumption of insert is 118085
resize_time = 50579
resize_1_num = 11
resize_2_num = 640
insert all over
time_consumption of search is 41391
This test insert number is :100000
This test radio is:10
insert begin 
time_consumption of insert is 175969
resize_time = 67316
resize_1_num = 11
resize_2_num = 640
insert all over
time_consumption of search is 50533
This test insert number is :100000
This test radio is:10
insert begin 
time_consumption of insert is 153711
resize_time = 61786
resize_1_num = 11
resize_2_num = 640
insert all over
time_consumption of search is 50544
