This test insert number is :10000
This test radio is:1
insert begin 
time_consumption of insert is 13767
resize_time = 5905
resize_1_num = 6
resize_2_num = 60
insert all over
time_consumption of search is 3242
This test insert number is :10000
This test radio is:1
insert begin 
time_consumption of insert is 9169
resize_time = 4416
resize_1_num = 6
resize_2_num = 60
insert all over
time_consumption of search is 2524
This test insert number is :10000
This test radio is:1
insert begin 
time_consumption of insert is 10002
resize_time = 4731
resize_1_num = 6
resize_2_num = 60
insert all over
time_consumption of search is 2617
This test insert number is :10000
This test radio is:1
insert begin 
time_consumption of insert is 10151
resize_time = 4947
resize_1_num = 6
resize_2_num = 60
insert all over
time_consumption of search is 2540
This test insert number is :10000
This test radio is:1
insert begin 
time_consumption of insert is 9676
resize_time = 4654
resize_1_num = 6
resize_2_num = 60
insert all over
time_consumption of search is 2583
This test insert number is :10000
This test radio is:1
insert begin 
time_consumption of insert is 9968
resize_time = 4901
resize_1_num = 6
resize_2_num = 60
insert all over
time_consumption of search is 2597
This test insert number is :10000
This test radio is:1
insert begin 
time_consumption of insert is 9865
resize_time = 4741
resize_1_num = 6
resize_2_num = 60
insert all over
time_consumption of search is 2568
This test insert number is :10000
This test radio is:1
insert begin 
time_consumption of insert is 9634
resize_time = 4599
resize_1_num = 6
resize_2_num = 60
insert all over
time_consumption of search is 2561
This test insert number is :10000
This test radio is:1
insert begin 
time_consumption of insert is 10039
resize_time = 4844
resize_1_num = 6
resize_2_num = 60
insert all over
time_consumption of search is 2528
This test insert number is :10000
This test radio is:1
insert begin 
time_consumption of insert is 13743
resize_time = 5820
resize_1_num = 6
resize_2_num = 60
insert all over
time_consumption of search is 3230
This test insert number is :10000
This test radio is:2
insert begin 
time_consumption of insert is 14475
resize_time = 6045
resize_1_num = 7
resize_2_num = 57
insert all over
time_consumption of search is 3006
This test insert number is :10000
This test radio is:2
insert begin 
time_consumption of insert is 14360
resize_time = 5904
resize_1_num = 7
resize_2_num = 57
insert all over
time_consumption of search is 3021
This test insert number is :10000
This test radio is:2
insert begin 
time_consumption of insert is 13785
resize_time = 5558
resize_1_num = 7
resize_2_num = 57
insert all over
time_consumption of search is 3022
This test insert number is :10000
This test radio is:2
insert begin 
time_consumption of insert is 13814
resize_time = 5584
resize_1_num = 7
resize_2_num = 57
insert all over
time_consumption of search is 3008
This test insert number is :10000
This test radio is:2
insert begin 
time_consumption of insert is 14916
resize_time = 6207
resize_1_num = 7
resize_2_num = 57
insert all over
time_consumption of search is 3009
This test insert number is :10000
This test radio is:2
insert begin 
time_consumption of insert is 13907
resize_time = 5678
resize_1_num = 7
resize_2_num = 57
insert all over
time_consumption of search is 3053
This test insert number is :10000
This test radio is:2
insert begin 
time_consumption of insert is 14006
resize_time = 5711
resize_1_num = 7
resize_2_num = 57
insert all over
time_consumption of search is 3029
This test insert number is :10000
This test radio is:2
insert begin 
time_consumption of insert is 11258
resize_time = 5469
resize_1_num = 7
resize_2_num = 57
insert all over
time_consumption of search is 2475
This test insert number is :10000
This test radio is:2
insert begin 
time_consumption of insert is 13821
resize_time = 5599
resize_1_num = 7
resize_2_num = 57
insert all over
time_consumption of search is 3052
This test insert number is :10000
This test radio is:2
insert begin 
time_consumption of insert is 10179
resize_time = 5031
resize_1_num = 7
resize_2_num = 57
insert all over
time_consumption of search is 2393
This test insert number is :10000
This test radio is:3
insert begin 
time_consumption of insert is 8746
resize_time = 4040
resize_1_num = 6
resize_2_num = 51
insert all over
time_consumption of search is 2295
This test insert number is :10000
This test radio is:3
insert begin 
time_consumption of insert is 8698
resize_time = 4003
resize_1_num = 6
resize_2_num = 51
insert all over
time_consumption of search is 2292
This test insert number is :10000
This test radio is:3
insert begin 
time_consumption of insert is 9310
resize_time = 4274
resize_1_num = 6
resize_2_num = 51
insert all over
time_consumption of search is 2273
This test insert number is :10000
This test radio is:3
insert begin 
time_consumption of insert is 9977
resize_time = 4534
resize_1_num = 6
resize_2_num = 51
insert all over
time_consumption of search is 2490
This test insert number is :10000
This test radio is:3
insert begin 
time_consumption of insert is 8733
resize_time = 4038
resize_1_num = 6
resize_2_num = 51
insert all over
time_consumption of search is 2289
This test insert number is :10000
This test radio is:3
insert begin 
time_consumption of insert is 9078
resize_time = 4244
resize_1_num = 6
resize_2_num = 51
insert all over
time_consumption of search is 2261
This test insert number is :10000
This test radio is:3
insert begin 
time_consumption of insert is 9197
resize_time = 4240
resize_1_num = 6
resize_2_num = 51
insert all over
time_consumption of search is 2292
This test insert number is :10000
This test radio is:3
insert begin 
time_consumption of insert is 8764
resize_time = 4046
resize_1_num = 6
resize_2_num = 51
insert all over
time_consumption of search is 2282
This test insert number is :10000
This test radio is:3
insert begin 
time_consumption of insert is 12946
resize_time = 5108
resize_1_num = 6
resize_2_num = 51
insert all over
time_consumption of search is 2885
This test insert number is :10000
This test radio is:3
insert begin 
time_consumption of insert is 12925
resize_time = 5078
resize_1_num = 6
resize_2_num = 51
insert all over
time_consumption of search is 2912
This test insert number is :10000
This test radio is:4
insert begin 
time_consumption of insert is 13674
resize_time = 5501
resize_1_num = 6
resize_2_num = 61
insert all over
time_consumption of search is 2934
This test insert number is :10000
This test radio is:4
insert begin 
time_consumption of insert is 14201
resize_time = 5795
resize_1_num = 6
resize_2_num = 61
insert all over
time_consumption of search is 2990
This test insert number is :10000
This test radio is:4
insert begin 
time_consumption of insert is 13730
resize_time = 5529
resize_1_num = 6
resize_2_num = 61
insert all over
time_consumption of search is 2948
This test insert number is :10000
This test radio is:4
insert begin 
time_consumption of insert is 13706
resize_time = 5518
resize_1_num = 6
resize_2_num = 61
insert all over
time_consumption of search is 2976
This test insert number is :10000
This test radio is:4
insert begin 
time_consumption of insert is 13795
resize_time = 5565
resize_1_num = 6
resize_2_num = 61
insert all over
time_consumption of search is 2954
This test insert number is :10000
This test radio is:4
insert begin 
time_consumption of insert is 15310
resize_time = 6384
resize_1_num = 6
resize_2_num = 61
insert all over
time_consumption of search is 2906
This test insert number is :10000
This test radio is:4
insert begin 
time_consumption of insert is 13724
resize_time = 5523
resize_1_num = 6
resize_2_num = 61
insert all over
time_consumption of search is 2987
This test insert number is :10000
This test radio is:4
insert begin 
time_consumption of insert is 9638
resize_time = 4650
resize_1_num = 6
resize_2_num = 61
insert all over
time_consumption of search is 2361
This test insert number is :10000
This test radio is:4
insert begin 
time_consumption of insert is 13884
resize_time = 5611
resize_1_num = 6
resize_2_num = 61
insert all over
time_consumption of search is 2978
This test insert number is :10000
This test radio is:4
insert begin 
time_consumption of insert is 15586
resize_time = 6429
resize_1_num = 6
resize_2_num = 61
insert all over
time_consumption of search is 2968
This test insert number is :10000
This test radio is:5
insert begin 
time_consumption of insert is 13588
resize_time = 5465
resize_1_num = 6
resize_2_num = 59
insert all over
time_consumption of search is 2884
This test insert number is :10000
This test radio is:5
insert begin 
time_consumption of insert is 13694
resize_time = 5525
resize_1_num = 6
resize_2_num = 59
insert all over
time_consumption of search is 2908
This test insert number is :10000
This test radio is:5
insert begin 
time_consumption of insert is 13582
resize_time = 5503
resize_1_num = 6
resize_2_num = 59
insert all over
time_consumption of search is 2903
This test insert number is :10000
This test radio is:5
insert begin 
time_consumption of insert is 13609
resize_time = 5506
resize_1_num = 6
resize_2_num = 59
insert all over
time_consumption of search is 2860
This test insert number is :10000
This test radio is:5
insert begin 
time_consumption of insert is 14053
resize_time = 5754
resize_1_num = 6
resize_2_num = 59
insert all over
time_consumption of search is 2881
This test insert number is :10000
This test radio is:5
insert begin 
time_consumption of insert is 13611
resize_time = 5504
resize_1_num = 6
resize_2_num = 59
insert all over
time_consumption of search is 2881
This test insert number is :10000
This test radio is:5
insert begin 
time_consumption of insert is 9062
resize_time = 4244
resize_1_num = 6
resize_2_num = 59
insert all over
time_consumption of search is 2284
This test insert number is :10000
This test radio is:5
insert begin 
time_consumption of insert is 9514
resize_time = 4548
resize_1_num = 6
resize_2_num = 59
insert all over
time_consumption of search is 2302
This test insert number is :10000
This test radio is:5
insert begin 
time_consumption of insert is 13684
resize_time = 5611
resize_1_num = 6
resize_2_num = 59
insert all over
time_consumption of search is 2887
This test insert number is :10000
This test radio is:5
insert begin 
time_consumption of insert is 13742
resize_time = 5641
resize_1_num = 6
resize_2_num = 59
insert all over
time_consumption of search is 2886
This test insert number is :10000
This test radio is:6
insert begin 
time_consumption of insert is 14172
resize_time = 6174
resize_1_num = 7
resize_2_num = 60
insert all over
time_consumption of search is 2776
This test insert number is :10000
This test radio is:6
insert begin 
time_consumption of insert is 13969
resize_time = 5899
resize_1_num = 7
resize_2_num = 60
insert all over
time_consumption of search is 2773
This test insert number is :10000
This test radio is:6
insert begin 
time_consumption of insert is 16033
resize_time = 7125
resize_1_num = 7
resize_2_num = 60
insert all over
time_consumption of search is 2809
This test insert number is :10000
This test radio is:6
insert begin 
time_consumption of insert is 14466
resize_time = 6349
resize_1_num = 7
resize_2_num = 60
insert all over
time_consumption of search is 2775
This test insert number is :10000
This test radio is:6
insert begin 
time_consumption of insert is 14042
resize_time = 6044
resize_1_num = 7
resize_2_num = 60
insert all over
time_consumption of search is 2788
This test insert number is :10000
This test radio is:6
insert begin 
time_consumption of insert is 14623
resize_time = 6320
resize_1_num = 7
resize_2_num = 60
insert all over
time_consumption of search is 2819
This test insert number is :10000
This test radio is:6
insert begin 
time_consumption of insert is 16557
resize_time = 7313
resize_1_num = 7
resize_2_num = 60
insert all over
time_consumption of search is 2863
This test insert number is :10000
This test radio is:6
insert begin 
time_consumption of insert is 14075
resize_time = 6133
resize_1_num = 7
resize_2_num = 60
insert all over
time_consumption of search is 2804
This test insert number is :10000
This test radio is:6
insert begin 
time_consumption of insert is 14045
resize_time = 6049
resize_1_num = 7
resize_2_num = 60
insert all over
time_consumption of search is 2785
This test insert number is :10000
This test radio is:6
insert begin 
time_consumption of insert is 9968
resize_time = 5086
resize_1_num = 7
resize_2_num = 60
insert all over
time_consumption of search is 2212
This test insert number is :10000
This test radio is:7
insert begin 
time_consumption of insert is 10814
resize_time = 5173
resize_1_num = 7
resize_2_num = 55
insert all over
time_consumption of search is 2182
This test insert number is :10000
This test radio is:7
insert begin 
time_consumption of insert is 9770
resize_time = 4700
resize_1_num = 7
resize_2_num = 55
insert all over
time_consumption of search is 2058
This test insert number is :10000
This test radio is:7
insert begin 
time_consumption of insert is 11703
resize_time = 5499
resize_1_num = 7
resize_2_num = 55
insert all over
time_consumption of search is 2084
This test insert number is :10000
This test radio is:7
insert begin 
time_consumption of insert is 12002
resize_time = 5698
resize_1_num = 7
resize_2_num = 55
insert all over
time_consumption of search is 2187
This test insert number is :10000
This test radio is:7
insert begin 
time_consumption of insert is 14071
resize_time = 5909
resize_1_num = 7
resize_2_num = 55
insert all over
time_consumption of search is 2597
This test insert number is :10000
This test radio is:7
insert begin 
time_consumption of insert is 13441
resize_time = 5522
resize_1_num = 7
resize_2_num = 55
insert all over
time_consumption of search is 2576
This test insert number is :10000
This test radio is:7
insert begin 
time_consumption of insert is 13671
resize_time = 5689
resize_1_num = 7
resize_2_num = 55
insert all over
time_consumption of search is 2555
This test insert number is :10000
This test radio is:7
insert begin 
time_consumption of insert is 15753
resize_time = 6788
resize_1_num = 7
resize_2_num = 55
insert all over
time_consumption of search is 2573
This test insert number is :10000
This test radio is:7
insert begin 
time_consumption of insert is 15187
resize_time = 6575
resize_1_num = 7
resize_2_num = 55
insert all over
time_consumption of search is 2558
This test insert number is :10000
This test radio is:7
insert begin 
time_consumption of insert is 13680
resize_time = 5703
resize_1_num = 7
resize_2_num = 55
insert all over
time_consumption of search is 2574
This test insert number is :10000
This test radio is:8
insert begin 
time_consumption of insert is 14944
resize_time = 6139
resize_1_num = 6
resize_2_num = 53
insert all over
time_consumption of search is 2471
This test insert number is :10000
This test radio is:8
insert begin 
time_consumption of insert is 13180
resize_time = 5219
resize_1_num = 6
resize_2_num = 53
insert all over
time_consumption of search is 2489
This test insert number is :10000
This test radio is:8
insert begin 
time_consumption of insert is 13190
resize_time = 5244
resize_1_num = 6
resize_2_num = 53
insert all over
time_consumption of search is 2530
This test insert number is :10000
This test radio is:8
insert begin 
time_consumption of insert is 13190
resize_time = 5214
resize_1_num = 6
resize_2_num = 53
insert all over
time_consumption of search is 2499
This test insert number is :10000
This test radio is:8
insert begin 
time_consumption of insert is 13179
resize_time = 5200
resize_1_num = 6
resize_2_num = 53
insert all over
time_consumption of search is 2528
This test insert number is :10000
This test radio is:8
insert begin 
time_consumption of insert is 13214
resize_time = 5263
resize_1_num = 6
resize_2_num = 53
insert all over
time_consumption of search is 2467
This test insert number is :10000
This test radio is:8
insert begin 
time_consumption of insert is 13202
resize_time = 5249
resize_1_num = 6
resize_2_num = 53
insert all over
time_consumption of search is 2494
This test insert number is :10000
This test radio is:8
insert begin 
time_consumption of insert is 13160
resize_time = 5209
resize_1_num = 6
resize_2_num = 53
insert all over
time_consumption of search is 2477
This test insert number is :10000
This test radio is:8
insert begin 
time_consumption of insert is 13662
resize_time = 5460
resize_1_num = 6
resize_2_num = 53
insert all over
time_consumption of search is 2491
This test insert number is :10000
This test radio is:8
insert begin 
time_consumption of insert is 13179
resize_time = 5210
resize_1_num = 6
resize_2_num = 53
insert all over
time_consumption of search is 2487
This test insert number is :10000
This test radio is:9
insert begin 
time_consumption of insert is 17437
resize_time = 7801
resize_1_num = 7
resize_2_num = 61
insert all over
time_consumption of search is 3313
This test insert number is :10000
This test radio is:9
insert begin 
time_consumption of insert is 11731
resize_time = 5820
resize_1_num = 7
resize_2_num = 61
insert all over
time_consumption of search is 2761
This test insert number is :10000
This test radio is:9
insert begin 
time_consumption of insert is 11678
resize_time = 5759
resize_1_num = 7
resize_2_num = 61
insert all over
time_consumption of search is 2762
This test insert number is :10000
This test radio is:9
insert begin 
time_consumption of insert is 11712
resize_time = 5771
resize_1_num = 7
resize_2_num = 61
insert all over
time_consumption of search is 2713
This test insert number is :10000
This test radio is:9
insert begin 
time_consumption of insert is 11698
resize_time = 5754
resize_1_num = 7
resize_2_num = 61
insert all over
time_consumption of search is 2809
This test insert number is :10000
This test radio is:9
insert begin 
time_consumption of insert is 11704
resize_time = 5822
resize_1_num = 7
resize_2_num = 61
insert all over
time_consumption of search is 2814
This test insert number is :10000
This test radio is:9
insert begin 
time_consumption of insert is 11727
resize_time = 5876
resize_1_num = 7
resize_2_num = 61
insert all over
time_consumption of search is 2822
This test insert number is :10000
This test radio is:9
insert begin 
time_consumption of insert is 11655
resize_time = 5788
resize_1_num = 7
resize_2_num = 61
insert all over
time_consumption of search is 2760
This test insert number is :10000
This test radio is:9
insert begin 
time_consumption of insert is 11660
resize_time = 5792
resize_1_num = 7
resize_2_num = 61
insert all over
time_consumption of search is 2810
This test insert number is :10000
This test radio is:9
insert begin 
time_consumption of insert is 11664
resize_time = 5773
resize_1_num = 7
resize_2_num = 61
insert all over
time_consumption of search is 2732
This test insert number is :10000
This test radio is:10
insert begin 
time_consumption of insert is 17327
resize_time = 7473
resize_1_num = 7
resize_2_num = 59
insert all over
time_consumption of search is 3414
This test insert number is :10000
This test radio is:10
insert begin 
time_consumption of insert is 11739
resize_time = 5792
resize_1_num = 7
resize_2_num = 59
insert all over
time_consumption of search is 2684
This test insert number is :10000
This test radio is:10
insert begin 
time_consumption of insert is 17196
resize_time = 7343
resize_1_num = 7
resize_2_num = 59
insert all over
time_consumption of search is 3393
This test insert number is :10000
This test radio is:10
insert begin 
time_consumption of insert is 17226
resize_time = 7431
resize_1_num = 7
resize_2_num = 59
insert all over
time_consumption of search is 3309
This test insert number is :10000
This test radio is:10
insert begin 
time_consumption of insert is 17328
resize_time = 7396
resize_1_num = 7
resize_2_num = 59
insert all over
time_consumption of search is 3347
This test insert number is :10000
This test radio is:10
insert begin 
time_consumption of insert is 11942
resize_time = 6037
resize_1_num = 7
resize_2_num = 59
insert all over
time_consumption of search is 2704
This test insert number is :10000
This test radio is:10
insert begin 
time_consumption of insert is 11439
resize_time = 5459
resize_1_num = 7
resize_2_num = 59
insert all over
time_consumption of search is 3486
This test insert number is :10000
This test radio is:10
insert begin 
time_consumption of insert is 11508
resize_time = 5542
resize_1_num = 7
resize_2_num = 59
insert all over
time_consumption of search is 2751
This test insert number is :10000
This test radio is:10
insert begin 
time_consumption of insert is 17268
resize_time = 7393
resize_1_num = 7
resize_2_num = 59
insert all over
time_consumption of search is 3409
This test insert number is :10000
This test radio is:10
insert begin 
time_consumption of insert is 12091
resize_time = 6032
resize_1_num = 7
resize_2_num = 59
insert all over
time_consumption of search is 2781
