This test insert number is :10000000
This test radio is:1
insert begin 
time_consumption of insert is 15563001
resize_time = 5551640
resize_1_num = 19
resize_2_num = 67500
insert all over
time_consumption of search is 6118888
This test insert number is :10000000
This test radio is:1
insert begin 
time_consumption of insert is 10477666
resize_time = 4290697
resize_1_num = 19
resize_2_num = 67500
insert all over
time_consumption of search is 4862996
This test insert number is :10000000
This test radio is:1
insert begin 
time_consumption of insert is 15572564
resize_time = 5551292
resize_1_num = 19
resize_2_num = 67500
insert all over
time_consumption of search is 6118060
This test insert number is :10000000
This test radio is:1
insert begin 
time_consumption of insert is 10472257
resize_time = 4263136
resize_1_num = 19
resize_2_num = 67500
insert all over
time_consumption of search is 4868414
This test insert number is :10000000
This test radio is:1
insert begin 
time_consumption of insert is 10205824
resize_time = 4004121
resize_1_num = 19
resize_2_num = 67500
insert all over
time_consumption of search is 4870861
This test insert number is :10000000
This test radio is:1
insert begin 
time_consumption of insert is 10213365
resize_time = 4008199
resize_1_num = 19
resize_2_num = 67500
insert all over
time_consumption of search is 4863805
This test insert number is :10000000
This test radio is:1
insert begin 
time_consumption of insert is 10230238
resize_time = 4007100
resize_1_num = 19
resize_2_num = 67500
insert all over
time_consumption of search is 4860480
This test insert number is :10000000
This test radio is:1
insert begin 
time_consumption of insert is 10212585
resize_time = 4000105
resize_1_num = 19
resize_2_num = 67500
insert all over
time_consumption of search is 4860699
This test insert number is :10000000
This test radio is:1
insert begin 
time_consumption of insert is 10224527
resize_time = 4007745
resize_1_num = 19
resize_2_num = 67500
insert all over
time_consumption of search is 4870068
This test insert number is :10000000
This test radio is:1
insert begin 
time_consumption of insert is 15577417
resize_time = 5561351
resize_1_num = 19
resize_2_num = 67500
insert all over
time_consumption of search is 6126158
This test insert number is :10000000
This test radio is:2
insert begin 
time_consumption of insert is 15610626
resize_time = 5572712
resize_1_num = 19
resize_2_num = 67671
insert all over
time_consumption of search is 6027959
This test insert number is :10000000
This test radio is:2
insert begin 
time_consumption of insert is 15610150
resize_time = 5566594
resize_1_num = 19
resize_2_num = 67671
insert all over
time_consumption of search is 6030811
This test insert number is :10000000
This test radio is:2
insert begin 
time_consumption of insert is 15611014
resize_time = 5572820
resize_1_num = 19
resize_2_num = 67671
insert all over
time_consumption of search is 6040129
This test insert number is :10000000
This test radio is:2
insert begin 
time_consumption of insert is 15608249
resize_time = 5578169
resize_1_num = 19
resize_2_num = 67671
insert all over
time_consumption of search is 6030004
This test insert number is :10000000
This test radio is:2
insert begin 
time_consumption of insert is 15615800
resize_time = 5573022
resize_1_num = 19
resize_2_num = 67671
insert all over
time_consumption of search is 6033019
This test insert number is :10000000
This test radio is:2
insert begin 
time_consumption of insert is 15597240
resize_time = 5569574
resize_1_num = 19
resize_2_num = 67671
insert all over
time_consumption of search is 6033580
This test insert number is :10000000
This test radio is:2
insert begin 
time_consumption of insert is 15623930
resize_time = 5570436
resize_1_num = 19
resize_2_num = 67671
insert all over
time_consumption of search is 6028788
This test insert number is :10000000
This test radio is:2
insert begin 
time_consumption of insert is 10511778
resize_time = 4288388
resize_1_num = 19
resize_2_num = 67671
insert all over
time_consumption of search is 4786508
This test insert number is :10000000
This test radio is:2
insert begin 
time_consumption of insert is 15610003
resize_time = 5573765
resize_1_num = 19
resize_2_num = 67671
insert all over
time_consumption of search is 6035699
This test insert number is :10000000
This test radio is:2
insert begin 
time_consumption of insert is 10490264
resize_time = 4269348
resize_1_num = 19
resize_2_num = 67671
insert all over
time_consumption of search is 4790703
This test insert number is :10000000
This test radio is:3
insert begin 
time_consumption of insert is 11391629
resize_time = 4235893
resize_1_num = 22
resize_2_num = 67490
insert all over
time_consumption of search is 6636594
This test insert number is :10000000
This test radio is:3
insert begin 
time_consumption of insert is 11383777
resize_time = 4230619
resize_1_num = 22
resize_2_num = 67490
insert all over
time_consumption of search is 6631636
This test insert number is :10000000
This test radio is:3
insert begin 
time_consumption of insert is 11390752
resize_time = 4238890
resize_1_num = 22
resize_2_num = 67490
insert all over
time_consumption of search is 6629154
This test insert number is :10000000
This test radio is:3
insert begin 
time_consumption of insert is 11390824
resize_time = 4234728
resize_1_num = 22
resize_2_num = 67490
insert all over
time_consumption of search is 6632328
This test insert number is :10000000
This test radio is:3
insert begin 
time_consumption of insert is 11396507
resize_time = 4237799
resize_1_num = 22
resize_2_num = 67490
insert all over
time_consumption of search is 6632174
This test insert number is :10000000
This test radio is:3
insert begin 
time_consumption of insert is 11377226
resize_time = 4232999
resize_1_num = 22
resize_2_num = 67490
insert all over
time_consumption of search is 6626028
This test insert number is :10000000
This test radio is:3
insert begin 
time_consumption of insert is 11385787
resize_time = 4235439
resize_1_num = 22
resize_2_num = 67490
insert all over
time_consumption of search is 6627775
This test insert number is :10000000
This test radio is:3
insert begin 
time_consumption of insert is 17028877
resize_time = 5863779
resize_1_num = 22
resize_2_num = 67490
insert all over
time_consumption of search is 8055313
This test insert number is :10000000
This test radio is:3
insert begin 
time_consumption of insert is 17026327
resize_time = 5854200
resize_1_num = 22
resize_2_num = 67490
insert all over
time_consumption of search is 8056745
This test insert number is :10000000
This test radio is:3
insert begin 
time_consumption of insert is 17031398
resize_time = 5862475
resize_1_num = 22
resize_2_num = 67490
insert all over
time_consumption of search is 8053802
This test insert number is :10000000
This test radio is:4
insert begin 
time_consumption of insert is 15607812
resize_time = 5543819
resize_1_num = 19
resize_2_num = 67322
insert all over
time_consumption of search is 5841152
This test insert number is :10000000
This test radio is:4
insert begin 
time_consumption of insert is 15610026
resize_time = 5554510
resize_1_num = 19
resize_2_num = 67322
insert all over
time_consumption of search is 5839917
This test insert number is :10000000
This test radio is:4
insert begin 
time_consumption of insert is 15613936
resize_time = 5555795
resize_1_num = 19
resize_2_num = 67322
insert all over
time_consumption of search is 5837055
This test insert number is :10000000
This test radio is:4
insert begin 
time_consumption of insert is 15612651
resize_time = 5554925
resize_1_num = 19
resize_2_num = 67322
insert all over
time_consumption of search is 5847085
This test insert number is :10000000
This test radio is:4
insert begin 
time_consumption of insert is 15610703
resize_time = 5557475
resize_1_num = 19
resize_2_num = 67322
insert all over
time_consumption of search is 5838439
This test insert number is :10000000
This test radio is:4
insert begin 
time_consumption of insert is 15616051
resize_time = 5550844
resize_1_num = 19
resize_2_num = 67322
insert all over
time_consumption of search is 5833961
This test insert number is :10000000
This test radio is:4
insert begin 
time_consumption of insert is 10545044
resize_time = 4284329
resize_1_num = 19
resize_2_num = 67322
insert all over
time_consumption of search is 4677048
This test insert number is :10000000
This test radio is:4
insert begin 
time_consumption of insert is 15610318
resize_time = 5550990
resize_1_num = 19
resize_2_num = 67322
insert all over
time_consumption of search is 5839220
This test insert number is :10000000
This test radio is:4
insert begin 
time_consumption of insert is 15619054
resize_time = 5546146
resize_1_num = 19
resize_2_num = 67322
insert all over
time_consumption of search is 5842815
This test insert number is :10000000
This test radio is:4
insert begin 
time_consumption of insert is 15621314
resize_time = 5552866
resize_1_num = 19
resize_2_num = 67322
insert all over
time_consumption of search is 5837588
This test insert number is :10000000
This test radio is:5
insert begin 
time_consumption of insert is 15528428
resize_time = 5558992
resize_1_num = 19
resize_2_num = 67538
insert all over
time_consumption of search is 5738406
This test insert number is :10000000
This test radio is:5
insert begin 
time_consumption of insert is 15537575
resize_time = 5566949
resize_1_num = 19
resize_2_num = 67538
insert all over
time_consumption of search is 5736805
This test insert number is :10000000
This test radio is:5
insert begin 
time_consumption of insert is 15541235
resize_time = 5556671
resize_1_num = 19
resize_2_num = 67538
insert all over
time_consumption of search is 5738522
This test insert number is :10000000
This test radio is:5
insert begin 
time_consumption of insert is 15520266
resize_time = 5551680
resize_1_num = 19
resize_2_num = 67538
insert all over
time_consumption of search is 5739360
This test insert number is :10000000
This test radio is:5
insert begin 
time_consumption of insert is 15524538
resize_time = 5561896
resize_1_num = 19
resize_2_num = 67538
insert all over
time_consumption of search is 5736993
This test insert number is :10000000
This test radio is:5
insert begin 
time_consumption of insert is 10419402
resize_time = 4255048
resize_1_num = 19
resize_2_num = 67538
insert all over
time_consumption of search is 4611131
This test insert number is :10000000
This test radio is:5
insert begin 
time_consumption of insert is 10168824
resize_time = 3999288
resize_1_num = 19
resize_2_num = 67538
insert all over
time_consumption of search is 4612576
This test insert number is :10000000
This test radio is:5
insert begin 
time_consumption of insert is 10188933
resize_time = 4003097
resize_1_num = 19
resize_2_num = 67538
insert all over
time_consumption of search is 4615504
This test insert number is :10000000
This test radio is:5
insert begin 
time_consumption of insert is 15524553
resize_time = 5556459
resize_1_num = 19
resize_2_num = 67538
insert all over
time_consumption of search is 5743756
This test insert number is :10000000
This test radio is:5
insert begin 
time_consumption of insert is 15562180
resize_time = 5577379
resize_1_num = 19
resize_2_num = 67538
insert all over
time_consumption of search is 5738283
This test insert number is :10000000
This test radio is:6
insert begin 
time_consumption of insert is 15615885
resize_time = 5557722
resize_1_num = 19
resize_2_num = 67434
insert all over
time_consumption of search is 5629291
This test insert number is :10000000
This test radio is:6
insert begin 
time_consumption of insert is 15605737
resize_time = 5554478
resize_1_num = 19
resize_2_num = 67434
insert all over
time_consumption of search is 5630313
This test insert number is :10000000
This test radio is:6
insert begin 
time_consumption of insert is 15618364
resize_time = 5564460
resize_1_num = 19
resize_2_num = 67434
insert all over
time_consumption of search is 5640232
This test insert number is :10000000
This test radio is:6
insert begin 
time_consumption of insert is 15643658
resize_time = 5571342
resize_1_num = 19
resize_2_num = 67434
insert all over
time_consumption of search is 5634168
This test insert number is :10000000
This test radio is:6
insert begin 
time_consumption of insert is 15621426
resize_time = 5563163
resize_1_num = 19
resize_2_num = 67434
insert all over
time_consumption of search is 5635227
This test insert number is :10000000
This test radio is:6
insert begin 
time_consumption of insert is 15632733
resize_time = 5563488
resize_1_num = 19
resize_2_num = 67434
insert all over
time_consumption of search is 5633029
This test insert number is :10000000
This test radio is:6
insert begin 
time_consumption of insert is 15616172
resize_time = 5562903
resize_1_num = 19
resize_2_num = 67434
insert all over
time_consumption of search is 5629912
This test insert number is :10000000
This test radio is:6
insert begin 
time_consumption of insert is 15629383
resize_time = 5562835
resize_1_num = 19
resize_2_num = 67434
insert all over
time_consumption of search is 5633294
This test insert number is :10000000
This test radio is:6
insert begin 
time_consumption of insert is 15620912
resize_time = 5563406
resize_1_num = 19
resize_2_num = 67434
insert all over
time_consumption of search is 5631160
This test insert number is :10000000
This test radio is:6
insert begin 
time_consumption of insert is 10483868
resize_time = 4249397
resize_1_num = 19
resize_2_num = 67434
insert all over
time_consumption of search is 4543118
This test insert number is :10000000
This test radio is:7
insert begin 
time_consumption of insert is 10274659
resize_time = 3994882
resize_1_num = 19
resize_2_num = 67411
insert all over
time_consumption of search is 4485845
This test insert number is :10000000
This test radio is:7
insert begin 
time_consumption of insert is 10279996
resize_time = 4003671
resize_1_num = 19
resize_2_num = 67411
insert all over
time_consumption of search is 4479107
This test insert number is :10000000
This test radio is:7
insert begin 
time_consumption of insert is 10263433
resize_time = 4001570
resize_1_num = 19
resize_2_num = 67411
insert all over
time_consumption of search is 4480215
This test insert number is :10000000
This test radio is:7
insert begin 
time_consumption of insert is 15553567
resize_time = 5510549
resize_1_num = 19
resize_2_num = 67411
insert all over
time_consumption of search is 5480629
This test insert number is :10000000
This test radio is:7
insert begin 
time_consumption of insert is 15637940
resize_time = 5548594
resize_1_num = 19
resize_2_num = 67411
insert all over
time_consumption of search is 5521103
This test insert number is :10000000
This test radio is:7
insert begin 
time_consumption of insert is 15577244
resize_time = 5513487
resize_1_num = 19
resize_2_num = 67411
insert all over
time_consumption of search is 5478049
This test insert number is :10000000
This test radio is:7
insert begin 
time_consumption of insert is 15638900
resize_time = 5560034
resize_1_num = 19
resize_2_num = 67411
insert all over
time_consumption of search is 5535345
This test insert number is :10000000
This test radio is:7
insert begin 
time_consumption of insert is 15640217
resize_time = 5562260
resize_1_num = 19
resize_2_num = 67411
insert all over
time_consumption of search is 5523024
This test insert number is :10000000
This test radio is:7
insert begin 
time_consumption of insert is 15653781
resize_time = 5559768
resize_1_num = 19
resize_2_num = 67411
insert all over
time_consumption of search is 5529126
This test insert number is :10000000
This test radio is:7
insert begin 
time_consumption of insert is 15644519
resize_time = 5556207
resize_1_num = 19
resize_2_num = 67411
insert all over
time_consumption of search is 5521768
This test insert number is :10000000
This test radio is:8
insert begin 
time_consumption of insert is 15737858
resize_time = 5579624
resize_1_num = 19
resize_2_num = 67716
insert all over
time_consumption of search is 5408393
This test insert number is :10000000
This test radio is:8
insert begin 
time_consumption of insert is 15721089
resize_time = 5573884
resize_1_num = 19
resize_2_num = 67716
insert all over
time_consumption of search is 5408583
This test insert number is :10000000
This test radio is:8
insert begin 
time_consumption of insert is 15749755
resize_time = 5563384
resize_1_num = 19
resize_2_num = 67716
insert all over
time_consumption of search is 5405313
This test insert number is :10000000
This test radio is:8
insert begin 
time_consumption of insert is 15722861
resize_time = 5573618
resize_1_num = 19
resize_2_num = 67716
insert all over
time_consumption of search is 5407345
This test insert number is :10000000
This test radio is:8
insert begin 
time_consumption of insert is 15737354
resize_time = 5583336
resize_1_num = 19
resize_2_num = 67716
insert all over
time_consumption of search is 5409372
This test insert number is :10000000
This test radio is:8
insert begin 
time_consumption of insert is 15779313
resize_time = 5597682
resize_1_num = 19
resize_2_num = 67716
insert all over
time_consumption of search is 5415358
This test insert number is :10000000
This test radio is:8
insert begin 
time_consumption of insert is 15752588
resize_time = 5585848
resize_1_num = 19
resize_2_num = 67716
insert all over
time_consumption of search is 5412543
This test insert number is :10000000
This test radio is:8
insert begin 
time_consumption of insert is 15763419
resize_time = 5581453
resize_1_num = 19
resize_2_num = 67716
insert all over
time_consumption of search is 5413235
This test insert number is :10000000
This test radio is:8
insert begin 
time_consumption of insert is 15739978
resize_time = 5572948
resize_1_num = 19
resize_2_num = 67716
insert all over
time_consumption of search is 5412331
This test insert number is :10000000
This test radio is:8
insert begin 
time_consumption of insert is 15753920
resize_time = 5581501
resize_1_num = 19
resize_2_num = 67716
insert all over
time_consumption of search is 7939329
This test insert number is :10000000
This test radio is:9
insert begin 
time_consumption of insert is 18429534
resize_time = 5607322
resize_1_num = 19
resize_2_num = 67607
insert all over
time_consumption of search is 8692222
This test insert number is :10000000
This test radio is:9
insert begin 
time_consumption of insert is 17903060
resize_time = 5295232
resize_1_num = 19
resize_2_num = 67607
insert all over
time_consumption of search is 8677337
This test insert number is :10000000
This test radio is:9
insert begin 
time_consumption of insert is 17717027
resize_time = 5234424
resize_1_num = 19
resize_2_num = 67607
insert all over
time_consumption of search is 8643197
This test insert number is :10000000
This test radio is:9
insert begin 
time_consumption of insert is 19508394
resize_time = 5725848
resize_1_num = 19
resize_2_num = 67607
insert all over
time_consumption of search is 8669878
This test insert number is :10000000
This test radio is:9
insert begin 
time_consumption of insert is 17871134
resize_time = 5284527
resize_1_num = 19
resize_2_num = 67607
insert all over
time_consumption of search is 8643040
This test insert number is :10000000
This test radio is:9
insert begin 
time_consumption of insert is 22860462
resize_time = 6599304
resize_1_num = 19
resize_2_num = 67607
insert all over
time_consumption of search is 8813494
This test insert number is :10000000
This test radio is:9
insert begin 
time_consumption of insert is 17864160
resize_time = 5339038
resize_1_num = 19
resize_2_num = 67607
insert all over
time_consumption of search is 8657527
This test insert number is :10000000
This test radio is:9
insert begin 
time_consumption of insert is 18988318
resize_time = 5591738
resize_1_num = 19
resize_2_num = 67607
insert all over
time_consumption of search is 8648067
This test insert number is :10000000
This test radio is:9
insert begin 
time_consumption of insert is 17684808
resize_time = 5226533
resize_1_num = 19
resize_2_num = 67607
insert all over
time_consumption of search is 8650637
This test insert number is :10000000
This test radio is:9
insert begin 
time_consumption of insert is 23770735
resize_time = 6889666
resize_1_num = 19
resize_2_num = 67607
insert all over
time_consumption of search is 10259071
This test insert number is :10000000
This test radio is:10
insert begin 
time_consumption of insert is 18001111
resize_time = 5439120
resize_1_num = 19
resize_2_num = 67595
insert all over
time_consumption of search is 8679069
This test insert number is :10000000
This test radio is:10
insert begin 
time_consumption of insert is 23458059
resize_time = 6797893
resize_1_num = 19
resize_2_num = 67595
insert all over
time_consumption of search is 10255849
This test insert number is :10000000
This test radio is:10
insert begin 
time_consumption of insert is 23642740
resize_time = 6847782
resize_1_num = 19
resize_2_num = 67595
insert all over
time_consumption of search is 10240144
This test insert number is :10000000
This test radio is:10
insert begin 
time_consumption of insert is 17982528
resize_time = 5471398
resize_1_num = 19
resize_2_num = 67595
insert all over
time_consumption of search is 8659078
This test insert number is :10000000
This test radio is:10
insert begin 
time_consumption of insert is 17920979
resize_time = 5417017
resize_1_num = 19
resize_2_num = 67595
insert all over
time_consumption of search is 8656555
This test insert number is :10000000
This test radio is:10
insert begin 
time_consumption of insert is 17848415
resize_time = 5259171
resize_1_num = 19
resize_2_num = 67595
insert all over
time_consumption of search is 8668806
This test insert number is :10000000
This test radio is:10
insert begin 
time_consumption of insert is 22835262
resize_time = 6645944
resize_1_num = 19
resize_2_num = 67595
insert all over
time_consumption of search is 10259737
This test insert number is :10000000
This test radio is:10
insert begin 
time_consumption of insert is 22871235
resize_time = 6656641
resize_1_num = 19
resize_2_num = 67595
insert all over
time_consumption of search is 10270704
This test insert number is :10000000
This test radio is:10
insert begin 
time_consumption of insert is 17964578
resize_time = 5445594
resize_1_num = 19
resize_2_num = 67595
insert all over
time_consumption of search is 8665412
