This test insert number is :1000000
This test radio is:1
insert begin 
time_consumption of insert is 1450202
resize_time = 532250
resize_1_num = 16
resize_2_num = 6614
insert all over
time_consumption of search is 450651
This test insert number is :1000000
This test radio is:1
insert begin 
time_consumption of insert is 1446579
resize_time = 530268
resize_1_num = 16
resize_2_num = 6614
insert all over
time_consumption of search is 447474
This test insert number is :1000000
This test radio is:1
insert begin 
time_consumption of insert is 1456018
resize_time = 533820
resize_1_num = 16
resize_2_num = 6614
insert all over
time_consumption of search is 450661
This test insert number is :1000000
This test radio is:1
insert begin 
time_consumption of insert is 960749
resize_time = 414020
resize_1_num = 16
resize_2_num = 6614
insert all over
time_consumption of search is 365895
This test insert number is :1000000
This test radio is:1
insert begin 
time_consumption of insert is 934182
resize_time = 386403
resize_1_num = 16
resize_2_num = 6614
insert all over
time_consumption of search is 365584
This test insert number is :1000000
This test radio is:1
insert begin 
time_consumption of insert is 936191
resize_time = 388581
resize_1_num = 16
resize_2_num = 6614
insert all over
time_consumption of search is 365987
This test insert number is :1000000
This test radio is:1
insert begin 
time_consumption of insert is 934186
resize_time = 387004
resize_1_num = 16
resize_2_num = 6614
insert all over
time_consumption of search is 366015
This test insert number is :1000000
This test radio is:1
insert begin 
time_consumption of insert is 935835
resize_time = 387584
resize_1_num = 16
resize_2_num = 6614
insert all over
time_consumption of search is 366118
This test insert number is :1000000
This test radio is:1
insert begin 
time_consumption of insert is 938286
resize_time = 389577
resize_1_num = 16
resize_2_num = 6614
insert all over
time_consumption of search is 365934
This test insert number is :1000000
This test radio is:1
insert begin 
time_consumption of insert is 1450579
resize_time = 532556
resize_1_num = 16
resize_2_num = 6614
insert all over
time_consumption of search is 450789
This test insert number is :1000000
This test radio is:2
insert begin 
time_consumption of insert is 1445587
resize_time = 532133
resize_1_num = 15
resize_2_num = 6620
insert all over
time_consumption of search is 434808
This test insert number is :1000000
This test radio is:2
insert begin 
time_consumption of insert is 1447110
resize_time = 534405
resize_1_num = 15
resize_2_num = 6620
insert all over
time_consumption of search is 434097
This test insert number is :1000000
This test radio is:2
insert begin 
time_consumption of insert is 1446677
resize_time = 533370
resize_1_num = 15
resize_2_num = 6620
insert all over
time_consumption of search is 434352
This test insert number is :1000000
This test radio is:2
insert begin 
time_consumption of insert is 1446722
resize_time = 533227
resize_1_num = 15
resize_2_num = 6620
insert all over
time_consumption of search is 435120
This test insert number is :1000000
This test radio is:2
insert begin 
time_consumption of insert is 1447172
resize_time = 533868
resize_1_num = 15
resize_2_num = 6620
insert all over
time_consumption of search is 434318
This test insert number is :1000000
This test radio is:2
insert begin 
time_consumption of insert is 1446525
resize_time = 533221
resize_1_num = 15
resize_2_num = 6620
insert all over
time_consumption of search is 434710
This test insert number is :1000000
This test radio is:2
insert begin 
time_consumption of insert is 1445473
resize_time = 531994
resize_1_num = 15
resize_2_num = 6620
insert all over
time_consumption of search is 435671
This test insert number is :1000000
This test radio is:2
insert begin 
time_consumption of insert is 956358
resize_time = 412947
resize_1_num = 15
resize_2_num = 6620
insert all over
time_consumption of search is 352461
This test insert number is :1000000
This test radio is:2
insert begin 
time_consumption of insert is 1444576
resize_time = 531957
resize_1_num = 15
resize_2_num = 6620
insert all over
time_consumption of search is 435139
This test insert number is :1000000
This test radio is:2
insert begin 
time_consumption of insert is 958206
resize_time = 413358
resize_1_num = 15
resize_2_num = 6620
insert all over
time_consumption of search is 352585
This test insert number is :1000000
This test radio is:3
insert begin 
time_consumption of insert is 926624
resize_time = 383216
resize_1_num = 16
resize_2_num = 6524
insert all over
time_consumption of search is 346574
This test insert number is :1000000
This test radio is:3
insert begin 
time_consumption of insert is 927699
resize_time = 383692
resize_1_num = 16
resize_2_num = 6524
insert all over
time_consumption of search is 347086
This test insert number is :1000000
This test radio is:3
insert begin 
time_consumption of insert is 927696
resize_time = 383767
resize_1_num = 16
resize_2_num = 6524
insert all over
time_consumption of search is 346364
This test insert number is :1000000
This test radio is:3
insert begin 
time_consumption of insert is 925902
resize_time = 382434
resize_1_num = 16
resize_2_num = 6524
insert all over
time_consumption of search is 348607
This test insert number is :1000000
This test radio is:3
insert begin 
time_consumption of insert is 927873
resize_time = 383417
resize_1_num = 16
resize_2_num = 6524
insert all over
time_consumption of search is 346811
This test insert number is :1000000
This test radio is:3
insert begin 
time_consumption of insert is 930335
resize_time = 385037
resize_1_num = 16
resize_2_num = 6524
insert all over
time_consumption of search is 346695
This test insert number is :1000000
This test radio is:3
insert begin 
time_consumption of insert is 927406
resize_time = 383637
resize_1_num = 16
resize_2_num = 6524
insert all over
time_consumption of search is 347043
This test insert number is :1000000
This test radio is:3
insert begin 
time_consumption of insert is 1439287
resize_time = 528979
resize_1_num = 16
resize_2_num = 6524
insert all over
time_consumption of search is 426549
This test insert number is :1000000
This test radio is:3
insert begin 
time_consumption of insert is 1440502
resize_time = 530878
resize_1_num = 16
resize_2_num = 6524
insert all over
time_consumption of search is 427251
This test insert number is :1000000
This test radio is:3
insert begin 
time_consumption of insert is 1439048
resize_time = 529010
resize_1_num = 16
resize_2_num = 6524
insert all over
time_consumption of search is 426878
This test insert number is :1000000
This test radio is:4
insert begin 
time_consumption of insert is 1443534
resize_time = 527392
resize_1_num = 15
resize_2_num = 6552
insert all over
time_consumption of search is 408272
This test insert number is :1000000
This test radio is:4
insert begin 
time_consumption of insert is 1448950
resize_time = 529624
resize_1_num = 15
resize_2_num = 6552
insert all over
time_consumption of search is 410355
This test insert number is :1000000
This test radio is:4
insert begin 
time_consumption of insert is 1442436
resize_time = 526554
resize_1_num = 15
resize_2_num = 6552
insert all over
time_consumption of search is 408220
This test insert number is :1000000
This test radio is:4
insert begin 
time_consumption of insert is 1442983
resize_time = 527008
resize_1_num = 15
resize_2_num = 6552
insert all over
time_consumption of search is 408259
This test insert number is :1000000
This test radio is:4
insert begin 
time_consumption of insert is 1444632
resize_time = 527788
resize_1_num = 15
resize_2_num = 6552
insert all over
time_consumption of search is 408090
This test insert number is :1000000
This test radio is:4
insert begin 
time_consumption of insert is 1443573
resize_time = 527178
resize_1_num = 15
resize_2_num = 6552
insert all over
time_consumption of search is 408053
This test insert number is :1000000
This test radio is:4
insert begin 
time_consumption of insert is 1446067
resize_time = 528658
resize_1_num = 15
resize_2_num = 6552
insert all over
time_consumption of search is 408043
This test insert number is :1000000
This test radio is:4
insert begin 
time_consumption of insert is 928767
resize_time = 381926
resize_1_num = 15
resize_2_num = 6552
insert all over
time_consumption of search is 331651
This test insert number is :1000000
This test radio is:4
insert begin 
time_consumption of insert is 1445986
resize_time = 528750
resize_1_num = 15
resize_2_num = 6552
insert all over
time_consumption of search is 407956
This test insert number is :1000000
This test radio is:4
insert begin 
time_consumption of insert is 1445910
resize_time = 528278
resize_1_num = 15
resize_2_num = 6552
insert all over
time_consumption of search is 408420
This test insert number is :1000000
This test radio is:5
insert begin 
time_consumption of insert is 1444991
resize_time = 531572
resize_1_num = 15
resize_2_num = 6596
insert all over
time_consumption of search is 396877
This test insert number is :1000000
This test radio is:5
insert begin 
time_consumption of insert is 1445619
resize_time = 532290
resize_1_num = 15
resize_2_num = 6596
insert all over
time_consumption of search is 397167
This test insert number is :1000000
This test radio is:5
insert begin 
time_consumption of insert is 1445681
resize_time = 532906
resize_1_num = 15
resize_2_num = 6596
insert all over
time_consumption of search is 398942
This test insert number is :1000000
This test radio is:5
insert begin 
time_consumption of insert is 1445511
resize_time = 532416
resize_1_num = 15
resize_2_num = 6596
insert all over
time_consumption of search is 397378
This test insert number is :1000000
This test radio is:5
insert begin 
time_consumption of insert is 1447925
resize_time = 533854
resize_1_num = 15
resize_2_num = 6596
insert all over
time_consumption of search is 397970
This test insert number is :1000000
This test radio is:5
insert begin 
time_consumption of insert is 957078
resize_time = 413965
resize_1_num = 15
resize_2_num = 6596
insert all over
time_consumption of search is 323305
This test insert number is :1000000
This test radio is:5
insert begin 
time_consumption of insert is 928639
resize_time = 385687
resize_1_num = 15
resize_2_num = 6596
insert all over
time_consumption of search is 329968
This test insert number is :1000000
This test radio is:5
insert begin 
time_consumption of insert is 929991
resize_time = 385995
resize_1_num = 15
resize_2_num = 6596
insert all over
time_consumption of search is 323215
This test insert number is :1000000
This test radio is:5
insert begin 
time_consumption of insert is 1444424
resize_time = 531310
resize_1_num = 15
resize_2_num = 6596
insert all over
time_consumption of search is 397219
This test insert number is :1000000
This test radio is:5
insert begin 
time_consumption of insert is 1446127
resize_time = 532384
resize_1_num = 15
resize_2_num = 6596
insert all over
time_consumption of search is 397452
This test insert number is :1000000
This test radio is:6
insert begin 
time_consumption of insert is 1449378
resize_time = 536905
resize_1_num = 15
resize_2_num = 6654
insert all over
time_consumption of search is 388883
This test insert number is :1000000
This test radio is:6
insert begin 
time_consumption of insert is 1451038
resize_time = 538105
resize_1_num = 15
resize_2_num = 6654
insert all over
time_consumption of search is 386917
This test insert number is :1000000
This test radio is:6
insert begin 
time_consumption of insert is 1448969
resize_time = 536603
resize_1_num = 15
resize_2_num = 6654
insert all over
time_consumption of search is 385706
This test insert number is :1000000
This test radio is:6
insert begin 
time_consumption of insert is 958818
resize_time = 416172
resize_1_num = 15
resize_2_num = 6654
insert all over
time_consumption of search is 314776
This test insert number is :1000000
This test radio is:6
insert begin 
time_consumption of insert is 1449781
resize_time = 536499
resize_1_num = 15
resize_2_num = 6654
insert all over
time_consumption of search is 387597
This test insert number is :1000000
This test radio is:6
insert begin 
time_consumption of insert is 1450566
resize_time = 536817
resize_1_num = 15
resize_2_num = 6654
insert all over
time_consumption of search is 386084
This test insert number is :1000000
This test radio is:6
insert begin 
time_consumption of insert is 1449778
resize_time = 537115
resize_1_num = 15
resize_2_num = 6654
insert all over
time_consumption of search is 388284
This test insert number is :1000000
This test radio is:6
insert begin 
time_consumption of insert is 1448646
resize_time = 535896
resize_1_num = 15
resize_2_num = 6654
insert all over
time_consumption of search is 387004
This test insert number is :1000000
This test radio is:6
insert begin 
time_consumption of insert is 1451780
resize_time = 538409
resize_1_num = 15
resize_2_num = 6654
insert all over
time_consumption of search is 386260
This test insert number is :1000000
This test radio is:6
insert begin 
time_consumption of insert is 959390
resize_time = 416515
resize_1_num = 15
resize_2_num = 6654
insert all over
time_consumption of search is 314265
This test insert number is :1000000
This test radio is:7
insert begin 
time_consumption of insert is 930282
resize_time = 387537
resize_1_num = 16
resize_2_num = 6616
insert all over
time_consumption of search is 315772
This test insert number is :1000000
This test radio is:7
insert begin 
time_consumption of insert is 929389
resize_time = 387493
resize_1_num = 16
resize_2_num = 6616
insert all over
time_consumption of search is 312178
This test insert number is :1000000
This test radio is:7
insert begin 
time_consumption of insert is 930126
resize_time = 387066
resize_1_num = 16
resize_2_num = 6616
insert all over
time_consumption of search is 311656
This test insert number is :1000000
This test radio is:7
insert begin 
time_consumption of insert is 931107
resize_time = 388256
resize_1_num = 16
resize_2_num = 6616
insert all over
time_consumption of search is 313023
This test insert number is :1000000
This test radio is:7
insert begin 
time_consumption of insert is 1448848
resize_time = 535515
resize_1_num = 16
resize_2_num = 6616
insert all over
time_consumption of search is 384698
This test insert number is :1000000
This test radio is:7
insert begin 
time_consumption of insert is 1448587
resize_time = 535342
resize_1_num = 16
resize_2_num = 6616
insert all over
time_consumption of search is 381788
This test insert number is :1000000
This test radio is:7
insert begin 
time_consumption of insert is 1447933
resize_time = 535242
resize_1_num = 16
resize_2_num = 6616
insert all over
time_consumption of search is 384750
This test insert number is :1000000
This test radio is:7
insert begin 
time_consumption of insert is 1448664
resize_time = 535303
resize_1_num = 16
resize_2_num = 6616
insert all over
time_consumption of search is 383164
This test insert number is :1000000
This test radio is:7
insert begin 
time_consumption of insert is 1452175
resize_time = 537611
resize_1_num = 16
resize_2_num = 6616
insert all over
time_consumption of search is 381480
This test insert number is :1000000
This test radio is:7
insert begin 
time_consumption of insert is 1448219
resize_time = 534714
resize_1_num = 16
resize_2_num = 6616
insert all over
time_consumption of search is 382484
This test insert number is :1000000
This test radio is:8
insert begin 
time_consumption of insert is 1445360
resize_time = 534509
resize_1_num = 15
resize_2_num = 6594
insert all over
time_consumption of search is 368381
This test insert number is :1000000
This test radio is:8
insert begin 
time_consumption of insert is 1446234
resize_time = 535147
resize_1_num = 15
resize_2_num = 6594
insert all over
time_consumption of search is 368019
This test insert number is :1000000
This test radio is:8
insert begin 
time_consumption of insert is 1444924
resize_time = 533906
resize_1_num = 15
resize_2_num = 6594
insert all over
time_consumption of search is 367679
This test insert number is :1000000
This test radio is:8
insert begin 
time_consumption of insert is 1444075
resize_time = 532724
resize_1_num = 15
resize_2_num = 6594
insert all over
time_consumption of search is 369330
This test insert number is :1000000
This test radio is:8
insert begin 
time_consumption of insert is 1444648
resize_time = 533783
resize_1_num = 15
resize_2_num = 6594
insert all over
time_consumption of search is 367871
This test insert number is :1000000
This test radio is:8
insert begin 
time_consumption of insert is 1445604
resize_time = 534347
resize_1_num = 15
resize_2_num = 6594
insert all over
time_consumption of search is 369073
This test insert number is :1000000
This test radio is:8
insert begin 
time_consumption of insert is 1446737
resize_time = 534550
resize_1_num = 15
resize_2_num = 6594
insert all over
time_consumption of search is 369149
This test insert number is :1000000
This test radio is:8
insert begin 
time_consumption of insert is 1443826
resize_time = 533054
resize_1_num = 15
resize_2_num = 6594
insert all over
time_consumption of search is 368640
This test insert number is :1000000
This test radio is:8
insert begin 
time_consumption of insert is 1445486
resize_time = 534291
resize_1_num = 15
resize_2_num = 6594
insert all over
time_consumption of search is 371086
This test insert number is :1000000
This test radio is:8
insert begin 
time_consumption of insert is 1444588
resize_time = 534178
resize_1_num = 15
resize_2_num = 6594
insert all over
time_consumption of search is 369093
This test insert number is :1000000
This test radio is:9
insert begin 
time_consumption of insert is 1749512
resize_time = 599777
resize_1_num = 14
resize_2_num = 6646
insert all over
time_consumption of search is 676621
This test insert number is :1000000
This test radio is:9
insert begin 
time_consumption of insert is 1591055
resize_time = 547883
resize_1_num = 14
resize_2_num = 6646
insert all over
time_consumption of search is 571565
This test insert number is :1000000
This test radio is:9
insert begin 
time_consumption of insert is 1507827
resize_time = 522729
resize_1_num = 14
resize_2_num = 6646
insert all over
time_consumption of search is 627518
This test insert number is :1000000
This test radio is:9
insert begin 
time_consumption of insert is 1673497
resize_time = 570321
resize_1_num = 14
resize_2_num = 6646
insert all over
time_consumption of search is 677715
This test insert number is :1000000
This test radio is:9
insert begin 
time_consumption of insert is 1660942
resize_time = 565441
resize_1_num = 14
resize_2_num = 6646
insert all over
time_consumption of search is 686960
This test insert number is :1000000
This test radio is:9
insert begin 
time_consumption of insert is 1854445
resize_time = 614901
resize_1_num = 14
resize_2_num = 6646
insert all over
time_consumption of search is 645737
This test insert number is :1000000
This test radio is:9
insert begin 
time_consumption of insert is 1616895
resize_time = 562847
resize_1_num = 14
resize_2_num = 6646
insert all over
time_consumption of search is 731280
This test insert number is :1000000
This test radio is:9
insert begin 
time_consumption of insert is 1622262
resize_time = 555549
resize_1_num = 14
resize_2_num = 6646
insert all over
time_consumption of search is 630609
This test insert number is :1000000
This test radio is:9
insert begin 
time_consumption of insert is 1449260
resize_time = 507516
resize_1_num = 14
resize_2_num = 6646
insert all over
time_consumption of search is 644292
This test insert number is :1000000
This test radio is:9
insert begin 
time_consumption of insert is 1561808
resize_time = 539214
resize_1_num = 14
resize_2_num = 6646
insert all over
time_consumption of search is 744145
This test insert number is :1000000
This test radio is:10
insert begin 
time_consumption of insert is 1516432
resize_time = 540512
resize_1_num = 14
resize_2_num = 6619
insert all over
time_consumption of search is 578724
This test insert number is :1000000
This test radio is:10
insert begin 
time_consumption of insert is 1967399
resize_time = 641886
resize_1_num = 14
resize_2_num = 6619
insert all over
time_consumption of search is 744620
This test insert number is :1000000
This test radio is:10
insert begin 
time_consumption of insert is 1903426
resize_time = 632947
resize_1_num = 14
resize_2_num = 6619
insert all over
time_consumption of search is 708405
This test insert number is :1000000
This test radio is:10
insert begin 
time_consumption of insert is 1996299
resize_time = 652221
resize_1_num = 14
resize_2_num = 6619
insert all over
time_consumption of search is 658995
This test insert number is :1000000
This test radio is:10
insert begin 
time_consumption of insert is 1571136
resize_time = 538019
resize_1_num = 14
resize_2_num = 6619
insert all over
time_consumption of search is 598361
This test insert number is :1000000
This test radio is:10
insert begin 
time_consumption of insert is 1607809
resize_time = 563397
resize_1_num = 14
resize_2_num = 6619
insert all over
time_consumption of search is 576320
This test insert number is :1000000
This test radio is:10
insert begin 
time_consumption of insert is 1611008
resize_time = 545514
resize_1_num = 14
resize_2_num = 6619
insert all over
time_consumption of search is 743959
This test insert number is :1000000
This test radio is:10
insert begin 
time_consumption of insert is 1812581
resize_time = 603185
resize_1_num = 14
resize_2_num = 6619
insert all over
time_consumption of search is 751109
This test insert number is :1000000
This test radio is:10
insert begin 
time_consumption of insert is 1966422
resize_time = 645556
resize_1_num = 14
resize_2_num = 6619
insert all over
time_consumption of search is 613661
This test insert number is :1000000
This test radio is:10
insert begin 
time_consumption of insert is 1632386
resize_time = 570172
resize_1_num = 14
resize_2_num = 6619
insert all over
time_consumption of search is 581897
