This test insert number is :1000
This test radio is:1
insert begin 
time_consumption of insert is 909
resize_time = 408
resize_1_num = 2
resize_2_num = 1
insert all over
time_consumption of search is 172
This test insert number is :1000
This test radio is:1
insert begin 
time_consumption of insert is 595
resize_time = 277
resize_1_num = 2
resize_2_num = 1
insert all over
time_consumption of search is 133
This test insert number is :1000
This test radio is:1
insert begin 
time_consumption of insert is 678
resize_time = 361
resize_1_num = 2
resize_2_num = 1
insert all over
time_consumption of search is 129
This test insert number is :1000
This test radio is:1
insert begin 
time_consumption of insert is 637
resize_time = 316
resize_1_num = 2
resize_2_num = 1
insert all over
time_consumption of search is 130
This test insert number is :1000
This test radio is:1
insert begin 
time_consumption of insert is 1086
resize_time = 538
resize_1_num = 2
resize_2_num = 1
insert all over
time_consumption of search is 201
This test insert number is :1000
This test radio is:1
insert begin 
time_consumption of insert is 966
resize_time = 442
resize_1_num = 2
resize_2_num = 1
insert all over
time_consumption of search is 197
This test insert number is :1000
This test radio is:1
insert begin 
time_consumption of insert is 675
resize_time = 362
resize_1_num = 2
resize_2_num = 1
insert all over
time_consumption of search is 130
This test insert number is :1000
This test radio is:1
insert begin 
time_consumption of insert is 1023
resize_time = 488
resize_1_num = 2
resize_2_num = 1
insert all over
time_consumption of search is 201
This test insert number is :1000
This test radio is:1
insert begin 
time_consumption of insert is 1004
resize_time = 461
resize_1_num = 2
resize_2_num = 1
insert all over
time_consumption of search is 201
This test insert number is :1000
This test radio is:1
insert begin 
time_consumption of insert is 911
resize_time = 378
resize_1_num = 2
resize_2_num = 1
insert all over
time_consumption of search is 180
This test insert number is :1000
This test radio is:2
insert begin 
time_consumption of insert is 892
resize_time = 389
resize_1_num = 2
resize_2_num = 2
insert all over
time_consumption of search is 195
This test insert number is :1000
This test radio is:2
insert begin 
time_consumption of insert is 897
resize_time = 399
resize_1_num = 2
resize_2_num = 2
insert all over
time_consumption of search is 196
This test insert number is :1000
This test radio is:2
insert begin 
time_consumption of insert is 908
resize_time = 400
resize_1_num = 2
resize_2_num = 2
insert all over
time_consumption of search is 195
This test insert number is :1000
This test radio is:2
insert begin 
time_consumption of insert is 906
resize_time = 396
resize_1_num = 2
resize_2_num = 2
insert all over
time_consumption of search is 193
This test insert number is :1000
This test radio is:2
insert begin 
time_consumption of insert is 895
resize_time = 397
resize_1_num = 2
resize_2_num = 2
insert all over
time_consumption of search is 194
This test insert number is :1000
This test radio is:2
insert begin 
time_consumption of insert is 893
resize_time = 391
resize_1_num = 2
resize_2_num = 2
insert all over
time_consumption of search is 194
This test insert number is :1000
This test radio is:2
insert begin 
time_consumption of insert is 910
resize_time = 405
resize_1_num = 2
resize_2_num = 2
insert all over
time_consumption of search is 194
This test insert number is :1000
This test radio is:2
insert begin 
time_consumption of insert is 914
resize_time = 406
resize_1_num = 2
resize_2_num = 2
insert all over
time_consumption of search is 193
This test insert number is :1000
This test radio is:2
insert begin 
time_consumption of insert is 1287
resize_time = 564
resize_1_num = 2
resize_2_num = 2
insert all over
time_consumption of search is 262
This test insert number is :1000
This test radio is:2
insert begin 
time_consumption of insert is 997
resize_time = 445
resize_1_num = 2
resize_2_num = 2
insert all over
time_consumption of search is 209
This test insert number is :1000
This test radio is:3
insert begin 
time_consumption of insert is 686
resize_time = 361
resize_1_num = 2
resize_2_num = 2
insert all over
time_consumption of search is 143
This test insert number is :1000
This test radio is:3
insert begin 
time_consumption of insert is 1123
resize_time = 576
resize_1_num = 2
resize_2_num = 2
insert all over
time_consumption of search is 213
This test insert number is :1000
This test radio is:3
insert begin 
time_consumption of insert is 1127
resize_time = 570
resize_1_num = 2
resize_2_num = 2
insert all over
time_consumption of search is 221
This test insert number is :1000
This test radio is:3
insert begin 
time_consumption of insert is 1118
resize_time = 571
resize_1_num = 2
resize_2_num = 2
insert all over
time_consumption of search is 214
This test insert number is :1000
This test radio is:3
insert begin 
time_consumption of insert is 1132
resize_time = 577
resize_1_num = 2
resize_2_num = 2
insert all over
time_consumption of search is 221
This test insert number is :1000
This test radio is:3
insert begin 
time_consumption of insert is 689
resize_time = 368
resize_1_num = 2
resize_2_num = 2
insert all over
time_consumption of search is 142
This test insert number is :1000
This test radio is:3
insert begin 
time_consumption of insert is 1120
resize_time = 571
resize_1_num = 2
resize_2_num = 2
insert all over
time_consumption of search is 226
This test insert number is :1000
This test radio is:3
insert begin 
time_consumption of insert is 1117
resize_time = 556
resize_1_num = 2
resize_2_num = 2
insert all over
time_consumption of search is 216
This test insert number is :1000
This test radio is:3
insert begin 
time_consumption of insert is 919
resize_time = 433
resize_1_num = 2
resize_2_num = 2
insert all over
time_consumption of search is 185
This test insert number is :1000
This test radio is:3
insert begin 
time_consumption of insert is 928
resize_time = 442
resize_1_num = 2
resize_2_num = 2
insert all over
time_consumption of search is 182
This test insert number is :1000
This test radio is:4
insert begin 
time_consumption of insert is 1191
resize_time = 700
resize_1_num = 3
resize_2_num = 3
insert all over
time_consumption of search is 189
This test insert number is :1000
This test radio is:4
insert begin 
time_consumption of insert is 1169
resize_time = 678
resize_1_num = 3
resize_2_num = 3
insert all over
time_consumption of search is 187
This test insert number is :1000
This test radio is:4
insert begin 
time_consumption of insert is 1176
resize_time = 692
resize_1_num = 3
resize_2_num = 3
insert all over
time_consumption of search is 189
This test insert number is :1000
This test radio is:4
insert begin 
time_consumption of insert is 1159
resize_time = 676
resize_1_num = 3
resize_2_num = 3
insert all over
time_consumption of search is 190
This test insert number is :1000
This test radio is:4
insert begin 
time_consumption of insert is 1184
resize_time = 694
resize_1_num = 3
resize_2_num = 3
insert all over
time_consumption of search is 184
This test insert number is :1000
This test radio is:4
insert begin 
time_consumption of insert is 1152
resize_time = 668
resize_1_num = 3
resize_2_num = 3
insert all over
time_consumption of search is 186
This test insert number is :1000
This test radio is:4
insert begin 
time_consumption of insert is 1196
resize_time = 702
resize_1_num = 3
resize_2_num = 3
insert all over
time_consumption of search is 187
This test insert number is :1000
This test radio is:4
insert begin 
time_consumption of insert is 1404
resize_time = 855
resize_1_num = 3
resize_2_num = 3
insert all over
time_consumption of search is 216
This test insert number is :1000
This test radio is:4
insert begin 
time_consumption of insert is 1272
resize_time = 738
resize_1_num = 3
resize_2_num = 3
insert all over
time_consumption of search is 205
This test insert number is :1000
This test radio is:4
insert begin 
time_consumption of insert is 1192
resize_time = 702
resize_1_num = 3
resize_2_num = 3
insert all over
time_consumption of search is 191
This test insert number is :1000
This test radio is:5
insert begin 
time_consumption of insert is 984
resize_time = 456
resize_1_num = 2
resize_2_num = 3
insert all over
time_consumption of search is 211
This test insert number is :1000
This test radio is:5
insert begin 
time_consumption of insert is 995
resize_time = 467
resize_1_num = 2
resize_2_num = 3
insert all over
time_consumption of search is 213
This test insert number is :1000
This test radio is:5
insert begin 
time_consumption of insert is 986
resize_time = 452
resize_1_num = 2
resize_2_num = 3
insert all over
time_consumption of search is 213
This test insert number is :1000
This test radio is:5
insert begin 
time_consumption of insert is 984
resize_time = 450
resize_1_num = 2
resize_2_num = 3
insert all over
time_consumption of search is 212
This test insert number is :1000
This test radio is:5
insert begin 
time_consumption of insert is 973
resize_time = 441
resize_1_num = 2
resize_2_num = 3
insert all over
time_consumption of search is 210
This test insert number is :1000
This test radio is:5
insert begin 
time_consumption of insert is 990
resize_time = 449
resize_1_num = 2
resize_2_num = 3
insert all over
time_consumption of search is 213
This test insert number is :1000
This test radio is:5
insert begin 
time_consumption of insert is 1187
resize_time = 625
resize_1_num = 2
resize_2_num = 3
insert all over
time_consumption of search is 228
This test insert number is :1000
This test radio is:5
insert begin 
time_consumption of insert is 1201
resize_time = 634
resize_1_num = 2
resize_2_num = 3
insert all over
time_consumption of search is 227
This test insert number is :1000
This test radio is:5
insert begin 
time_consumption of insert is 1437
resize_time = 692
resize_1_num = 2
resize_2_num = 3
insert all over
time_consumption of search is 277
This test insert number is :1000
This test radio is:5
insert begin 
time_consumption of insert is 987
resize_time = 456
resize_1_num = 2
resize_2_num = 3
insert all over
time_consumption of search is 210
This test insert number is :1000
This test radio is:6
insert begin 
time_consumption of insert is 1154
resize_time = 623
resize_1_num = 3
resize_2_num = 3
insert all over
time_consumption of search is 212
This test insert number is :1000
This test radio is:6
insert begin 
time_consumption of insert is 1394
resize_time = 748
resize_1_num = 3
resize_2_num = 3
insert all over
time_consumption of search is 227
This test insert number is :1000
This test radio is:6
insert begin 
time_consumption of insert is 1150
resize_time = 611
resize_1_num = 3
resize_2_num = 3
insert all over
time_consumption of search is 217
This test insert number is :1000
This test radio is:6
insert begin 
time_consumption of insert is 1143
resize_time = 609
resize_1_num = 3
resize_2_num = 3
insert all over
time_consumption of search is 214
This test insert number is :1000
This test radio is:6
insert begin 
time_consumption of insert is 1153
resize_time = 618
resize_1_num = 3
resize_2_num = 3
insert all over
time_consumption of search is 214
This test insert number is :1000
This test radio is:6
insert begin 
time_consumption of insert is 1140
resize_time = 605
resize_1_num = 3
resize_2_num = 3
insert all over
time_consumption of search is 218
This test insert number is :1000
This test radio is:6
insert begin 
time_consumption of insert is 1628
resize_time = 905
resize_1_num = 3
resize_2_num = 3
insert all over
time_consumption of search is 267
This test insert number is :1000
This test radio is:6
insert begin 
time_consumption of insert is 1711
resize_time = 947
resize_1_num = 3
resize_2_num = 3
insert all over
time_consumption of search is 285
This test insert number is :1000
This test radio is:6
insert begin 
time_consumption of insert is 1135
resize_time = 607
resize_1_num = 3
resize_2_num = 3
insert all over
time_consumption of search is 211
This test insert number is :1000
This test radio is:6
insert begin 
time_consumption of insert is 954
resize_time = 612
resize_1_num = 3
resize_2_num = 3
insert all over
time_consumption of search is 163
This test insert number is :1000
This test radio is:7
insert begin 
time_consumption of insert is 803
resize_time = 468
resize_1_num = 2
resize_2_num = 3
insert all over
time_consumption of search is 150
This test insert number is :1000
This test radio is:7
insert begin 
time_consumption of insert is 1216
resize_time = 659
resize_1_num = 2
resize_2_num = 3
insert all over
time_consumption of search is 220
This test insert number is :1000
This test radio is:7
insert begin 
time_consumption of insert is 926
resize_time = 560
resize_1_num = 2
resize_2_num = 3
insert all over
time_consumption of search is 222
This test insert number is :1000
This test radio is:7
insert begin 
time_consumption of insert is 810
resize_time = 477
resize_1_num = 2
resize_2_num = 3
insert all over
time_consumption of search is 150
This test insert number is :1000
This test radio is:7
insert begin 
time_consumption of insert is 1018
resize_time = 506
resize_1_num = 2
resize_2_num = 3
insert all over
time_consumption of search is 194
This test insert number is :1000
This test radio is:7
insert begin 
time_consumption of insert is 1018
resize_time = 512
resize_1_num = 2
resize_2_num = 3
insert all over
time_consumption of search is 193
This test insert number is :1000
This test radio is:7
insert begin 
time_consumption of insert is 1027
resize_time = 516
resize_1_num = 2
resize_2_num = 3
insert all over
time_consumption of search is 195
This test insert number is :1000
This test radio is:7
insert begin 
time_consumption of insert is 1014
resize_time = 502
resize_1_num = 2
resize_2_num = 3
insert all over
time_consumption of search is 199
This test insert number is :1000
This test radio is:7
insert begin 
time_consumption of insert is 1023
resize_time = 515
resize_1_num = 2
resize_2_num = 3
insert all over
time_consumption of search is 192
This test insert number is :1000
This test radio is:7
insert begin 
time_consumption of insert is 1014
resize_time = 507
resize_1_num = 2
resize_2_num = 3
insert all over
time_consumption of search is 195
This test insert number is :1000
This test radio is:8
insert begin 
time_consumption of insert is 1457
resize_time = 714
resize_1_num = 2
resize_2_num = 3
insert all over
time_consumption of search is 277
This test insert number is :1000
This test radio is:8
insert begin 
time_consumption of insert is 1026
resize_time = 503
resize_1_num = 2
resize_2_num = 3
insert all over
time_consumption of search is 189
This test insert number is :1000
This test radio is:8
insert begin 
time_consumption of insert is 1011
resize_time = 479
resize_1_num = 2
resize_2_num = 3
insert all over
time_consumption of search is 190
This test insert number is :1000
This test radio is:8
insert begin 
time_consumption of insert is 1025
resize_time = 502
resize_1_num = 2
resize_2_num = 3
insert all over
time_consumption of search is 193
This test insert number is :1000
This test radio is:8
insert begin 
time_consumption of insert is 1077
resize_time = 556
resize_1_num = 2
resize_2_num = 3
insert all over
time_consumption of search is 192
This test insert number is :1000
This test radio is:8
insert begin 
time_consumption of insert is 1089
resize_time = 552
resize_1_num = 2
resize_2_num = 3
insert all over
time_consumption of search is 190
This test insert number is :1000
This test radio is:8
insert begin 
time_consumption of insert is 1011
resize_time = 491
resize_1_num = 2
resize_2_num = 3
insert all over
time_consumption of search is 193
This test insert number is :1000
This test radio is:8
insert begin 
time_consumption of insert is 1015
resize_time = 492
resize_1_num = 2
resize_2_num = 3
insert all over
time_consumption of search is 192
This test insert number is :1000
This test radio is:8
insert begin 
time_consumption of insert is 1020
resize_time = 490
resize_1_num = 2
resize_2_num = 3
insert all over
time_consumption of search is 196
This test insert number is :1000
This test radio is:8
insert begin 
time_consumption of insert is 1006
resize_time = 483
resize_1_num = 2
resize_2_num = 3
insert all over
time_consumption of search is 191
This test insert number is :1000
This test radio is:9
insert begin 
time_consumption of insert is 1277
resize_time = 614
resize_1_num = 2
resize_2_num = 3
insert all over
time_consumption of search is 225
This test insert number is :1000
This test radio is:9
insert begin 
time_consumption of insert is 895
resize_time = 452
resize_1_num = 2
resize_2_num = 3
insert all over
time_consumption of search is 182
This test insert number is :1000
This test radio is:9
insert begin 
time_consumption of insert is 917
resize_time = 491
resize_1_num = 2
resize_2_num = 3
insert all over
time_consumption of search is 188
This test insert number is :1000
This test radio is:9
insert begin 
time_consumption of insert is 878
resize_time = 436
resize_1_num = 2
resize_2_num = 3
insert all over
time_consumption of search is 176
This test insert number is :1000
This test radio is:9
insert begin 
time_consumption of insert is 889
resize_time = 446
resize_1_num = 2
resize_2_num = 3
insert all over
time_consumption of search is 183
This test insert number is :1000
This test radio is:9
insert begin 
time_consumption of insert is 929
resize_time = 475
resize_1_num = 2
resize_2_num = 3
insert all over
time_consumption of search is 191
This test insert number is :1000
This test radio is:9
insert begin 
time_consumption of insert is 887
resize_time = 459
resize_1_num = 2
resize_2_num = 3
insert all over
time_consumption of search is 198
This test insert number is :1000
This test radio is:9
insert begin 
time_consumption of insert is 892
resize_time = 459
resize_1_num = 2
resize_2_num = 3
insert all over
time_consumption of search is 187
This test insert number is :1000
This test radio is:9
insert begin 
time_consumption of insert is 873
resize_time = 456
resize_1_num = 2
resize_2_num = 3
insert all over
time_consumption of search is 182
This test insert number is :1000
This test radio is:9
insert begin 
time_consumption of insert is 931
resize_time = 496
resize_1_num = 2
resize_2_num = 3
insert all over
time_consumption of search is 179
This test insert number is :1000
This test radio is:10
insert begin 
time_consumption of insert is 1286
resize_time = 691
resize_1_num = 2
resize_2_num = 3
insert all over
time_consumption of search is 239
This test insert number is :1000
This test radio is:10
insert begin 
time_consumption of insert is 962
resize_time = 562
resize_1_num = 2
resize_2_num = 3
insert all over
time_consumption of search is 176
This test insert number is :1000
This test radio is:10
insert begin 
time_consumption of insert is 1291
resize_time = 696
resize_1_num = 2
resize_2_num = 3
insert all over
time_consumption of search is 221
This test insert number is :1000
This test radio is:10
insert begin 
time_consumption of insert is 1327
resize_time = 721
resize_1_num = 2
resize_2_num = 3
insert all over
time_consumption of search is 227
This test insert number is :1000
This test radio is:10
insert begin 
time_consumption of insert is 1259
resize_time = 658
resize_1_num = 2
resize_2_num = 3
insert all over
time_consumption of search is 221
This test insert number is :1000
This test radio is:10
insert begin 
time_consumption of insert is 1332
resize_time = 720
resize_1_num = 2
resize_2_num = 3
insert all over
time_consumption of search is 218
This test insert number is :1000
This test radio is:10
insert begin 
time_consumption of insert is 921
resize_time = 519
resize_1_num = 2
resize_2_num = 3
insert all over
time_consumption of search is 170
This test insert number is :1000
This test radio is:10
insert begin 
time_consumption of insert is 869
resize_time = 461
resize_1_num = 2
resize_2_num = 3
insert all over
time_consumption of search is 172
This test insert number is :1000
This test radio is:10
insert begin 
time_consumption of insert is 1309
resize_time = 707
resize_1_num = 2
resize_2_num = 3
insert all over
time_consumption of search is 213
This test insert number is :1000
This test radio is:10
insert begin 
time_consumption of insert is 1268
resize_time = 672
resize_1_num = 2
resize_2_num = 3
insert all over
time_consumption of search is 218
