This test insert number is :10000
insert begin 
insert begin 
insert 348 
1
insert 23b3 
1
insert ad9 
1
insert 5f5 
1
insert e13 
1
insert cdf 
1
insert 26ca 
1
insert 1ec 
1
insert 2637 
1
insert 58d 
1
insert 2363 
1
insert 8ba 
1
insert 98a 
1
insert 3b 
1
insert a89 
1
insert f56 
1
insert 2f0 
1
insert 1808 
1
insert 2169 
1
insert 1501 
1
insert 145b 
1
insert 270c 
1
insert a07 
1
insert 78e 
1
insert 1696 
1
insert 5fa 
1
insert b2e 
1
insert 1c81 
1
insert 1be 
1
insert 245c 
1
insert 4c5 
1
insert 264a 
1
insert 18b6 
1
insert bf2 
1
insert 774 
1
insert 1fe7 
1
insert 571 
1
insert 7e3 
1
insert e3b 
1
insert cfa 
1
insert 23e9 
1
insert 25b4 
1
insert 2296 
1
insert 1337 
1
insert 15b0 
1
insert 2159 
1
insert 144e 
1
insert 10e4 
1
insert 10c3 
1
insert 1b89 
1
insert 45b 
1
insert 2353 
1
insert 10c 
1
insert 139e 
1
insert 17c4 
1
insert 751 
1
insert 96c 
1
insert bfe 
1
insert e6a 
1
insert 1c11 
1
insert 1089 
1
insert 20d9 
1
insert a8b 
1
insert c8b 
1
insert 21bf 
1
insert 1969 
1
insert dfe 
1
insert 147a 
1
insert 9cc 
1
insert d20 
1
insert 1f26 
1
insert 1f6f 
1
insert bf7 
1
insert 126d 
1
insert 12f0 
1
insert 1262 
1
insert 78a 
1
insert 106a 
1
insert 1389 
1
insert ea6 
1
insert 43f 
1
insert 167a 
1
insert 15df 
1
insert 66 
1
insert 13f2 
1
insert 243 
1
insert 1118 
1
insert 2e5 
1
insert 548 
1
insert 95f 
1
insert 6c6 
1
insert 556 
1
insert 25cc 
2
insert 1553 
2
insert 219f 
2
insert 21f2 
2
insert aca 
2
insert 6a 
2
insert ca5 
2
insert 1c9a 
2
insert 31b 
2
insert 23a 
2
insert 59a 
2
insert 17a 
2
insert 15e7 
2
insert 19c9 
2
insert 9d6 
2
insert da8 
2
insert 667 
2
insert 43d 
2
insert 1600 
2
insert 2f4 
2
insert 1c85 
2
insert 9ee 
2
insert 124f 
2
insert 210e 
2
insert 13a1 
2
insert db0 
2
insert 11a3 
2
insert 19db 
2
insert 260a 
2
insert 1279 
2
insert 1b8 
2
insert 1dde 
2
insert 16f6 
2
insert d63 
2
insert d3 
2
insert f9 
2
insert 2345 
2
insert 988 
2
insert 134a 
2
insert 14c8 
2
insert 2519 
2
2
0  0x7ff763a00000  348  25cc  1ec  2f4  1808  774  cfa  25b4  2296  17c4  9cc  1f26  12f0  167a  66  556  f56  78e  1696  15b0  10e4  bfe  1262  1118  ffffffff  ffffffff  ffffffff  ffffffff  ffffffff  ffffffff  ffffffff  ffffffff  da8  1600  db0  245c  18b6  144e  10c  139e  96c  e6a  147a  d20  ea6  13f2  548  6c6  2f0  270c  1b8  988  14c8  dfe  78a  106a  ffffffff  ffffffff  ffffffff  ffffffff  ffffffff  ffffffff  ffffffff  ffffffff  
1  0x7ff763a10010  2345  2637  58d  1501  1337  2159  45b  1089  a8b  21bf  bf7  126d  1c85  ffffffff  ffffffff  ffffffff  2519  5f5  cdf  3b  a07  1fe7  e3b  1b89  c8b  1969  1f6f  15df  219f  31b  15e7  11a3  2363  145b  1c81  4c5  23e9  751  1c11  95f  ca5  19c9  43d  124f  13a1  19db  1279  ffffffff  f9  a89  2169  571  7e3  10c3  2353  20d9  1389  43f  243  2e5  1553  667  d63  ffffffff  
2  0x7ff763a20020  26ca  98a  cfa  2296  1f26  167a  66  556  1c9a  9d6  9ee  ffffffff  ffffffff  ffffffff  ffffffff  ffffffff  f56  78e  1696  bfe  1262  23a  59a  260a  1dde  ffffffff  ffffffff  ffffffff  ffffffff  ffffffff  ffffffff  ffffffff  8ba  5fa  1be  18b6  144e  139e  e6a  147a  ea6  13f2  6c6  21f2  6a  17a  210e  ffffffff  b2e  264a  bf2  dfe  78a  106a  aca  16f6  134a  ffffffff  ffffffff  ffffffff  ffffffff  ffffffff  ffffffff  ffffffff  
3  0x7ff763a30030  23b3  2637  1337  45b  a8b  21bf  bf7  ffffffff  ffffffff  ffffffff  ffffffff  ffffffff  ffffffff  ffffffff  ffffffff  ffffffff  cdf  3b  a07  1fe7  e3b  c8b  1f6f  15df  219f  31b  15e7  11a3  d3  ffffffff  ffffffff  ffffffff  2363  145b  95f  124f  19db  ffffffff  ffffffff  ffffffff  ffffffff  ffffffff  ffffffff  ffffffff  ffffffff  ffffffff  ffffffff  ffffffff  e13  7e3  10c3  2353  43f  243  1553  667  d63  ffffffff  ffffffff  ffffffff  ffffffff  ffffffff  ffffffff  ffffffff  
search ad9 error search_result=0
