This test insert number is :10000000
This test radio is:1
insert begin 
time_consumption of insert is 8503807114
resize_time = 1317766
resize_1_num = 21
resize_2_num = 917507
insert all over
time_consumption of search is 3384378966
This test insert number is :10000000
This test radio is:1
insert begin 
time_consumption of insert is 6681385949
resize_time = 1113808
resize_1_num = 21
resize_2_num = 917507
insert all over
time_consumption of search is 3049549542
This test insert number is :10000000
This test radio is:1
insert begin 
time_consumption of insert is 9185673566
resize_time = 1396785
resize_1_num = 21
resize_2_num = 917507
insert all over
time_consumption of search is 4083743510
This test insert number is :10000000
This test radio is:1
insert begin 
time_consumption of insert is 6785785906
resize_time = 1133275
resize_1_num = 21
resize_2_num = 917507
insert all over
time_consumption of search is 3417401384
This test insert number is :10000000
This test radio is:1
insert begin 
time_consumption of insert is 6559191040
resize_time = 1077791
resize_1_num = 21
resize_2_num = 917507
insert all over
time_consumption of search is 2917605137
This test insert number is :10000000
This test radio is:1
insert begin 
time_consumption of insert is 6458181225
resize_time = 1066551
resize_1_num = 21
resize_2_num = 917507
insert all over
time_consumption of search is 2946738117
This test insert number is :10000000
This test radio is:1
insert begin 
time_consumption of insert is 6480988335
resize_time = 1066110
resize_1_num = 21
resize_2_num = 917507
insert all over
time_consumption of search is 2947421036
This test insert number is :10000000
This test radio is:1
insert begin 
time_consumption of insert is 9071236671
resize_time = 1393579
resize_1_num = 21
resize_2_num = 917507
insert all over
time_consumption of search is 4117423845
This test insert number is :10000000
This test radio is:1
insert begin 
time_consumption of insert is 7573987061
resize_time = 1203510
resize_1_num = 21
resize_2_num = 917507
insert all over
time_consumption of search is 2966891461
This test insert number is :10000000
This test radio is:1
insert begin 
time_consumption of insert is 6647423125
resize_time = 1154986
resize_1_num = 21
resize_2_num = 917507
insert all over
time_consumption of search is 2912959446
This test insert number is :10000000
This test radio is:2
insert begin 
time_consumption of insert is 6759310379
resize_time = 1153388
resize_1_num = 21
resize_2_num = 918205
insert all over
time_consumption of search is 2924100148
This test insert number is :10000000
This test radio is:2
insert begin 
time_consumption of insert is 8993934615
resize_time = 1366317
resize_1_num = 21
resize_2_num = 918205
insert all over
time_consumption of search is 3491456539
This test insert number is :10000000
This test radio is:2
insert begin 
time_consumption of insert is 6571639407
resize_time = 1146532
resize_1_num = 21
resize_2_num = 918205
insert all over
time_consumption of search is 2948605506
This test insert number is :10000000
This test radio is:2
insert begin 
time_consumption of insert is 9094864567
resize_time = 1492150
resize_1_num = 21
resize_2_num = 918205
insert all over
time_consumption of search is 3970605972
This test insert number is :10000000
This test radio is:2
insert begin 
time_consumption of insert is 8747686062
resize_time = 1361913
resize_1_num = 21
resize_2_num = 918205
insert all over
time_consumption of search is 3060554433
This test insert number is :10000000
This test radio is:2
insert begin 
time_consumption of insert is 6602268740
resize_time = 1141777
resize_1_num = 21
resize_2_num = 918205
insert all over
time_consumption of search is 2886318214
This test insert number is :10000000
This test radio is:2
insert begin 
time_consumption of insert is 6623479769
resize_time = 1145566
resize_1_num = 21
resize_2_num = 918205
insert all over
time_consumption of search is 2892814097
This test insert number is :10000000
This test radio is:2
insert begin 
time_consumption of insert is 8621265839
resize_time = 1344831
resize_1_num = 21
resize_2_num = 918205
insert all over
time_consumption of search is 3992352644
This test insert number is :10000000
This test radio is:2
insert begin 
time_consumption of insert is 8768528012
resize_time = 1472052
resize_1_num = 21
resize_2_num = 918205
insert all over
time_consumption of search is 3105452369
This test insert number is :10000000
This test radio is:2
insert begin 
time_consumption of insert is 6482415352
resize_time = 1056062
resize_1_num = 21
resize_2_num = 918205
insert all over
time_consumption of search is 2893396693
This test insert number is :10000000
This test radio is:3
insert begin 
time_consumption of insert is 6545429217
resize_time = 1065352
resize_1_num = 21
resize_2_num = 918347
insert all over
time_consumption of search is 2813774468
This test insert number is :10000000
This test radio is:3
insert begin 
time_consumption of insert is 6605661210
resize_time = 1135869
resize_1_num = 21
resize_2_num = 918347
insert all over
time_consumption of search is 2931095078
This test insert number is :10000000
This test radio is:3
insert begin 
time_consumption of insert is 9438981339
resize_time = 1522877
resize_1_num = 21
resize_2_num = 918347
insert all over
time_consumption of search is 3617795843
This test insert number is :10000000
This test radio is:3
insert begin 
time_consumption of insert is 6913564404
resize_time = 1231278
resize_1_num = 21
resize_2_num = 918347
insert all over
time_consumption of search is 3000457761
This test insert number is :10000000
This test radio is:3
insert begin 
time_consumption of insert is 6742833717
resize_time = 1124624
resize_1_num = 21
resize_2_num = 918347
insert all over
time_consumption of search is 2980265002
This test insert number is :10000000
This test radio is:3
insert begin 
time_consumption of insert is 6775650640
resize_time = 1128546
resize_1_num = 21
resize_2_num = 918347
insert all over
time_consumption of search is 2980044703
This test insert number is :10000000
This test radio is:3
insert begin 
time_consumption of insert is 6989620624
resize_time = 1233578
resize_1_num = 21
resize_2_num = 918347
insert all over
time_consumption of search is 2988858229
This test insert number is :10000000
This test radio is:3
insert begin 
time_consumption of insert is 6898301381
resize_time = 1204302
resize_1_num = 21
resize_2_num = 918347
insert all over
time_consumption of search is 2980634563
This test insert number is :10000000
This test radio is:3
insert begin 
time_consumption of insert is 6924475758
resize_time = 1227708
resize_1_num = 21
resize_2_num = 918347
insert all over
time_consumption of search is 2983716535
This test insert number is :10000000
This test radio is:3
insert begin 
time_consumption of insert is 6788414659
resize_time = 1127823
resize_1_num = 21
resize_2_num = 918347
insert all over
time_consumption of search is 3003564676
This test insert number is :10000000
This test radio is:4
insert begin 
time_consumption of insert is 6837469933
resize_time = 1202373
resize_1_num = 21
resize_2_num = 918012
insert all over
time_consumption of search is 2906529478
This test insert number is :10000000
This test radio is:4
insert begin 
time_consumption of insert is 6536599924
resize_time = 1077552
resize_1_num = 21
resize_2_num = 918012
insert all over
time_consumption of search is 2950436042
This test insert number is :10000000
This test radio is:4
insert begin 
time_consumption of insert is 6568647653
resize_time = 1125392
resize_1_num = 21
resize_2_num = 918012
insert all over
time_consumption of search is 2856085262
This test insert number is :10000000
This test radio is:4
insert begin 
time_consumption of insert is 9037517944
resize_time = 1460601
resize_1_num = 21
resize_2_num = 918012
insert all over
time_consumption of search is 3620052211
This test insert number is :10000000
This test radio is:4
insert begin 
time_consumption of insert is 8901361069
resize_time = 1487017
resize_1_num = 21
resize_2_num = 918012
insert all over
time_consumption of search is 3265126639
This test insert number is :10000000
This test radio is:4
insert begin 
time_consumption of insert is 9067284479
resize_time = 1506147
resize_1_num = 21
resize_2_num = 918012
insert all over
time_consumption of search is 3615095573
This test insert number is :10000000
This test radio is:4
insert begin 
time_consumption of insert is 6976830093
resize_time = 1230617
resize_1_num = 21
resize_2_num = 918012
insert all over
time_consumption of search is 3366621961
This test insert number is :10000000
This test radio is:4
insert begin 
time_consumption of insert is 6655512786
resize_time = 1168716
resize_1_num = 21
resize_2_num = 918012
insert all over
time_consumption of search is 2852445420
This test insert number is :10000000
This test radio is:4
insert begin 
time_consumption of insert is 6567900925
resize_time = 1146700
resize_1_num = 21
resize_2_num = 918012
insert all over
time_consumption of search is 2848677079
This test insert number is :10000000
This test radio is:4
insert begin 
time_consumption of insert is 6427171477
resize_time = 1062501
resize_1_num = 21
resize_2_num = 918012
insert all over
time_consumption of search is 2852138604
This test insert number is :10000000
This test radio is:5
insert begin 
time_consumption of insert is 6426181400
resize_time = 1056010
resize_1_num = 21
resize_2_num = 917469
insert all over
time_consumption of search is 2836532040
This test insert number is :10000000
This test radio is:5
insert begin 
time_consumption of insert is 6439759556
resize_time = 1060844
resize_1_num = 21
resize_2_num = 917469
insert all over
time_consumption of search is 2832812738
This test insert number is :10000000
This test radio is:5
insert begin 
time_consumption of insert is 6462687530
resize_time = 1109490
resize_1_num = 21
resize_2_num = 917469
insert all over
time_consumption of search is 2828478367
This test insert number is :10000000
This test radio is:5
insert begin 
time_consumption of insert is 9210164652
resize_time = 1402313
resize_1_num = 21
resize_2_num = 917469
insert all over
time_consumption of search is 3848790229
This test insert number is :10000000
This test radio is:5
insert begin 
time_consumption of insert is 6972126053
resize_time = 1178835
resize_1_num = 21
resize_2_num = 917469
insert all over
time_consumption of search is 2988951355
This test insert number is :10000000
This test radio is:5
insert begin 
time_consumption of insert is 6607205919
resize_time = 1139798
resize_1_num = 21
resize_2_num = 917469
insert all over
time_consumption of search is 2760385411
This test insert number is :10000000
This test radio is:5
insert begin 
time_consumption of insert is 6671941979
resize_time = 1141617
resize_1_num = 21
resize_2_num = 917469
insert all over
time_consumption of search is 2769353715
This test insert number is :10000000
This test radio is:5
insert begin 
time_consumption of insert is 6616827682
resize_time = 1131387
resize_1_num = 21
resize_2_num = 917469
insert all over
time_consumption of search is 2812763768
This test insert number is :10000000
This test radio is:5
insert begin 
time_consumption of insert is 8762502592
resize_time = 1317978
resize_1_num = 21
resize_2_num = 917469
insert all over
time_consumption of search is 2976097925
This test insert number is :10000000
This test radio is:5
insert begin 
time_consumption of insert is 6513004710
resize_time = 1074464
resize_1_num = 21
resize_2_num = 917469
insert all over
time_consumption of search is 2770592437
This test insert number is :10000000
This test radio is:6
insert begin 
time_consumption of insert is 6498863234
resize_time = 1116380
resize_1_num = 21
resize_2_num = 917481
insert all over
time_consumption of search is 2815837894
This test insert number is :10000000
This test radio is:6
insert begin 
time_consumption of insert is 9257033648
resize_time = 1408420
resize_1_num = 21
resize_2_num = 917481
insert all over
time_consumption of search is 3801949598
This test insert number is :10000000
This test radio is:6
insert begin 
time_consumption of insert is 8080759238
resize_time = 1369845
resize_1_num = 21
resize_2_num = 917481
insert all over
time_consumption of search is 3281106207
This test insert number is :10000000
This test radio is:6
insert begin 
time_consumption of insert is 6916489983
resize_time = 1099763
resize_1_num = 21
resize_2_num = 917481
insert all over
time_consumption of search is 2792581705
This test insert number is :10000000
This test radio is:6
insert begin 
time_consumption of insert is 6592273730
resize_time = 1135051
resize_1_num = 21
resize_2_num = 917481
insert all over
time_consumption of search is 2791856716
This test insert number is :10000000
This test radio is:6
insert begin 
time_consumption of insert is 6596731971
resize_time = 1079695
resize_1_num = 21
resize_2_num = 917481
insert all over
time_consumption of search is 2796609843
This test insert number is :10000000
This test radio is:6
insert begin 
time_consumption of insert is 6625731842
resize_time = 1094099
resize_1_num = 21
resize_2_num = 917481
insert all over
time_consumption of search is 2797362639
This test insert number is :10000000
This test radio is:6
insert begin 
time_consumption of insert is 6516635216
resize_time = 1118762
resize_1_num = 21
resize_2_num = 917481
insert all over
time_consumption of search is 2807947175
This test insert number is :10000000
This test radio is:6
insert begin 
time_consumption of insert is 6471928260
resize_time = 1060355
resize_1_num = 21
resize_2_num = 917481
insert all over
time_consumption of search is 2826097173
This test insert number is :10000000
This test radio is:6
insert begin 
time_consumption of insert is 8955379213
resize_time = 1451985
resize_1_num = 21
resize_2_num = 917481
insert all over
time_consumption of search is 2969446784
This test insert number is :10000000
This test radio is:7
insert begin 
time_consumption of insert is 6596424396
resize_time = 1150415
resize_1_num = 21
resize_2_num = 917735
insert all over
time_consumption of search is 2775165559
This test insert number is :10000000
This test radio is:7
insert begin 
time_consumption of insert is 7260818857
resize_time = 1242218
resize_1_num = 21
resize_2_num = 917735
insert all over
time_consumption of search is 4089411634
This test insert number is :10000000
This test radio is:7
insert begin 
time_consumption of insert is 6622773741
resize_time = 1253090
resize_1_num = 21
resize_2_num = 917735
insert all over
time_consumption of search is 2770580443
This test insert number is :10000000
This test radio is:7
insert begin 
time_consumption of insert is 6536344690
resize_time = 1129112
resize_1_num = 21
resize_2_num = 917735
insert all over
time_consumption of search is 2757128717
This test insert number is :10000000
This test radio is:7
insert begin 
time_consumption of insert is 6348006199
resize_time = 1030862
resize_1_num = 21
resize_2_num = 917735
insert all over
time_consumption of search is 2750139728
This test insert number is :10000000
This test radio is:7
insert begin 
time_consumption of insert is 6533591414
resize_time = 1056276
resize_1_num = 21
resize_2_num = 917735
insert all over
time_consumption of search is 2756791999
This test insert number is :10000000
This test radio is:7
insert begin 
time_consumption of insert is 9163809817
resize_time = 1491597
resize_1_num = 21
resize_2_num = 917735
insert all over
time_consumption of search is 3319361705
This test insert number is :10000000
This test radio is:7
insert begin 
time_consumption of insert is 6892587100
resize_time = 1168534
resize_1_num = 21
resize_2_num = 917735
insert all over
time_consumption of search is 2795598945
This test insert number is :10000000
This test radio is:7
insert begin 
time_consumption of insert is 6768000809
resize_time = 1113979
resize_1_num = 21
resize_2_num = 917735
insert all over
time_consumption of search is 2812835891
This test insert number is :10000000
This test radio is:7
insert begin 
time_consumption of insert is 6576767817
resize_time = 1074662
resize_1_num = 21
resize_2_num = 917735
insert all over
time_consumption of search is 2769067205
This test insert number is :10000000
This test radio is:8
insert begin 
time_consumption of insert is 6561289457
resize_time = 1083642
resize_1_num = 21
resize_2_num = 917361
insert all over
time_consumption of search is 2767672965
This test insert number is :10000000
This test radio is:8
insert begin 
time_consumption of insert is 6535533832
resize_time = 1128814
resize_1_num = 21
resize_2_num = 917361
insert all over
time_consumption of search is 2732235426
This test insert number is :10000000
This test radio is:8
insert begin 
time_consumption of insert is 6469579556
resize_time = 1055925
resize_1_num = 21
resize_2_num = 917361
insert all over
time_consumption of search is 2725044998
This test insert number is :10000000
This test radio is:8
insert begin 
time_consumption of insert is 6435151645
resize_time = 1053192
resize_1_num = 21
resize_2_num = 917361
insert all over
time_consumption of search is 2716487944
This test insert number is :10000000
This test radio is:8
insert begin 
time_consumption of insert is 6474206197
resize_time = 1120241
resize_1_num = 21
resize_2_num = 917361
insert all over
time_consumption of search is 2694028013
This test insert number is :10000000
This test radio is:8
insert begin 
time_consumption of insert is 6444725302
resize_time = 1044137
resize_1_num = 21
resize_2_num = 917361
insert all over
time_consumption of search is 2794698340
This test insert number is :10000000
This test radio is:8
insert begin 
time_consumption of insert is 6418212948
resize_time = 1054872
resize_1_num = 21
resize_2_num = 917361
insert all over
time_consumption of search is 2690970705
This test insert number is :10000000
This test radio is:8
insert begin 
time_consumption of insert is 9551466715
resize_time = 1522921
resize_1_num = 21
resize_2_num = 917361
insert all over
time_consumption of search is 3394348913
This test insert number is :10000000
This test radio is:8
insert begin 
time_consumption of insert is 9291890824
resize_time = 1516181
resize_1_num = 21
resize_2_num = 917361
insert all over
time_consumption of search is 3420419523
This test insert number is :10000000
This test radio is:8
insert begin 
time_consumption of insert is 6493080075
resize_time = 1134471
resize_1_num = 21
resize_2_num = 917361
insert all over
time_consumption of search is 2732566014
This test insert number is :10000000
This test radio is:9
insert begin 
time_consumption of insert is 9208104343
resize_time = 1496246
resize_1_num = 21
resize_2_num = 917769
insert all over
time_consumption of search is 2910246025
This test insert number is :10000000
This test radio is:9
insert begin 
time_consumption of insert is 6557980006
resize_time = 1060571
resize_1_num = 21
resize_2_num = 917769
insert all over
time_consumption of search is 2710438959
This test insert number is :10000000
This test radio is:9
insert begin 
time_consumption of insert is 6608528732
resize_time = 1138060
resize_1_num = 21
resize_2_num = 917769
insert all over
time_consumption of search is 2710525137
This test insert number is :10000000
This test radio is:9
insert begin 
time_consumption of insert is 6531445258
resize_time = 1125127
resize_1_num = 21
resize_2_num = 917769
insert all over
time_consumption of search is 2717664225
This test insert number is :10000000
This test radio is:9
insert begin 
time_consumption of insert is 6542569673
resize_time = 1125796
resize_1_num = 21
resize_2_num = 917769
insert all over
time_consumption of search is 2755083032
This test insert number is :10000000
This test radio is:9
insert begin 
time_consumption of insert is 9084509756
resize_time = 1494927
resize_1_num = 21
resize_2_num = 917769
insert all over
time_consumption of search is 3381562964
This test insert number is :10000000
This test radio is:9
insert begin 
time_consumption of insert is 6678101326
resize_time = 1172285
resize_1_num = 21
resize_2_num = 917769
insert all over
time_consumption of search is 2791654626
This test insert number is :10000000
This test radio is:9
insert begin 
time_consumption of insert is 6486777107
resize_time = 1060322
resize_1_num = 21
resize_2_num = 917769
insert all over
time_consumption of search is 2718348703
This test insert number is :10000000
This test radio is:9
insert begin 
time_consumption of insert is 6494509756
resize_time = 1065539
resize_1_num = 21
resize_2_num = 917769
insert all over
time_consumption of search is 2725110543
This test insert number is :10000000
This test radio is:9
insert begin 
time_consumption of insert is 6519452644
resize_time = 1131549
resize_1_num = 21
resize_2_num = 917769
insert all over
time_consumption of search is 2663629634
This test insert number is :10000000
This test radio is:10
insert begin 
time_consumption of insert is 6431430782
resize_time = 1052601
resize_1_num = 21
resize_2_num = 917353
insert all over
time_consumption of search is 2695657374
This test insert number is :10000000
This test radio is:10
insert begin 
time_consumption of insert is 6419740947
resize_time = 1053780
resize_1_num = 21
resize_2_num = 917353
insert all over
time_consumption of search is 2693685793
This test insert number is :10000000
This test radio is:10
insert begin 
time_consumption of insert is 9192957223
resize_time = 1493365
resize_1_num = 21
resize_2_num = 917353
insert all over
time_consumption of search is 2917464926
This test insert number is :10000000
This test radio is:10
insert begin 
time_consumption of insert is 6660569872
resize_time = 1158273
resize_1_num = 21
resize_2_num = 917353
insert all over
time_consumption of search is 2724736975
This test insert number is :10000000
This test radio is:1
insert begin 
time_consumption of insert is 6512904138
resize_time = 1066392
resize_1_num = 21
resize_2_num = 917507
insert all over
time_consumption of search is 2886423220
This test insert number is :10000000
This test radio is:1
insert begin 
time_consumption of insert is 6629215894
resize_time = 1074976
resize_1_num = 21
resize_2_num = 917507
insert all over
time_consumption of search is 2907634824
This test insert number is :10000000
This test radio is:1
insert begin 
time_consumption of insert is 6572039884
resize_time = 1133536
resize_1_num = 21
resize_2_num = 917507
insert all over
time_consumption of search is 2912666552
This test insert number is :10000000
This test radio is:1
insert begin 
time_consumption of insert is 8568891883
resize_time = 1332796
resize_1_num = 21
resize_2_num = 917507
insert all over
time_consumption of search is 3641308697
This test insert number is :10000000
This test radio is:1
insert begin 
time_consumption of insert is 6689032989
resize_time = 1135405
resize_1_num = 21
resize_2_num = 917507
insert all over
time_consumption of search is 3124510422
This test insert number is :10000000
This test radio is:1
insert begin 
time_consumption of insert is 6629237908
resize_time = 1155417
resize_1_num = 21
resize_2_num = 917507
insert all over
time_consumption of search is 2916607342
This test insert number is :10000000
This test radio is:1
insert begin 
time_consumption of insert is 6765802596
resize_time = 1173231
resize_1_num = 21
resize_2_num = 917507
insert all over
time_consumption of search is 2988146599
This test insert number is :10000000
This test radio is:1
insert begin 
time_consumption of insert is 6639301200
resize_time = 1162196
resize_1_num = 21
resize_2_num = 917507
insert all over
time_consumption of search is 2918046175
This test insert number is :10000000
This test radio is:1
insert begin 
time_consumption of insert is 6616460322
resize_time = 1092548
resize_1_num = 21
resize_2_num = 917507
insert all over
time_consumption of search is 2914316753
This test insert number is :10000000
This test radio is:1
insert begin 
time_consumption of insert is 6585945289
resize_time = 1092873
resize_1_num = 21
resize_2_num = 917507
insert all over
time_consumption of search is 2917965106
This test insert number is :10000000
This test radio is:2
insert begin 
time_consumption of insert is 6777977664
resize_time = 1155093
resize_1_num = 21
resize_2_num = 918205
insert all over
time_consumption of search is 2889108242
This test insert number is :10000000
This test radio is:2
insert begin 
time_consumption of insert is 6494950222
resize_time = 1054411
resize_1_num = 21
resize_2_num = 918205
insert all over
time_consumption of search is 2905450183
This test insert number is :10000000
This test radio is:2
insert begin 
time_consumption of insert is 6518750458
resize_time = 1132208
resize_1_num = 21
resize_2_num = 918205
insert all over
time_consumption of search is 2896894073
This test insert number is :10000000
This test radio is:2
insert begin 
time_consumption of insert is 6435556070
resize_time = 1045489
resize_1_num = 21
resize_2_num = 918205
insert all over
time_consumption of search is 2893678947
This test insert number is :10000000
This test radio is:2
insert begin 
time_consumption of insert is 6557803572
resize_time = 1139776
resize_1_num = 21
resize_2_num = 918205
insert all over
time_consumption of search is 2900244347
This test insert number is :10000000
This test radio is:2
insert begin 
time_consumption of insert is 6502705778
resize_time = 1130053
resize_1_num = 21
resize_2_num = 918205
insert all over
time_consumption of search is 2893852193
This test insert number is :10000000
This test radio is:2
insert begin 
time_consumption of insert is 6505471445
resize_time = 1070188
resize_1_num = 21
resize_2_num = 918205
insert all over
time_consumption of search is 2890160611
This test insert number is :10000000
This test radio is:2
insert begin 
time_consumption of insert is 6499281966
resize_time = 1069187
resize_1_num = 21
resize_2_num = 918205
insert all over
time_consumption of search is 2895677680
This test insert number is :10000000
This test radio is:2
insert begin 
time_consumption of insert is 6575987322
resize_time = 1137129
resize_1_num = 21
resize_2_num = 918205
insert all over
time_consumption of search is 2891272634
This test insert number is :10000000
This test radio is:2
insert begin 
time_consumption of insert is 6546472078
resize_time = 1130388
resize_1_num = 21
resize_2_num = 918205
insert all over
time_consumption of search is 2937494167
This test insert number is :10000000
This test radio is:3
insert begin 
time_consumption of insert is 6589461012
resize_time = 1128117
resize_1_num = 21
resize_2_num = 918347
insert all over
time_consumption of search is 2873068958
This test insert number is :10000000
This test radio is:3
insert begin 
time_consumption of insert is 6550931124
resize_time = 1083368
resize_1_num = 21
resize_2_num = 918347
insert all over
time_consumption of search is 2869509855
This test insert number is :10000000
This test radio is:3
insert begin 
time_consumption of insert is 6640633923
resize_time = 1133333
resize_1_num = 21
resize_2_num = 918347
insert all over
time_consumption of search is 2863796061
This test insert number is :10000000
This test radio is:3
insert begin 
time_consumption of insert is 9285978741
resize_time = 1386212
resize_1_num = 21
resize_2_num = 918347
insert all over
time_consumption of search is 4077289961
This test insert number is :10000000
This test radio is:3
insert begin 
time_consumption of insert is 6908636867
resize_time = 1147038
resize_1_num = 21
resize_2_num = 918347
insert all over
time_consumption of search is 3027880924
This test insert number is :10000000
This test radio is:3
insert begin 
time_consumption of insert is 6521293936
resize_time = 1062047
resize_1_num = 21
resize_2_num = 918347
insert all over
time_consumption of search is 2830695182
This test insert number is :10000000
This test radio is:3
insert begin 
time_consumption of insert is 6637054567
resize_time = 1137858
resize_1_num = 21
resize_2_num = 918347
insert all over
time_consumption of search is 2827986500
This test insert number is :10000000
This test radio is:3
insert begin 
time_consumption of insert is 9066704579
resize_time = 1391171
resize_1_num = 21
resize_2_num = 918347
insert all over
time_consumption of search is 3030507314
This test insert number is :10000000
This test radio is:3
insert begin 
time_consumption of insert is 6623339444
resize_time = 1101315
resize_1_num = 21
resize_2_num = 918347
insert all over
time_consumption of search is 2835320650
This test insert number is :10000000
This test radio is:3
insert begin 
time_consumption of insert is 6687624737
resize_time = 1085070
resize_1_num = 21
resize_2_num = 918347
insert all over
time_consumption of search is 2823382187
This test insert number is :10000000
This test radio is:4
insert begin 
time_consumption of insert is 9066452073
resize_time = 1406614
resize_1_num = 21
resize_2_num = 918012
insert all over
time_consumption of search is 3657122030
This test insert number is :10000000
This test radio is:4
insert begin 
time_consumption of insert is 6573721645
resize_time = 1133900
resize_1_num = 21
resize_2_num = 918012
insert all over
time_consumption of search is 2797804580
This test insert number is :10000000
This test radio is:4
insert begin 
time_consumption of insert is 6657613377
resize_time = 1145644
resize_1_num = 21
resize_2_num = 918012
insert all over
time_consumption of search is 2819148100
This test insert number is :10000000
This test radio is:4
insert begin 
time_consumption of insert is 6403737633
resize_time = 1043839
resize_1_num = 21
resize_2_num = 918012
insert all over
time_consumption of search is 2807721137
This test insert number is :10000000
This test radio is:4
insert begin 
time_consumption of insert is 6511342452
resize_time = 1125591
resize_1_num = 21
resize_2_num = 918012
insert all over
time_consumption of search is 2802743544
This test insert number is :10000000
This test radio is:4
insert begin 
time_consumption of insert is 6475000462
resize_time = 1065318
resize_1_num = 21
resize_2_num = 918012
insert all over
time_consumption of search is 2801807008
This test insert number is :10000000
This test radio is:4
insert begin 
time_consumption of insert is 6531625390
resize_time = 1129640
resize_1_num = 21
resize_2_num = 918012
insert all over
time_consumption of search is 2801121722
This test insert number is :10000000
This test radio is:4
insert begin 
time_consumption of insert is 6577819368
resize_time = 1143217
resize_1_num = 21
resize_2_num = 918012
insert all over
time_consumption of search is 2801099286
This test insert number is :10000000
This test radio is:4
insert begin 
time_consumption of insert is 6580784801
resize_time = 1087295
resize_1_num = 21
resize_2_num = 918012
insert all over
time_consumption of search is 2806882041
This test insert number is :10000000
This test radio is:4
insert begin 
time_consumption of insert is 6533829694
resize_time = 1131155
resize_1_num = 21
resize_2_num = 918012
insert all over
time_consumption of search is 2891724668
This test insert number is :10000000
This test radio is:5
insert begin 
time_consumption of insert is 6437675435
resize_time = 1056289
resize_1_num = 21
resize_2_num = 917469
insert all over
time_consumption of search is 2811113978
This test insert number is :10000000
This test radio is:5
insert begin 
time_consumption of insert is 6496768697
resize_time = 1131807
resize_1_num = 21
resize_2_num = 917469
insert all over
time_consumption of search is 2814868124
This test insert number is :10000000
This test radio is:5
insert begin 
time_consumption of insert is 6530059178
resize_time = 1128742
resize_1_num = 21
resize_2_num = 917469
insert all over
time_consumption of search is 2777916618
This test insert number is :10000000
This test radio is:5
insert begin 
time_consumption of insert is 6464257023
resize_time = 1053658
resize_1_num = 21
resize_2_num = 917469
insert all over
time_consumption of search is 2840022578
This test insert number is :10000000
This test radio is:5
insert begin 
time_consumption of insert is 6547587933
resize_time = 1072904
resize_1_num = 21
resize_2_num = 917469
insert all over
time_consumption of search is 2853707576
This test insert number is :10000000
This test radio is:5
insert begin 
time_consumption of insert is 6566055350
resize_time = 1125458
resize_1_num = 21
resize_2_num = 917469
insert all over
time_consumption of search is 2767307324
This test insert number is :10000000
This test radio is:5
insert begin 
time_consumption of insert is 6546792561
resize_time = 1124859
resize_1_num = 21
resize_2_num = 917469
insert all over
time_consumption of search is 2912120023
This test insert number is :10000000
This test radio is:5
insert begin 
time_consumption of insert is 6486508627
resize_time = 1063428
resize_1_num = 21
resize_2_num = 917469
insert all over
time_consumption of search is 2898460225
This test insert number is :10000000
This test radio is:5
insert begin 
time_consumption of insert is 6498892888
resize_time = 1125762
resize_1_num = 21
resize_2_num = 917469
insert all over
time_consumption of search is 2839172230
This test insert number is :10000000
This test radio is:5
insert begin 
time_consumption of insert is 9362952618
resize_time = 1516369
resize_1_num = 21
resize_2_num = 917469
insert all over
time_consumption of search is 4183644849
This test insert number is :10000000
This test radio is:6
insert begin 
time_consumption of insert is 7360159959
resize_time = 1208968
resize_1_num = 21
resize_2_num = 917481
insert all over
time_consumption of search is 2973212391
This test insert number is :10000000
This test radio is:6
insert begin 
time_consumption of insert is 6679741310
resize_time = 1153811
resize_1_num = 21
resize_2_num = 917481
insert all over
time_consumption of search is 2790733708
This test insert number is :10000000
This test radio is:6
insert begin 
time_consumption of insert is 8958026237
resize_time = 1473211
resize_1_num = 21
resize_2_num = 917481
insert all over
time_consumption of search is 2983143245
This test insert number is :10000000
This test radio is:6
insert begin 
time_consumption of insert is 6571129112
resize_time = 1146590
resize_1_num = 21
resize_2_num = 917481
insert all over
time_consumption of search is 2853787050
This test insert number is :10000000
This test radio is:6
insert begin 
time_consumption of insert is 6504623446
resize_time = 1123973
resize_1_num = 21
resize_2_num = 917481
insert all over
time_consumption of search is 2816867652
This test insert number is :10000000
This test radio is:6
insert begin 
time_consumption of insert is 6517986528
resize_time = 1120440
resize_1_num = 21
resize_2_num = 917481
insert all over
time_consumption of search is 2795096822
This test insert number is :10000000
This test radio is:6
insert begin 
time_consumption of insert is 6506432343
resize_time = 1122373
resize_1_num = 21
resize_2_num = 917481
insert all over
time_consumption of search is 2792857849
This test insert number is :10000000
This test radio is:6
insert begin 
time_consumption of insert is 6515960710
resize_time = 1124218
resize_1_num = 21
resize_2_num = 917481
insert all over
time_consumption of search is 2795456105
This test insert number is :10000000
This test radio is:6
insert begin 
time_consumption of insert is 6508427791
resize_time = 1117266
resize_1_num = 21
resize_2_num = 917481
insert all over
time_consumption of search is 2803057191
This test insert number is :10000000
This test radio is:6
insert begin 
time_consumption of insert is 6609050733
resize_time = 1139656
resize_1_num = 21
resize_2_num = 917481
insert all over
time_consumption of search is 2801592712
This test insert number is :10000000
This test radio is:7
insert begin 
time_consumption of insert is 6627033024
resize_time = 1146849
resize_1_num = 21
resize_2_num = 917735
insert all over
time_consumption of search is 2774559267
This test insert number is :10000000
This test radio is:7
insert begin 
time_consumption of insert is 6547795371
resize_time = 1125562
resize_1_num = 21
resize_2_num = 917735
insert all over
time_consumption of search is 2781920150
This test insert number is :10000000
This test radio is:7
insert begin 
time_consumption of insert is 6666455466
resize_time = 1155338
resize_1_num = 21
resize_2_num = 917735
insert all over
time_consumption of search is 2775594953
This test insert number is :10000000
This test radio is:7
insert begin 
time_consumption of insert is 8411140129
resize_time = 1332508
resize_1_num = 21
resize_2_num = 917735
insert all over
time_consumption of search is 2828370985
This test insert number is :10000000
This test radio is:7
insert begin 
time_consumption of insert is 6629799318
resize_time = 1097419
resize_1_num = 21
resize_2_num = 917735
insert all over
time_consumption of search is 2786544043
This test insert number is :10000000
This test radio is:7
insert begin 
time_consumption of insert is 6698467917
resize_time = 1221675
resize_1_num = 21
resize_2_num = 917735
insert all over
time_consumption of search is 2775000758
This test insert number is :10000000
This test radio is:7
insert begin 
time_consumption of insert is 6595926117
resize_time = 1143130
resize_1_num = 21
resize_2_num = 917735
insert all over
time_consumption of search is 2783060803
This test insert number is :10000000
This test radio is:7
insert begin 
time_consumption of insert is 6523678318
resize_time = 1117897
resize_1_num = 21
resize_2_num = 917735
insert all over
time_consumption of search is 2793960266
This test insert number is :10000000
This test radio is:7
insert begin 
time_consumption of insert is 6436363174
resize_time = 1042569
resize_1_num = 21
resize_2_num = 917735
insert all over
time_consumption of search is 2800935930
This test insert number is :10000000
This test radio is:7
insert begin 
time_consumption of insert is 9246369265
resize_time = 1511608
resize_1_num = 21
resize_2_num = 917735
insert all over
time_consumption of search is 3656136936
This test insert number is :10000000
This test radio is:8
insert begin 
time_consumption of insert is 7111935281
resize_time = 1267412
resize_1_num = 21
resize_2_num = 917361
insert all over
time_consumption of search is 3038539030
This test insert number is :10000000
This test radio is:8
insert begin 
time_consumption of insert is 6585093362
resize_time = 1075438
resize_1_num = 21
resize_2_num = 917361
insert all over
time_consumption of search is 2741975328
This test insert number is :10000000
This test radio is:8
insert begin 
time_consumption of insert is 6876170307
resize_time = 1182923
resize_1_num = 21
resize_2_num = 917361
insert all over
time_consumption of search is 2725971817
This test insert number is :10000000
This test radio is:8
insert begin 
time_consumption of insert is 6586018831
resize_time = 1131731
resize_1_num = 21
resize_2_num = 917361
insert all over
time_consumption of search is 2721925412
This test insert number is :10000000
This test radio is:8
insert begin 
time_consumption of insert is 9473015152
resize_time = 1523691
resize_1_num = 21
resize_2_num = 917361
insert all over
time_consumption of search is 3368997792
This test insert number is :10000000
This test radio is:8
insert begin 
time_consumption of insert is 6658977910
resize_time = 1110914
resize_1_num = 21
resize_2_num = 917361
insert all over
time_consumption of search is 2793100533
This test insert number is :10000000
This test radio is:8
insert begin 
time_consumption of insert is 6616985506
resize_time = 1131146
resize_1_num = 21
resize_2_num = 917361
insert all over
time_consumption of search is 2739086802
This test insert number is :10000000
This test radio is:8
insert begin 
time_consumption of insert is 9264759424
resize_time = 1492894
resize_1_num = 21
resize_2_num = 917361
insert all over
time_consumption of search is 3440386621
This test insert number is :10000000
This test radio is:8
insert begin 
time_consumption of insert is 8914409945
resize_time = 1376489
resize_1_num = 21
resize_2_num = 917361
insert all over
time_consumption of search is 3778838202
This test insert number is :10000000
This test radio is:8
insert begin 
time_consumption of insert is 6933922221
resize_time = 1153755
resize_1_num = 21
resize_2_num = 917361
insert all over
time_consumption of search is 3349773848
This test insert number is :10000000
This test radio is:9
insert begin 
time_consumption of insert is 6432966500
resize_time = 1051841
resize_1_num = 21
resize_2_num = 917769
insert all over
time_consumption of search is 2713573204
This test insert number is :10000000
This test radio is:9
insert begin 
time_consumption of insert is 6623458175
resize_time = 1097121
resize_1_num = 21
resize_2_num = 917769
insert all over
time_consumption of search is 2708879188
This test insert number is :10000000
This test radio is:9
insert begin 
time_consumption of insert is 6493436569
resize_time = 1055759
resize_1_num = 21
resize_2_num = 917769
insert all over
time_consumption of search is 2674588015
This test insert number is :10000000
This test radio is:9
insert begin 
time_consumption of insert is 6391626845
resize_time = 1052383
resize_1_num = 21
resize_2_num = 917769
insert all over
time_consumption of search is 2681535211
This test insert number is :10000000
This test radio is:9
insert begin 
time_consumption of insert is 6355737565
resize_time = 1040851
resize_1_num = 21
resize_2_num = 917769
insert all over
time_consumption of search is 2651181480
This test insert number is :10000000
This test radio is:9
insert begin 
time_consumption of insert is 6477438049
resize_time = 1052369
resize_1_num = 21
resize_2_num = 917769
insert all over
time_consumption of search is 2668505394
This test insert number is :10000000
This test radio is:9
insert begin 
time_consumption of insert is 8243124516
resize_time = 1292020
resize_1_num = 21
resize_2_num = 917769
insert all over
time_consumption of search is 3725635343
This test insert number is :10000000
This test radio is:9
insert begin 
time_consumption of insert is 7241472138
resize_time = 1194400
resize_1_num = 21
resize_2_num = 917769
insert all over
time_consumption of search is 2945004125
This test insert number is :10000000
This test radio is:9
insert begin 
time_consumption of insert is 8962449218
resize_time = 1483798
resize_1_num = 21
resize_2_num = 917769
insert all over
time_consumption of search is 3824436510
This test insert number is :10000000
This test radio is:9
insert begin 
time_consumption of insert is 6980327393
resize_time = 1171957
resize_1_num = 21
resize_2_num = 917769
insert all over
time_consumption of search is 3150844685
This test insert number is :10000000
This test radio is:10
insert begin 
time_consumption of insert is 9377918979
resize_time = 1536258
resize_1_num = 21
resize_2_num = 917353
insert all over
time_consumption of search is 3910779552
This test insert number is :10000000
This test radio is:10
insert begin 
time_consumption of insert is 8315940841
resize_time = 1304605
resize_1_num = 21
resize_2_num = 917353
insert all over
time_consumption of search is 2873918118
This test insert number is :10000000
This test radio is:10
insert begin 
time_consumption of insert is 7331290047
resize_time = 1257429
resize_1_num = 21
resize_2_num = 917353
insert all over
time_consumption of search is 2685256313
This test insert number is :10000000
This test radio is:10
insert begin 
time_consumption of insert is 6616117279
resize_time = 1143224
resize_1_num = 21
resize_2_num = 917353
insert all over
time_consumption of search is 2650621723
This test insert number is :10000000
This test radio is:10
insert begin 
time_consumption of insert is 8060369901
resize_time = 1292518
resize_1_num = 21
resize_2_num = 917353
insert all over
time_consumption of search is 2868819347
This test insert number is :10000000
This test radio is:10
insert begin 
time_consumption of insert is 8184093152
resize_time = 1404554
resize_1_num = 21
resize_2_num = 917353
insert all over
time_consumption of search is 3742487595
This test insert number is :10000000
This test radio is:10
insert begin 
time_consumption of insert is 7047304141
resize_time = 1173617
resize_1_num = 21
resize_2_num = 917353
insert all over
time_consumption of search is 3062512423
This test insert number is :10000000
This test radio is:10
insert begin 
time_consumption of insert is 6465820940
resize_time = 1043286
resize_1_num = 21
resize_2_num = 917353
insert all over
time_consumption of search is 2725952607
This test insert number is :10000000
This test radio is:10
insert begin 
time_consumption of insert is 6457459912
resize_time = 1118396
resize_1_num = 21
resize_2_num = 917353
insert all over
time_consumption of search is 2684634342
This test insert number is :10000000
This test radio is:10
insert begin 
time_consumption of insert is 6451378346
resize_time = 1056314
resize_1_num = 21
resize_2_num = 917353
insert all over
time_consumption of search is 2679046574
