This test insert number is :10000000
This test radio is:1
insert begin 
time_consumption of insert is 5823248151
resize_time = 0
resize_1_num = 0
resize_2_num = 0
insert all over
time_consumption of search is 2767297504
This test insert number is :10000000
This test radio is:1
insert begin 
time_consumption of insert is 5721285978
resize_time = 0
resize_1_num = 0
resize_2_num = 0
insert all over
time_consumption of search is 2744243827
This test insert number is :10000000
This test radio is:1
insert begin 
time_consumption of insert is 5791128050
resize_time = 0
resize_1_num = 0
resize_2_num = 0
insert all over
time_consumption of search is 2742929429
This test insert number is :10000000
This test radio is:1
insert begin 
time_consumption of insert is 5734582426
resize_time = 0
resize_1_num = 0
resize_2_num = 0
insert all over
time_consumption of search is 2752568553
This test insert number is :10000000
This test radio is:1
insert begin 
time_consumption of insert is 8415412632
resize_time = 0
resize_1_num = 0
resize_2_num = 0
insert all over
time_consumption of search is 3449200121
This test insert number is :10000000
This test radio is:1
insert begin 
time_consumption of insert is 6094239199
resize_time = 0
resize_1_num = 0
resize_2_num = 0
insert all over
time_consumption of search is 2967782239
This test insert number is :10000000
This test radio is:1
insert begin 
time_consumption of insert is 5807116737
resize_time = 0
resize_1_num = 0
resize_2_num = 0
insert all over
time_consumption of search is 2747833123
This test insert number is :10000000
This test radio is:1
insert begin 
time_consumption of insert is 5824481932
resize_time = 0
resize_1_num = 0
resize_2_num = 0
insert all over
time_consumption of search is 2783051921
This test insert number is :10000000
This test radio is:1
insert begin 
time_consumption of insert is 5778229436
resize_time = 0
resize_1_num = 0
resize_2_num = 0
insert all over
time_consumption of search is 2747538157
This test insert number is :10000000
This test radio is:1
insert begin 
time_consumption of insert is 8925422269
resize_time = 0
resize_1_num = 0
resize_2_num = 0
insert all over
time_consumption of search is 3210338224
This test insert number is :10000000
This test radio is:2
insert begin 
time_consumption of insert is 8402155180
resize_time = 0
resize_1_num = 0
resize_2_num = 0
insert all over
time_consumption of search is 3396826337
This test insert number is :10000000
This test radio is:2
insert begin 
time_consumption of insert is 6031136780
resize_time = 0
resize_1_num = 0
resize_2_num = 0
insert all over
time_consumption of search is 2749751378
This test insert number is :10000000
This test radio is:2
insert begin 
time_consumption of insert is 5741879510
resize_time = 0
resize_1_num = 0
resize_2_num = 0
insert all over
time_consumption of search is 2752145220
This test insert number is :10000000
This test radio is:2
insert begin 
time_consumption of insert is 5761227476
resize_time = 0
resize_1_num = 0
resize_2_num = 0
insert all over
time_consumption of search is 2747264003
This test insert number is :10000000
This test radio is:2
insert begin 
time_consumption of insert is 5713583960
resize_time = 0
resize_1_num = 0
resize_2_num = 0
insert all over
time_consumption of search is 2746392580
This test insert number is :10000000
This test radio is:2
insert begin 
time_consumption of insert is 5706131210
resize_time = 0
resize_1_num = 0
resize_2_num = 0
insert all over
time_consumption of search is 2746609912
This test insert number is :10000000
This test radio is:2
insert begin 
time_consumption of insert is 5707252301
resize_time = 0
resize_1_num = 0
resize_2_num = 0
insert all over
time_consumption of search is 2816386179
This test insert number is :10000000
This test radio is:2
insert begin 
time_consumption of insert is 5694424034
resize_time = 0
resize_1_num = 0
resize_2_num = 0
insert all over
time_consumption of search is 2828121586
This test insert number is :10000000
This test radio is:2
insert begin 
time_consumption of insert is 5705611737
resize_time = 0
resize_1_num = 0
resize_2_num = 0
insert all over
time_consumption of search is 2745710624
This test insert number is :10000000
This test radio is:2
insert begin 
time_consumption of insert is 8791335240
resize_time = 0
resize_1_num = 0
resize_2_num = 0
insert all over
time_consumption of search is 3967791270
This test insert number is :10000000
This test radio is:3
insert begin 
time_consumption of insert is 6862207322
resize_time = 0
resize_1_num = 0
resize_2_num = 0
insert all over
time_consumption of search is 3014786966
This test insert number is :10000000
This test radio is:3
insert begin 
time_consumption of insert is 5855348764
resize_time = 0
resize_1_num = 0
resize_2_num = 0
insert all over
time_consumption of search is 2686654828
This test insert number is :10000000
This test radio is:3
insert begin 
time_consumption of insert is 5815618456
resize_time = 0
resize_1_num = 0
resize_2_num = 0
insert all over
time_consumption of search is 2687666061
This test insert number is :10000000
This test radio is:3
insert begin 
time_consumption of insert is 5925347891
resize_time = 0
resize_1_num = 0
resize_2_num = 0
insert all over
time_consumption of search is 2691475496
This test insert number is :10000000
This test radio is:3
insert begin 
time_consumption of insert is 5855796145
resize_time = 0
resize_1_num = 0
resize_2_num = 0
insert all over
time_consumption of search is 2678952095
This test insert number is :10000000
This test radio is:3
insert begin 
time_consumption of insert is 5810339274
resize_time = 0
resize_1_num = 0
resize_2_num = 0
insert all over
time_consumption of search is 2681000045
This test insert number is :10000000
This test radio is:3
insert begin 
time_consumption of insert is 5858411480
resize_time = 0
resize_1_num = 0
resize_2_num = 0
insert all over
time_consumption of search is 2698822846
This test insert number is :10000000
This test radio is:3
insert begin 
time_consumption of insert is 5791850694
resize_time = 0
resize_1_num = 0
resize_2_num = 0
insert all over
time_consumption of search is 2706495830
This test insert number is :10000000
This test radio is:3
insert begin 
time_consumption of insert is 5770642564
resize_time = 0
resize_1_num = 0
resize_2_num = 0
insert all over
time_consumption of search is 2699896279
This test insert number is :10000000
This test radio is:3
insert begin 
time_consumption of insert is 5867274419
resize_time = 0
resize_1_num = 0
resize_2_num = 0
insert all over
time_consumption of search is 2687648717
This test insert number is :10000000
This test radio is:4
insert begin 
time_consumption of insert is 5922775936
resize_time = 0
resize_1_num = 0
resize_2_num = 0
insert all over
time_consumption of search is 2678047432
This test insert number is :10000000
This test radio is:4
insert begin 
time_consumption of insert is 5885110594
resize_time = 0
resize_1_num = 0
resize_2_num = 0
insert all over
time_consumption of search is 2696004568
This test insert number is :10000000
This test radio is:4
insert begin 
time_consumption of insert is 5690417855
resize_time = 0
resize_1_num = 0
resize_2_num = 0
insert all over
time_consumption of search is 2779699817
This test insert number is :10000000
This test radio is:4
insert begin 
time_consumption of insert is 8759822296
resize_time = 0
resize_1_num = 0
resize_2_num = 0
insert all over
time_consumption of search is 3715151813
This test insert number is :10000000
This test radio is:4
insert begin 
time_consumption of insert is 6447533452
resize_time = 0
resize_1_num = 0
resize_2_num = 0
insert all over
time_consumption of search is 2786097857
This test insert number is :10000000
This test radio is:4
insert begin 
time_consumption of insert is 5842211952
resize_time = 0
resize_1_num = 0
resize_2_num = 0
insert all over
time_consumption of search is 2696586999
This test insert number is :10000000
This test radio is:4
insert begin 
time_consumption of insert is 5865008071
resize_time = 0
resize_1_num = 0
resize_2_num = 0
insert all over
time_consumption of search is 2697987987
This test insert number is :10000000
This test radio is:4
insert begin 
time_consumption of insert is 5809657255
resize_time = 0
resize_1_num = 0
resize_2_num = 0
insert all over
time_consumption of search is 2690585449
This test insert number is :10000000
This test radio is:4
insert begin 
time_consumption of insert is 5903677911
resize_time = 0
resize_1_num = 0
resize_2_num = 0
insert all over
time_consumption of search is 2687106125
This test insert number is :10000000
This test radio is:4
insert begin 
time_consumption of insert is 5770321319
resize_time = 0
resize_1_num = 0
resize_2_num = 0
insert all over
time_consumption of search is 2707651985
This test insert number is :10000000
This test radio is:5
insert begin 
time_consumption of insert is 5845383951
resize_time = 0
resize_1_num = 0
resize_2_num = 0
insert all over
time_consumption of search is 2748832601
This test insert number is :10000000
This test radio is:5
insert begin 
time_consumption of insert is 5820582786
resize_time = 0
resize_1_num = 0
resize_2_num = 0
insert all over
time_consumption of search is 2748758899
This test insert number is :10000000
This test radio is:5
insert begin 
time_consumption of insert is 5809305819
resize_time = 0
resize_1_num = 0
resize_2_num = 0
insert all over
time_consumption of search is 2712268802
This test insert number is :10000000
This test radio is:5
insert begin 
time_consumption of insert is 5879407351
resize_time = 0
resize_1_num = 0
resize_2_num = 0
insert all over
time_consumption of search is 2721391698
This test insert number is :10000000
This test radio is:5
insert begin 
time_consumption of insert is 5820311906
resize_time = 0
resize_1_num = 0
resize_2_num = 0
insert all over
time_consumption of search is 2732679062
This test insert number is :10000000
This test radio is:5
insert begin 
time_consumption of insert is 5844710987
resize_time = 0
resize_1_num = 0
resize_2_num = 0
insert all over
time_consumption of search is 2715054453
This test insert number is :10000000
This test radio is:5
insert begin 
time_consumption of insert is 5830999461
resize_time = 0
resize_1_num = 0
resize_2_num = 0
insert all over
time_consumption of search is 2710290856
This test insert number is :10000000
This test radio is:5
insert begin 
time_consumption of insert is 5886382875
resize_time = 0
resize_1_num = 0
resize_2_num = 0
insert all over
time_consumption of search is 2714612597
This test insert number is :10000000
This test radio is:5
insert begin 
time_consumption of insert is 8876783176
resize_time = 0
resize_1_num = 0
resize_2_num = 0
insert all over
time_consumption of search is 3879333387
This test insert number is :10000000
This test radio is:5
insert begin 
time_consumption of insert is 7088249698
resize_time = 0
resize_1_num = 0
resize_2_num = 0
insert all over
time_consumption of search is 2884542009
This test insert number is :10000000
This test radio is:6
insert begin 
time_consumption of insert is 5771090870
resize_time = 0
resize_1_num = 0
resize_2_num = 0
insert all over
time_consumption of search is 2752957860
This test insert number is :10000000
This test radio is:6
insert begin 
time_consumption of insert is 5722016087
resize_time = 0
resize_1_num = 0
resize_2_num = 0
insert all over
time_consumption of search is 2692363816
This test insert number is :10000000
This test radio is:6
insert begin 
time_consumption of insert is 5713102182
resize_time = 0
resize_1_num = 0
resize_2_num = 0
insert all over
time_consumption of search is 2748770341
This test insert number is :10000000
This test radio is:6
insert begin 
time_consumption of insert is 5732544060
resize_time = 0
resize_1_num = 0
resize_2_num = 0
insert all over
time_consumption of search is 2708122814
This test insert number is :10000000
This test radio is:6
insert begin 
time_consumption of insert is 8894240318
resize_time = 0
resize_1_num = 0
resize_2_num = 0
insert all over
time_consumption of search is 3355391987
This test insert number is :10000000
This test radio is:6
insert begin 
time_consumption of insert is 6175752676
resize_time = 0
resize_1_num = 0
resize_2_num = 0
insert all over
time_consumption of search is 2732106136
This test insert number is :10000000
This test radio is:6
insert begin 
time_consumption of insert is 5844381250
resize_time = 0
resize_1_num = 0
resize_2_num = 0
insert all over
time_consumption of search is 2694365014
This test insert number is :10000000
This test radio is:6
insert begin 
time_consumption of insert is 5895688198
resize_time = 0
resize_1_num = 0
resize_2_num = 0
insert all over
time_consumption of search is 2728724892
This test insert number is :10000000
This test radio is:6
insert begin 
time_consumption of insert is 5789040128
resize_time = 0
resize_1_num = 0
resize_2_num = 0
insert all over
time_consumption of search is 2689306664
This test insert number is :10000000
This test radio is:6
insert begin 
time_consumption of insert is 5813066601
resize_time = 0
resize_1_num = 0
resize_2_num = 0
insert all over
time_consumption of search is 2745726304
This test insert number is :10000000
This test radio is:7
insert begin 
time_consumption of insert is 5780975003
resize_time = 0
resize_1_num = 0
resize_2_num = 0
insert all over
time_consumption of search is 2679544417
This test insert number is :10000000
This test radio is:7
insert begin 
time_consumption of insert is 5785859886
resize_time = 0
resize_1_num = 0
resize_2_num = 0
insert all over
time_consumption of search is 2745549290
This test insert number is :10000000
This test radio is:7
insert begin 
time_consumption of insert is 5896248246
resize_time = 0
resize_1_num = 0
resize_2_num = 0
insert all over
time_consumption of search is 4001618465
This test insert number is :10000000
This test radio is:7
insert begin 
time_consumption of insert is 5831050055
resize_time = 0
resize_1_num = 0
resize_2_num = 0
insert all over
time_consumption of search is 2671302935
This test insert number is :10000000
This test radio is:7
insert begin 
time_consumption of insert is 8809063432
resize_time = 0
resize_1_num = 0
resize_2_num = 0
insert all over
time_consumption of search is 3402371996
This test insert number is :10000000
This test radio is:7
insert begin 
time_consumption of insert is 6098813453
resize_time = 0
resize_1_num = 0
resize_2_num = 0
insert all over
time_consumption of search is 2663803399
This test insert number is :10000000
This test radio is:7
insert begin 
time_consumption of insert is 5813652377
resize_time = 0
resize_1_num = 0
resize_2_num = 0
insert all over
time_consumption of search is 2694816596
This test insert number is :10000000
This test radio is:7
insert begin 
time_consumption of insert is 5844281119
resize_time = 0
resize_1_num = 0
resize_2_num = 0
insert all over
time_consumption of search is 2681248556
This test insert number is :10000000
This test radio is:7
insert begin 
time_consumption of insert is 8692969489
resize_time = 0
resize_1_num = 0
resize_2_num = 0
insert all over
time_consumption of search is 3448802419
This test insert number is :10000000
This test radio is:7
insert begin 
time_consumption of insert is 6258424138
resize_time = 0
resize_1_num = 0
resize_2_num = 0
insert all over
time_consumption of search is 2671835124
This test insert number is :10000000
This test radio is:8
insert begin 
time_consumption of insert is 8520580348
resize_time = 0
resize_1_num = 0
resize_2_num = 0
insert all over
time_consumption of search is 3806676917
This test insert number is :10000000
This test radio is:8
insert begin 
time_consumption of insert is 5767565702
resize_time = 0
resize_1_num = 0
resize_2_num = 0
insert all over
time_consumption of search is 2680651398
This test insert number is :10000000
This test radio is:8
insert begin 
time_consumption of insert is 5736261562
resize_time = 0
resize_1_num = 0
resize_2_num = 0
insert all over
time_consumption of search is 2696503028
This test insert number is :10000000
This test radio is:8
insert begin 
time_consumption of insert is 5689507244
resize_time = 0
resize_1_num = 0
resize_2_num = 0
insert all over
time_consumption of search is 2708898896
This test insert number is :10000000
This test radio is:8
insert begin 
time_consumption of insert is 8718306760
resize_time = 0
resize_1_num = 0
resize_2_num = 0
insert all over
time_consumption of search is 3795935526
This test insert number is :10000000
This test radio is:8
insert begin 
time_consumption of insert is 6586431367
resize_time = 0
resize_1_num = 0
resize_2_num = 0
insert all over
time_consumption of search is 2999183116
This test insert number is :10000000
This test radio is:8
insert begin 
time_consumption of insert is 5717511626
resize_time = 0
resize_1_num = 0
resize_2_num = 0
insert all over
time_consumption of search is 2721817413
This test insert number is :10000000
This test radio is:8
insert begin 
time_consumption of insert is 9238077223
resize_time = 0
resize_1_num = 0
resize_2_num = 0
insert all over
time_consumption of search is 3265267002
This test insert number is :10000000
This test radio is:8
insert begin 
time_consumption of insert is 8584063139
resize_time = 0
resize_1_num = 0
resize_2_num = 0
insert all over
time_consumption of search is 3698885315
This test insert number is :10000000
This test radio is:8
insert begin 
time_consumption of insert is 6383540512
resize_time = 0
resize_1_num = 0
resize_2_num = 0
insert all over
time_consumption of search is 3170238952
This test insert number is :10000000
This test radio is:9
insert begin 
time_consumption of insert is 5675767538
resize_time = 0
resize_1_num = 0
resize_2_num = 0
insert all over
time_consumption of search is 2720704444
This test insert number is :10000000
This test radio is:9
insert begin 
time_consumption of insert is 5686129220
resize_time = 0
resize_1_num = 0
resize_2_num = 0
insert all over
time_consumption of search is 2665127622
This test insert number is :10000000
This test radio is:9
insert begin 
time_consumption of insert is 8231289974
resize_time = 0
resize_1_num = 0
resize_2_num = 0
insert all over
time_consumption of search is 3864858928
This test insert number is :10000000
This test radio is:9
insert begin 
time_consumption of insert is 6462468095
resize_time = 0
resize_1_num = 0
resize_2_num = 0
insert all over
time_consumption of search is 3117031535
This test insert number is :10000000
This test radio is:9
insert begin 
time_consumption of insert is 6324558635
resize_time = 0
resize_1_num = 0
resize_2_num = 0
insert all over
time_consumption of search is 3476542419
This test insert number is :10000000
This test radio is:9
insert begin 
time_consumption of insert is 6249452963
resize_time = 0
resize_1_num = 0
resize_2_num = 0
insert all over
time_consumption of search is 3118467853
This test insert number is :10000000
This test radio is:9
insert begin 
time_consumption of insert is 8140469978
resize_time = 0
resize_1_num = 0
resize_2_num = 0
insert all over
time_consumption of search is 3095883941
This test insert number is :10000000
This test radio is:9
insert begin 
time_consumption of insert is 7360454509
resize_time = 0
resize_1_num = 0
resize_2_num = 0
insert all over
time_consumption of search is 3729127578
This test insert number is :10000000
This test radio is:9
insert begin 
time_consumption of insert is 6429708643
resize_time = 0
resize_1_num = 0
resize_2_num = 0
insert all over
time_consumption of search is 3368886323
This test insert number is :10000000
This test radio is:9
insert begin 
time_consumption of insert is 5725279084
resize_time = 0
resize_1_num = 0
resize_2_num = 0
insert all over
time_consumption of search is 2608874844
This test insert number is :10000000
This test radio is:10
insert begin 
time_consumption of insert is 5714625320
resize_time = 0
resize_1_num = 0
resize_2_num = 0
insert all over
time_consumption of search is 2607251601
This test insert number is :10000000
This test radio is:10
insert begin 
time_consumption of insert is 5836317383
resize_time = 0
resize_1_num = 0
resize_2_num = 0
insert all over
time_consumption of search is 2605344501
This test insert number is :10000000
This test radio is:10
insert begin 
time_consumption of insert is 5740588432
resize_time = 0
resize_1_num = 0
resize_2_num = 0
insert all over
time_consumption of search is 2623706636
This test insert number is :10000000
This test radio is:10
insert begin 
time_consumption of insert is 8614422227
resize_time = 0
resize_1_num = 0
resize_2_num = 0
insert all over
time_consumption of search is 3772075199
This test insert number is :10000000
This test radio is:10
insert begin 
time_consumption of insert is 6550009334
resize_time = 0
resize_1_num = 0
resize_2_num = 0
insert all over
time_consumption of search is 2952132257
This test insert number is :10000000
This test radio is:10
insert begin 
time_consumption of insert is 5753306091
resize_time = 0
resize_1_num = 0
resize_2_num = 0
insert all over
time_consumption of search is 2663431444
This test insert number is :10000000
This test radio is:10
insert begin 
time_consumption of insert is 5767842914
resize_time = 0
resize_1_num = 0
resize_2_num = 0
insert all over
time_consumption of search is 2696286877
This test insert number is :10000000
This test radio is:10
insert begin 
time_consumption of insert is 5670459331
resize_time = 0
resize_1_num = 0
resize_2_num = 0
insert all over
time_consumption of search is 2723933096
This test insert number is :10000000
This test radio is:10
insert begin 
time_consumption of insert is 5679950707
resize_time = 0
resize_1_num = 0
resize_2_num = 0
insert all over
time_consumption of search is 2685710543
This test insert number is :10000000
This test radio is:10
insert begin 
time_consumption of insert is 8707090587
resize_time = 0
resize_1_num = 0
resize_2_num = 0
insert all over
time_consumption of search is 3083290020
