This test insert number is :10000000
This test radio is:1
insert begin 
time_consumption of insert is 6351997333
resize_time = 1835555
resize_1_num = 15
resize_2_num = 25750
insert all over
time_consumption of search is 3627399322
This test insert number is :10000000
This test radio is:1
insert begin 
time_consumption of insert is 4013613084
resize_time = 1354997
resize_1_num = 15
resize_2_num = 25750
insert all over
time_consumption of search is 2572568365
This test insert number is :10000000
This test radio is:1
insert begin 
time_consumption of insert is 3979164810
resize_time = 1338583
resize_1_num = 15
resize_2_num = 25750
insert all over
time_consumption of search is 2562665895
This test insert number is :10000000
This test radio is:1
insert begin 
time_consumption of insert is 3965126911
resize_time = 1339872
resize_1_num = 15
resize_2_num = 25750
insert all over
time_consumption of search is 2553686449
This test insert number is :10000000
This test radio is:1
insert begin 
time_consumption of insert is 4102699452
resize_time = 1348558
resize_1_num = 15
resize_2_num = 25750
insert all over
time_consumption of search is 2568332234
This test insert number is :10000000
This test radio is:1
insert begin 
time_consumption of insert is 4017729054
resize_time = 1325415
resize_1_num = 15
resize_2_num = 25750
insert all over
time_consumption of search is 2556982636
This test insert number is :10000000
This test radio is:1
insert begin 
time_consumption of insert is 3949368656
resize_time = 1336378
resize_1_num = 15
resize_2_num = 25750
insert all over
time_consumption of search is 2552480158
This test insert number is :10000000
This test radio is:1
insert begin 
time_consumption of insert is 4130378309
resize_time = 1493841
resize_1_num = 15
resize_2_num = 25750
insert all over
time_consumption of search is 2568494666
This test insert number is :10000000
This test radio is:1
insert begin 
time_consumption of insert is 3933842334
resize_time = 1330750
resize_1_num = 15
resize_2_num = 25750
insert all over
time_consumption of search is 2550447121
This test insert number is :10000000
This test radio is:1
insert begin 
time_consumption of insert is 4342019871
resize_time = 1378298
resize_1_num = 15
resize_2_num = 25750
insert all over
time_consumption of search is 2563013390
This test insert number is :10000000
This test radio is:2
insert begin 
time_consumption of insert is 3987633217
resize_time = 1326751
resize_1_num = 15
resize_2_num = 25902
insert all over
time_consumption of search is 2481538091
This test insert number is :10000000
This test radio is:2
insert begin 
time_consumption of insert is 3952552224
resize_time = 1340402
resize_1_num = 15
resize_2_num = 25902
insert all over
time_consumption of search is 2464544547
This test insert number is :10000000
This test radio is:2
insert begin 
time_consumption of insert is 3972773230
resize_time = 1326456
resize_1_num = 15
resize_2_num = 25902
insert all over
time_consumption of search is 2549363262
This test insert number is :10000000
This test radio is:2
insert begin 
time_consumption of insert is 3972407415
resize_time = 1336895
resize_1_num = 15
resize_2_num = 25902
insert all over
time_consumption of search is 2423541165
This test insert number is :10000000
This test radio is:2
insert begin 
time_consumption of insert is 3933236349
resize_time = 1333111
resize_1_num = 15
resize_2_num = 25902
insert all over
time_consumption of search is 2449367438
This test insert number is :10000000
This test radio is:2
insert begin 
time_consumption of insert is 3951849866
resize_time = 1326928
resize_1_num = 15
resize_2_num = 25902
insert all over
time_consumption of search is 2575126846
This test insert number is :10000000
This test radio is:2
insert begin 
time_consumption of insert is 5992225706
resize_time = 1791939
resize_1_num = 15
resize_2_num = 25902
insert all over
time_consumption of search is 3550497625
This test insert number is :10000000
This test radio is:2
insert begin 
time_consumption of insert is 4081307592
resize_time = 1384190
resize_1_num = 15
resize_2_num = 25902
insert all over
time_consumption of search is 2795802715
This test insert number is :10000000
This test radio is:2
insert begin 
time_consumption of insert is 5934894524
resize_time = 1767494
resize_1_num = 15
resize_2_num = 25902
insert all over
time_consumption of search is 3407238585
This test insert number is :10000000
This test radio is:2
insert begin 
time_consumption of insert is 6353609725
resize_time = 1852982
resize_1_num = 15
resize_2_num = 25902
insert all over
time_consumption of search is 3325988853
This test insert number is :10000000
This test radio is:3
insert begin 
time_consumption of insert is 6254148668
resize_time = 1815238
resize_1_num = 15
resize_2_num = 25802
insert all over
time_consumption of search is 3232043725
This test insert number is :10000000
This test radio is:3
insert begin 
time_consumption of insert is 4059338307
resize_time = 1367479
resize_1_num = 15
resize_2_num = 25802
insert all over
time_consumption of search is 2647597846
This test insert number is :10000000
This test radio is:3
insert begin 
time_consumption of insert is 3959566947
resize_time = 1326386
resize_1_num = 15
resize_2_num = 25802
insert all over
time_consumption of search is 2374912658
This test insert number is :10000000
This test radio is:3
insert begin 
time_consumption of insert is 3950602267
resize_time = 1331274
resize_1_num = 15
resize_2_num = 25802
insert all over
time_consumption of search is 2339244997
This test insert number is :10000000
This test radio is:3
insert begin 
time_consumption of insert is 3974785142
resize_time = 1339212
resize_1_num = 15
resize_2_num = 25802
insert all over
time_consumption of search is 2339177788
This test insert number is :10000000
This test radio is:3
insert begin 
time_consumption of insert is 4084348583
resize_time = 1336636
resize_1_num = 15
resize_2_num = 25802
insert all over
time_consumption of search is 2409241481
This test insert number is :10000000
This test radio is:3
insert begin 
time_consumption of insert is 3969819042
resize_time = 1330326
resize_1_num = 15
resize_2_num = 25802
insert all over
time_consumption of search is 2372255160
This test insert number is :10000000
This test radio is:3
insert begin 
time_consumption of insert is 3970892284
resize_time = 1337167
resize_1_num = 15
resize_2_num = 25802
insert all over
time_consumption of search is 2334804306
This test insert number is :10000000
This test radio is:3
insert begin 
time_consumption of insert is 3967917749
resize_time = 1334516
resize_1_num = 15
resize_2_num = 25802
insert all over
time_consumption of search is 2348586196
This test insert number is :10000000
This test radio is:3
insert begin 
time_consumption of insert is 4157628596
resize_time = 1345079
resize_1_num = 15
resize_2_num = 25802
insert all over
time_consumption of search is 2341574705
This test insert number is :10000000
This test radio is:4
insert begin 
time_consumption of insert is 6263623680
resize_time = 1788557
resize_1_num = 15
resize_2_num = 25879
insert all over
time_consumption of search is 2866659617
This test insert number is :10000000
This test radio is:4
insert begin 
time_consumption of insert is 4047988011
resize_time = 1374990
resize_1_num = 15
resize_2_num = 25879
insert all over
time_consumption of search is 2449129918
This test insert number is :10000000
This test radio is:4
insert begin 
time_consumption of insert is 6197372719
resize_time = 1849911
resize_1_num = 15
resize_2_num = 25879
insert all over
time_consumption of search is 3210616125
This test insert number is :10000000
This test radio is:4
insert begin 
time_consumption of insert is 6227751825
resize_time = 1824530
resize_1_num = 15
resize_2_num = 25879
insert all over
time_consumption of search is 2561673298
This test insert number is :10000000
This test radio is:4
insert begin 
time_consumption of insert is 4212264179
resize_time = 1419964
resize_1_num = 15
resize_2_num = 25879
insert all over
time_consumption of search is 2396016001
This test insert number is :10000000
This test radio is:4
insert begin 
time_consumption of insert is 4025493648
resize_time = 1339501
resize_1_num = 15
resize_2_num = 25879
insert all over
time_consumption of search is 2245545364
This test insert number is :10000000
This test radio is:4
insert begin 
time_consumption of insert is 3990700149
resize_time = 1336856
resize_1_num = 15
resize_2_num = 25879
insert all over
time_consumption of search is 2233125012
This test insert number is :10000000
This test radio is:4
insert begin 
time_consumption of insert is 3975315413
resize_time = 1337602
resize_1_num = 15
resize_2_num = 25879
insert all over
time_consumption of search is 2235501783
This test insert number is :10000000
This test radio is:4
insert begin 
time_consumption of insert is 3965441141
resize_time = 1345795
resize_1_num = 15
resize_2_num = 25879
insert all over
time_consumption of search is 2222617721
This test insert number is :10000000
This test radio is:4
insert begin 
time_consumption of insert is 4024692760
resize_time = 1333232
resize_1_num = 15
resize_2_num = 25879
insert all over
time_consumption of search is 2238321822
This test insert number is :10000000
This test radio is:5
insert begin 
time_consumption of insert is 3941689412
resize_time = 1336967
resize_1_num = 15
resize_2_num = 25842
insert all over
time_consumption of search is 2123867707
This test insert number is :10000000
This test radio is:5
insert begin 
time_consumption of insert is 3935012254
resize_time = 1338564
resize_1_num = 15
resize_2_num = 25842
insert all over
time_consumption of search is 2125186526
This test insert number is :10000000
This test radio is:5
insert begin 
time_consumption of insert is 4181287993
resize_time = 1367389
resize_1_num = 15
resize_2_num = 25842
insert all over
time_consumption of search is 2081808508
This test insert number is :10000000
This test radio is:5
insert begin 
time_consumption of insert is 3916318381
resize_time = 1318666
resize_1_num = 15
resize_2_num = 25842
insert all over
time_consumption of search is 2139926000
This test insert number is :10000000
This test radio is:5
insert begin 
time_consumption of insert is 3990495372
resize_time = 1336780
resize_1_num = 15
resize_2_num = 25842
insert all over
time_consumption of search is 2136464229
This test insert number is :10000000
This test radio is:5
insert begin 
time_consumption of insert is 3972006737
resize_time = 1336248
resize_1_num = 15
resize_2_num = 25842
insert all over
time_consumption of search is 2131093823
This test insert number is :10000000
This test radio is:5
insert begin 
time_consumption of insert is 4028955009
resize_time = 1346514
resize_1_num = 15
resize_2_num = 25842
insert all over
time_consumption of search is 2074601391
This test insert number is :10000000
This test radio is:5
insert begin 
time_consumption of insert is 5718400587
resize_time = 1694323
resize_1_num = 15
resize_2_num = 25842
insert all over
time_consumption of search is 2742965018
This test insert number is :10000000
This test radio is:5
insert begin 
time_consumption of insert is 4405432383
resize_time = 1465008
resize_1_num = 15
resize_2_num = 25842
insert all over
time_consumption of search is 2843726065
This test insert number is :10000000
This test radio is:5
insert begin 
time_consumption of insert is 4004180062
resize_time = 1367707
resize_1_num = 15
resize_2_num = 25842
insert all over
time_consumption of search is 2238983250
This test insert number is :10000000
This test radio is:6
insert begin 
time_consumption of insert is 4202638370
resize_time = 1376338
resize_1_num = 15
resize_2_num = 25840
insert all over
time_consumption of search is 2050980157
This test insert number is :10000000
This test radio is:6
insert begin 
time_consumption of insert is 4008250357
resize_time = 1337736
resize_1_num = 15
resize_2_num = 25840
insert all over
time_consumption of search is 2019765827
This test insert number is :10000000
This test radio is:6
insert begin 
time_consumption of insert is 5518376955
resize_time = 1677504
resize_1_num = 15
resize_2_num = 25840
insert all over
time_consumption of search is 2726977715
This test insert number is :10000000
This test radio is:6
insert begin 
time_consumption of insert is 5468538694
resize_time = 1674636
resize_1_num = 15
resize_2_num = 25840
insert all over
time_consumption of search is 2195416526
This test insert number is :10000000
This test radio is:6
insert begin 
time_consumption of insert is 3971174954
resize_time = 1343384
resize_1_num = 15
resize_2_num = 25840
insert all over
time_consumption of search is 2018142929
This test insert number is :10000000
This test radio is:6
insert begin 
time_consumption of insert is 4024616877
resize_time = 1333225
resize_1_num = 15
resize_2_num = 25840
insert all over
time_consumption of search is 2043341381
This test insert number is :10000000
This test radio is:6
insert begin 
time_consumption of insert is 3986521968
resize_time = 1337359
resize_1_num = 15
resize_2_num = 25840
insert all over
time_consumption of search is 2055784970
This test insert number is :10000000
This test radio is:6
insert begin 
time_consumption of insert is 3970559863
resize_time = 1340053
resize_1_num = 15
resize_2_num = 25840
insert all over
time_consumption of search is 2023850640
This test insert number is :10000000
This test radio is:6
insert begin 
time_consumption of insert is 4014178366
resize_time = 1336185
resize_1_num = 15
resize_2_num = 25840
insert all over
time_consumption of search is 2044793414
This test insert number is :10000000
This test radio is:6
insert begin 
time_consumption of insert is 3965218162
resize_time = 1337678
resize_1_num = 15
resize_2_num = 25840
insert all over
time_consumption of search is 2055947006
This test insert number is :10000000
This test radio is:7
insert begin 
time_consumption of insert is 3921519792
resize_time = 1324971
resize_1_num = 15
resize_2_num = 25764
insert all over
time_consumption of search is 1876571268
This test insert number is :10000000
This test radio is:7
insert begin 
time_consumption of insert is 4037676003
resize_time = 1341626
resize_1_num = 15
resize_2_num = 25764
insert all over
time_consumption of search is 1921637154
This test insert number is :10000000
This test radio is:7
insert begin 
time_consumption of insert is 6233333045
resize_time = 1800848
resize_1_num = 15
resize_2_num = 25764
insert all over
time_consumption of search is 2753659650
This test insert number is :10000000
This test radio is:7
insert begin 
time_consumption of insert is 4313097358
resize_time = 1409202
resize_1_num = 15
resize_2_num = 25764
insert all over
time_consumption of search is 2079630144
This test insert number is :10000000
This test radio is:7
insert begin 
time_consumption of insert is 3991088482
resize_time = 1342186
resize_1_num = 15
resize_2_num = 25764
insert all over
time_consumption of search is 1932899423
This test insert number is :10000000
This test radio is:7
insert begin 
time_consumption of insert is 4000610193
resize_time = 1330595
resize_1_num = 15
resize_2_num = 25764
insert all over
time_consumption of search is 1922739232
This test insert number is :10000000
This test radio is:7
insert begin 
time_consumption of insert is 3948233118
resize_time = 1329801
resize_1_num = 15
resize_2_num = 25764
insert all over
time_consumption of search is 1920985160
This test insert number is :10000000
This test radio is:7
insert begin 
time_consumption of insert is 4008315913
resize_time = 1347038
resize_1_num = 15
resize_2_num = 25764
insert all over
time_consumption of search is 2009802017
This test insert number is :10000000
This test radio is:7
insert begin 
time_consumption of insert is 4039710082
resize_time = 1348498
resize_1_num = 15
resize_2_num = 25764
insert all over
time_consumption of search is 1914999322
This test insert number is :10000000
This test radio is:7
insert begin 
time_consumption of insert is 6139211544
resize_time = 1833091
resize_1_num = 15
resize_2_num = 25764
insert all over
time_consumption of search is 2738979905
This test insert number is :10000000
This test radio is:8
insert begin 
time_consumption of insert is 5445202369
resize_time = 1631218
resize_1_num = 15
resize_2_num = 25772
insert all over
time_consumption of search is 2103992345
This test insert number is :10000000
This test radio is:8
insert begin 
time_consumption of insert is 4242752914
resize_time = 1385958
resize_1_num = 15
resize_2_num = 25772
insert all over
time_consumption of search is 2005253774
This test insert number is :10000000
This test radio is:8
insert begin 
time_consumption of insert is 4057171181
resize_time = 1371968
resize_1_num = 15
resize_2_num = 25772
insert all over
time_consumption of search is 1993484034
This test insert number is :10000000
This test radio is:8
insert begin 
time_consumption of insert is 6184782247
resize_time = 1808054
resize_1_num = 15
resize_2_num = 25772
insert all over
time_consumption of search is 2572766685
This test insert number is :10000000
This test radio is:8
insert begin 
time_consumption of insert is 4430407654
resize_time = 1464232
resize_1_num = 15
resize_2_num = 25772
insert all over
time_consumption of search is 1937871919
This test insert number is :10000000
This test radio is:8
insert begin 
time_consumption of insert is 3970156089
resize_time = 1339064
resize_1_num = 15
resize_2_num = 25772
insert all over
time_consumption of search is 1798835953
This test insert number is :10000000
This test radio is:8
insert begin 
time_consumption of insert is 3973074605
resize_time = 1323800
resize_1_num = 15
resize_2_num = 25772
insert all over
time_consumption of search is 1816664706
This test insert number is :10000000
This test radio is:8
insert begin 
time_consumption of insert is 6010791342
resize_time = 1737117
resize_1_num = 15
resize_2_num = 25772
insert all over
time_consumption of search is 2353105316
This test insert number is :10000000
This test radio is:8
insert begin 
time_consumption of insert is 4025108187
resize_time = 1325720
resize_1_num = 15
resize_2_num = 25772
insert all over
time_consumption of search is 1753948420
This test insert number is :10000000
This test radio is:8
insert begin 
time_consumption of insert is 3962737988
resize_time = 1326298
resize_1_num = 15
resize_2_num = 25772
insert all over
time_consumption of search is 1765692260
This test insert number is :10000000
This test radio is:9
insert begin 
time_consumption of insert is 4043006609
resize_time = 1358799
resize_1_num = 15
resize_2_num = 25785
insert all over
time_consumption of search is 1762394490
This test insert number is :10000000
This test radio is:9
insert begin 
time_consumption of insert is 3957881676
resize_time = 1318692
resize_1_num = 15
resize_2_num = 25785
insert all over
time_consumption of search is 1667071306
This test insert number is :10000000
This test radio is:9
insert begin 
time_consumption of insert is 3986354815
resize_time = 1340845
resize_1_num = 15
resize_2_num = 25785
insert all over
time_consumption of search is 1651591129
This test insert number is :10000000
This test radio is:9
insert begin 
time_consumption of insert is 4213668577
resize_time = 1360230
resize_1_num = 15
resize_2_num = 25785
insert all over
time_consumption of search is 1642451572
This test insert number is :10000000
This test radio is:9
insert begin 
time_consumption of insert is 5937890457
resize_time = 1730057
resize_1_num = 15
resize_2_num = 25785
insert all over
time_consumption of search is 2316921883
This test insert number is :10000000
This test radio is:9
insert begin 
time_consumption of insert is 5288071386
resize_time = 1616420
resize_1_num = 15
resize_2_num = 25785
insert all over
time_consumption of search is 2127110307
This test insert number is :10000000
This test radio is:9
insert begin 
time_consumption of insert is 5761838878
resize_time = 1730061
resize_1_num = 15
resize_2_num = 25785
insert all over
time_consumption of search is 2047527163
This test insert number is :10000000
This test radio is:9
insert begin 
time_consumption of insert is 5127955065
resize_time = 1555737
resize_1_num = 15
resize_2_num = 25785
insert all over
time_consumption of search is 1870984022
This test insert number is :10000000
This test radio is:9
insert begin 
time_consumption of insert is 4073307100
resize_time = 1358524
resize_1_num = 15
resize_2_num = 25785
insert all over
time_consumption of search is 1811249630
This test insert number is :10000000
This test radio is:9
insert begin 
time_consumption of insert is 3981792603
resize_time = 1338538
resize_1_num = 15
resize_2_num = 25785
insert all over
time_consumption of search is 1705602088
This test insert number is :10000000
This test radio is:10
insert begin 
time_consumption of insert is 4077858130
resize_time = 1345717
resize_1_num = 15
resize_2_num = 25800
insert all over
time_consumption of search is 1614774282
This test insert number is :10000000
This test radio is:10
insert begin 
time_consumption of insert is 3978975470
resize_time = 1336897
resize_1_num = 15
resize_2_num = 25800
insert all over
time_consumption of search is 1616336199
This test insert number is :10000000
This test radio is:10
insert begin 
time_consumption of insert is 3999448409
resize_time = 1339641
resize_1_num = 15
resize_2_num = 25800
insert all over
time_consumption of search is 1609156643
This test insert number is :10000000
This test radio is:10
insert begin 
time_consumption of insert is 3971267898
resize_time = 1329265
resize_1_num = 15
resize_2_num = 25800
insert all over
time_consumption of search is 1630044278
This test insert number is :10000000
This test radio is:10
insert begin 
time_consumption of insert is 4011687023
resize_time = 1338721
resize_1_num = 15
resize_2_num = 25800
insert all over
time_consumption of search is 1619546849
This test insert number is :10000000
This test radio is:10
insert begin 
time_consumption of insert is 6210403946
resize_time = 1812100
resize_1_num = 15
resize_2_num = 25800
insert all over
time_consumption of search is 2105913007
This test insert number is :10000000
This test radio is:10
insert begin 
time_consumption of insert is 5951869372
resize_time = 1719567
resize_1_num = 15
resize_2_num = 25800
insert all over
time_consumption of search is 2054827171
This test insert number is :10000000
This test radio is:10
insert begin 
time_consumption of insert is 3978899747
resize_time = 1339792
resize_1_num = 15
resize_2_num = 25800
insert all over
time_consumption of search is 1660297847
This test insert number is :10000000
This test radio is:10
insert begin 
time_consumption of insert is 6193141266
resize_time = 1807697
resize_1_num = 15
resize_2_num = 25800
insert all over
time_consumption of search is 2223152274
This test insert number is :10000000
This test radio is:10
insert begin 
time_consumption of insert is 4783377089
resize_time = 1503460
resize_1_num = 15
resize_2_num = 25800
insert all over
time_consumption of search is 1661016427
