This test insert number is :10000000
This test radio is:1
insert begin 
time_consumption of insert is 7350820729
resize_time = 1336010
resize_1_num = 21
resize_2_num = 917627
insert all over
time_consumption of search is 2963526906
This test insert number is :10000000
This test radio is:1
insert begin 
time_consumption of insert is 7289953822
resize_time = 1322336
resize_1_num = 21
resize_2_num = 917627
insert all over
time_consumption of search is 3029125934
This test insert number is :10000000
This test radio is:1
insert begin 
time_consumption of insert is 7256135060
resize_time = 1257638
resize_1_num = 21
resize_2_num = 917627
insert all over
time_consumption of search is 2924002993
This test insert number is :10000000
This test radio is:1
insert begin 
time_consumption of insert is 7210264837
resize_time = 1246912
resize_1_num = 21
resize_2_num = 917627
insert all over
time_consumption of search is 2909331172
This test insert number is :10000000
This test radio is:1
insert begin 
time_consumption of insert is 7338186586
resize_time = 1328559
resize_1_num = 21
resize_2_num = 917627
insert all over
time_consumption of search is 2883094734
This test insert number is :10000000
This test radio is:1
insert begin 
time_consumption of insert is 7319890307
resize_time = 1332364
resize_1_num = 21
resize_2_num = 917627
insert all over
time_consumption of search is 2889999888
This test insert number is :10000000
This test radio is:1
insert begin 
time_consumption of insert is 7304296495
resize_time = 1328043
resize_1_num = 21
resize_2_num = 917627
insert all over
time_consumption of search is 2940325939
This test insert number is :10000000
This test radio is:1
insert begin 
time_consumption of insert is 7328803339
resize_time = 1331194
resize_1_num = 21
resize_2_num = 917627
insert all over
time_consumption of search is 2954693425
This test insert number is :10000000
This test radio is:1
insert begin 
time_consumption of insert is 7407609198
resize_time = 1339002
resize_1_num = 21
resize_2_num = 917627
insert all over
time_consumption of search is 2901771727
This test insert number is :10000000
This test radio is:1
insert begin 
time_consumption of insert is 7336765942
resize_time = 1326602
resize_1_num = 21
resize_2_num = 917627
insert all over
time_consumption of search is 2886103079
This test insert number is :10000000
This test radio is:2
insert begin 
time_consumption of insert is 7361723816
resize_time = 1333111
resize_1_num = 21
resize_2_num = 917553
insert all over
time_consumption of search is 2851635374
This test insert number is :10000000
This test radio is:2
insert begin 
time_consumption of insert is 7336153152
resize_time = 1310481
resize_1_num = 21
resize_2_num = 917553
insert all over
time_consumption of search is 2851761319
This test insert number is :10000000
This test radio is:2
insert begin 
time_consumption of insert is 7321166705
resize_time = 1249237
resize_1_num = 21
resize_2_num = 917553
insert all over
time_consumption of search is 2891726564
This test insert number is :10000000
This test radio is:2
insert begin 
time_consumption of insert is 7175635050
resize_time = 1228560
resize_1_num = 21
resize_2_num = 917553
insert all over
time_consumption of search is 2885173303
This test insert number is :10000000
This test radio is:2
insert begin 
time_consumption of insert is 7191688082
resize_time = 1234341
resize_1_num = 21
resize_2_num = 917553
insert all over
time_consumption of search is 2878756605
This test insert number is :10000000
This test radio is:2
insert begin 
time_consumption of insert is 7349008639
resize_time = 1331688
resize_1_num = 21
resize_2_num = 917553
insert all over
time_consumption of search is 2899810822
This test insert number is :10000000
This test radio is:2
insert begin 
time_consumption of insert is 10670128833
resize_time = 1816330
resize_1_num = 21
resize_2_num = 917553
insert all over
time_consumption of search is 3409803200
This test insert number is :10000000
This test radio is:2
insert begin 
time_consumption of insert is 7499617114
resize_time = 1339613
resize_1_num = 21
resize_2_num = 917553
insert all over
time_consumption of search is 2843412654
This test insert number is :10000000
This test radio is:2
insert begin 
time_consumption of insert is 10728346930
resize_time = 1722119
resize_1_num = 21
resize_2_num = 917553
insert all over
time_consumption of search is 3356979790
This test insert number is :10000000
This test radio is:2
insert begin 
time_consumption of insert is 7441453902
resize_time = 1293481
resize_1_num = 21
resize_2_num = 917553
insert all over
time_consumption of search is 2905587618
This test insert number is :10000000
This test radio is:3
insert begin 
time_consumption of insert is 7487499577
resize_time = 1297501
resize_1_num = 21
resize_2_num = 917458
insert all over
time_consumption of search is 2815771479
This test insert number is :10000000
This test radio is:3
insert begin 
time_consumption of insert is 7576768994
resize_time = 1383717
resize_1_num = 21
resize_2_num = 917458
insert all over
time_consumption of search is 2818805203
This test insert number is :10000000
This test radio is:3
insert begin 
time_consumption of insert is 7539688772
resize_time = 1322693
resize_1_num = 21
resize_2_num = 917458
insert all over
time_consumption of search is 2818474142
This test insert number is :10000000
This test radio is:3
insert begin 
time_consumption of insert is 7534214811
resize_time = 1381929
resize_1_num = 21
resize_2_num = 917458
insert all over
time_consumption of search is 2816483806
This test insert number is :10000000
This test radio is:3
insert begin 
time_consumption of insert is 10618325954
resize_time = 1676254
resize_1_num = 21
resize_2_num = 917458
insert all over
time_consumption of search is 3911658305
This test insert number is :10000000
This test radio is:3
insert begin 
time_consumption of insert is 7710451440
resize_time = 1370581
resize_1_num = 21
resize_2_num = 917458
insert all over
time_consumption of search is 3118620262
This test insert number is :10000000
This test radio is:3
insert begin 
time_consumption of insert is 7492046261
resize_time = 1338888
resize_1_num = 21
resize_2_num = 917458
insert all over
time_consumption of search is 4323055997
This test insert number is :10000000
This test radio is:3
insert begin 
time_consumption of insert is 10353178440
resize_time = 1874523
resize_1_num = 21
resize_2_num = 917458
insert all over
time_consumption of search is 3588302032
This test insert number is :10000000
This test radio is:3
insert begin 
time_consumption of insert is 9767282634
resize_time = 1618666
resize_1_num = 21
resize_2_num = 917458
insert all over
time_consumption of search is 4004554108
This test insert number is :10000000
This test radio is:3
insert begin 
time_consumption of insert is 7911041898
resize_time = 1517444
resize_1_num = 21
resize_2_num = 917458
insert all over
time_consumption of search is 3267096742
This test insert number is :10000000
This test radio is:4
insert begin 
time_consumption of insert is 7492841511
resize_time = 1327057
resize_1_num = 21
resize_2_num = 917698
insert all over
time_consumption of search is 2838008917
This test insert number is :10000000
This test radio is:4
insert begin 
time_consumption of insert is 7376621067
resize_time = 1256243
resize_1_num = 21
resize_2_num = 917698
insert all over
time_consumption of search is 2809875183
This test insert number is :10000000
This test radio is:4
insert begin 
time_consumption of insert is 7467213157
resize_time = 1361364
resize_1_num = 21
resize_2_num = 917698
insert all over
time_consumption of search is 2809431371
This test insert number is :10000000
This test radio is:4
insert begin 
time_consumption of insert is 9846644579
resize_time = 1752112
resize_1_num = 21
resize_2_num = 917698
insert all over
time_consumption of search is 3165512802
This test insert number is :10000000
This test radio is:4
insert begin 
time_consumption of insert is 7679510090
resize_time = 1410896
resize_1_num = 21
resize_2_num = 917698
insert all over
time_consumption of search is 2869399209
This test insert number is :10000000
This test radio is:4
insert begin 
time_consumption of insert is 7362276566
resize_time = 1278779
resize_1_num = 21
resize_2_num = 917698
insert all over
time_consumption of search is 2919937156
This test insert number is :10000000
This test radio is:4
insert begin 
time_consumption of insert is 7235921068
resize_time = 1250031
resize_1_num = 21
resize_2_num = 917698
insert all over
time_consumption of search is 2905059719
This test insert number is :10000000
This test radio is:4
insert begin 
time_consumption of insert is 7387671876
resize_time = 1355463
resize_1_num = 21
resize_2_num = 917698
insert all over
time_consumption of search is 2928784573
This test insert number is :10000000
This test radio is:4
insert begin 
time_consumption of insert is 7349962463
resize_time = 1345887
resize_1_num = 21
resize_2_num = 917698
insert all over
time_consumption of search is 2879453469
This test insert number is :10000000
This test radio is:4
insert begin 
time_consumption of insert is 7334906515
resize_time = 1338022
resize_1_num = 21
resize_2_num = 917698
insert all over
time_consumption of search is 2855128564
This test insert number is :10000000
This test radio is:5
insert begin 
time_consumption of insert is 7243613020
resize_time = 1259261
resize_1_num = 21
resize_2_num = 917732
insert all over
time_consumption of search is 2829320504
This test insert number is :10000000
This test radio is:5
insert begin 
time_consumption of insert is 7260824567
resize_time = 1260785
resize_1_num = 21
resize_2_num = 917732
insert all over
time_consumption of search is 2825829307
This test insert number is :10000000
This test radio is:5
insert begin 
time_consumption of insert is 7354929248
resize_time = 1358725
resize_1_num = 21
resize_2_num = 917732
insert all over
time_consumption of search is 2825434516
This test insert number is :10000000
This test radio is:5
insert begin 
time_consumption of insert is 7342062182
resize_time = 1279962
resize_1_num = 21
resize_2_num = 917732
insert all over
time_consumption of search is 2847512096
This test insert number is :10000000
This test radio is:5
insert begin 
time_consumption of insert is 7420569255
resize_time = 1329132
resize_1_num = 21
resize_2_num = 917732
insert all over
time_consumption of search is 2831291835
This test insert number is :10000000
This test radio is:5
insert begin 
time_consumption of insert is 7307487814
resize_time = 1334285
resize_1_num = 21
resize_2_num = 917732
insert all over
time_consumption of search is 2902681053
This test insert number is :10000000
This test radio is:5
insert begin 
time_consumption of insert is 7285699922
resize_time = 1322362
resize_1_num = 21
resize_2_num = 917732
insert all over
time_consumption of search is 2916022635
This test insert number is :10000000
This test radio is:5
insert begin 
time_consumption of insert is 7208390006
resize_time = 1238950
resize_1_num = 21
resize_2_num = 917732
insert all over
time_consumption of search is 2825249562
This test insert number is :10000000
This test radio is:5
insert begin 
time_consumption of insert is 7316684578
resize_time = 1338443
resize_1_num = 21
resize_2_num = 917732
insert all over
time_consumption of search is 2821055984
This test insert number is :10000000
This test radio is:5
insert begin 
time_consumption of insert is 7220749236
resize_time = 1252218
resize_1_num = 21
resize_2_num = 917732
insert all over
time_consumption of search is 2824691398
This test insert number is :10000000
This test radio is:6
insert begin 
time_consumption of insert is 7223336426
resize_time = 1247808
resize_1_num = 21
resize_2_num = 917410
insert all over
time_consumption of search is 2825001874
This test insert number is :10000000
This test radio is:6
insert begin 
time_consumption of insert is 10304810084
resize_time = 1657543
resize_1_num = 21
resize_2_num = 917410
insert all over
time_consumption of search is 3771298835
This test insert number is :10000000
This test radio is:6
insert begin 
time_consumption of insert is 8098199052
resize_time = 1523668
resize_1_num = 21
resize_2_num = 917410
insert all over
time_consumption of search is 2924336227
This test insert number is :10000000
This test radio is:6
insert begin 
time_consumption of insert is 9930621613
resize_time = 1613587
resize_1_num = 21
resize_2_num = 917410
insert all over
time_consumption of search is 3849291407
This test insert number is :10000000
This test radio is:6
insert begin 
time_consumption of insert is 7874917985
resize_time = 1505928
resize_1_num = 21
resize_2_num = 917410
insert all over
time_consumption of search is 2968571742
This test insert number is :10000000
This test radio is:6
insert begin 
time_consumption of insert is 7398553832
resize_time = 1269631
resize_1_num = 21
resize_2_num = 917410
insert all over
time_consumption of search is 2787377052
This test insert number is :10000000
This test radio is:6
insert begin 
time_consumption of insert is 7526442171
resize_time = 1284464
resize_1_num = 21
resize_2_num = 917410
insert all over
time_consumption of search is 2785381454
This test insert number is :10000000
This test radio is:6
insert begin 
time_consumption of insert is 7505212841
resize_time = 1300853
resize_1_num = 21
resize_2_num = 917410
insert all over
time_consumption of search is 2801289364
This test insert number is :10000000
This test radio is:6
insert begin 
time_consumption of insert is 7417428942
resize_time = 1278864
resize_1_num = 21
resize_2_num = 917410
insert all over
time_consumption of search is 2796582705
This test insert number is :10000000
This test radio is:6
insert begin 
time_consumption of insert is 7337594411
resize_time = 1264347
resize_1_num = 21
resize_2_num = 917410
insert all over
time_consumption of search is 2836895110
This test insert number is :10000000
This test radio is:7
insert begin 
time_consumption of insert is 7446874137
resize_time = 1295163
resize_1_num = 21
resize_2_num = 917937
insert all over
time_consumption of search is 2767283328
This test insert number is :10000000
This test radio is:7
insert begin 
time_consumption of insert is 7412955487
resize_time = 1282194
resize_1_num = 21
resize_2_num = 917937
insert all over
time_consumption of search is 2763362665
This test insert number is :10000000
This test radio is:7
insert begin 
time_consumption of insert is 7425216513
resize_time = 1297197
resize_1_num = 21
resize_2_num = 917937
insert all over
time_consumption of search is 2760574131
This test insert number is :10000000
This test radio is:7
insert begin 
time_consumption of insert is 9115009821
resize_time = 1635338
resize_1_num = 21
resize_2_num = 917937
insert all over
time_consumption of search is 2766521120
This test insert number is :10000000
This test radio is:7
insert begin 
time_consumption of insert is 10118410301
resize_time = 1755660
resize_1_num = 21
resize_2_num = 917937
insert all over
time_consumption of search is 3689437963
This test insert number is :10000000
This test radio is:7
insert begin 
time_consumption of insert is 7685045768
resize_time = 1376992
resize_1_num = 21
resize_2_num = 917937
insert all over
time_consumption of search is 2995392550
This test insert number is :10000000
This test radio is:7
insert begin 
time_consumption of insert is 7349836611
resize_time = 1259777
resize_1_num = 21
resize_2_num = 917937
insert all over
time_consumption of search is 2749942258
This test insert number is :10000000
This test radio is:7
insert begin 
time_consumption of insert is 10082270248
resize_time = 1663423
resize_1_num = 21
resize_2_num = 917937
insert all over
time_consumption of search is 3092286317
This test insert number is :10000000
This test radio is:7
insert begin 
time_consumption of insert is 7575671389
resize_time = 1384890
resize_1_num = 21
resize_2_num = 917937
insert all over
time_consumption of search is 2734607147
This test insert number is :10000000
This test radio is:7
insert begin 
time_consumption of insert is 7579721086
resize_time = 1390549
resize_1_num = 21
resize_2_num = 917937
insert all over
time_consumption of search is 2718205230
This test insert number is :10000000
This test radio is:8
insert begin 
time_consumption of insert is 7360140698
resize_time = 1346849
resize_1_num = 21
resize_2_num = 917303
insert all over
time_consumption of search is 2738285749
This test insert number is :10000000
This test radio is:8
insert begin 
time_consumption of insert is 7320204945
resize_time = 1336100
resize_1_num = 21
resize_2_num = 917303
insert all over
time_consumption of search is 2725276180
This test insert number is :10000000
This test radio is:8
insert begin 
time_consumption of insert is 7331911785
resize_time = 1270320
resize_1_num = 21
resize_2_num = 917303
insert all over
time_consumption of search is 2729118640
This test insert number is :10000000
This test radio is:8
insert begin 
time_consumption of insert is 7588376714
resize_time = 1370047
resize_1_num = 21
resize_2_num = 917303
insert all over
time_consumption of search is 2728461180
This test insert number is :10000000
This test radio is:8
insert begin 
time_consumption of insert is 7283802321
resize_time = 1312785
resize_1_num = 21
resize_2_num = 917303
insert all over
time_consumption of search is 2732711315
This test insert number is :10000000
This test radio is:8
insert begin 
time_consumption of insert is 7224756782
resize_time = 1243799
resize_1_num = 21
resize_2_num = 917303
insert all over
time_consumption of search is 2812035641
This test insert number is :10000000
This test radio is:8
insert begin 
time_consumption of insert is 7224230086
resize_time = 1248294
resize_1_num = 21
resize_2_num = 917303
insert all over
time_consumption of search is 2763599941
This test insert number is :10000000
This test radio is:8
insert begin 
time_consumption of insert is 7248745709
resize_time = 1246400
resize_1_num = 21
resize_2_num = 917303
insert all over
time_consumption of search is 2682896765
This test insert number is :10000000
This test radio is:8
insert begin 
time_consumption of insert is 7452122488
resize_time = 1358888
resize_1_num = 21
resize_2_num = 917303
insert all over
time_consumption of search is 2678412138
This test insert number is :10000000
This test radio is:8
insert begin 
time_consumption of insert is 7339055887
resize_time = 1267522
resize_1_num = 21
resize_2_num = 917303
insert all over
time_consumption of search is 2677636504
This test insert number is :10000000
This test radio is:9
insert begin 
time_consumption of insert is 10741190742
resize_time = 1712873
resize_1_num = 21
resize_2_num = 917789
insert all over
time_consumption of search is 3034362052
This test insert number is :10000000
This test radio is:9
insert begin 
time_consumption of insert is 7542643789
resize_time = 1355131
resize_1_num = 21
resize_2_num = 917789
insert all over
time_consumption of search is 2778197750
This test insert number is :10000000
This test radio is:9
insert begin 
time_consumption of insert is 7316331652
resize_time = 1281071
resize_1_num = 21
resize_2_num = 917789
insert all over
time_consumption of search is 2712776537
This test insert number is :10000000
This test radio is:9
insert begin 
time_consumption of insert is 7372064048
resize_time = 1347737
resize_1_num = 21
resize_2_num = 917789
insert all over
time_consumption of search is 2696127184
This test insert number is :10000000
This test radio is:9
insert begin 
time_consumption of insert is 7319951313
resize_time = 1278676
resize_1_num = 21
resize_2_num = 917789
insert all over
time_consumption of search is 2693999025
This test insert number is :10000000
This test radio is:9
insert begin 
time_consumption of insert is 7521841022
resize_time = 1378064
resize_1_num = 21
resize_2_num = 917789
insert all over
time_consumption of search is 2703010840
This test insert number is :10000000
This test radio is:9
insert begin 
time_consumption of insert is 7335801802
resize_time = 1322664
resize_1_num = 21
resize_2_num = 917789
insert all over
time_consumption of search is 2722757298
This test insert number is :10000000
This test radio is:9
insert begin 
time_consumption of insert is 7231015270
resize_time = 1254459
resize_1_num = 21
resize_2_num = 917789
insert all over
time_consumption of search is 2791592014
This test insert number is :10000000
This test radio is:9
insert begin 
time_consumption of insert is 10942787655
resize_time = 1842929
resize_1_num = 21
resize_2_num = 917789
insert all over
time_consumption of search is 3620966386
This test insert number is :10000000
This test radio is:9
insert begin 
time_consumption of insert is 7602116125
resize_time = 1439914
resize_1_num = 21
resize_2_num = 917789
insert all over
time_consumption of search is 2807738172
This test insert number is :10000000
This test radio is:10
insert begin 
time_consumption of insert is 10895716088
resize_time = 1701165
resize_1_num = 21
resize_2_num = 917653
insert all over
time_consumption of search is 3244554964
This test insert number is :10000000
This test radio is:10
insert begin 
time_consumption of insert is 7317006213
resize_time = 1285385
resize_1_num = 21
resize_2_num = 917653
insert all over
time_consumption of search is 2748151513
This test insert number is :10000000
This test radio is:10
insert begin 
time_consumption of insert is 9896060850
resize_time = 1639838
resize_1_num = 21
resize_2_num = 917653
insert all over
time_consumption of search is 2903243767
This test insert number is :10000000
This test radio is:10
insert begin 
time_consumption of insert is 7354745142
resize_time = 1350046
resize_1_num = 21
resize_2_num = 917653
insert all over
time_consumption of search is 2711969636
This test insert number is :10000000
This test radio is:10
insert begin 
time_consumption of insert is 9408997190
resize_time = 1540652
resize_1_num = 21
resize_2_num = 917653
insert all over
time_consumption of search is 2782036272
This test insert number is :10000000
This test radio is:10
insert begin 
time_consumption of insert is 7434562995
resize_time = 1363626
resize_1_num = 21
resize_2_num = 917653
insert all over
time_consumption of search is 2678860920
This test insert number is :10000000
This test radio is:10
insert begin 
time_consumption of insert is 7359649611
resize_time = 1347326
resize_1_num = 21
resize_2_num = 917653
insert all over
time_consumption of search is 2683450800
This test insert number is :10000000
This test radio is:10
insert begin 
time_consumption of insert is 7361963962
resize_time = 1324374
resize_1_num = 21
resize_2_num = 917653
insert all over
time_consumption of search is 2672486866
This test insert number is :10000000
This test radio is:10
insert begin 
time_consumption of insert is 7304233493
resize_time = 1325227
resize_1_num = 21
resize_2_num = 917653
insert all over
time_consumption of search is 2670920837
This test insert number is :10000000
This test radio is:10
insert begin 
time_consumption of insert is 10645832183
resize_time = 1830530
resize_1_num = 21
resize_2_num = 917653
insert all over
time_consumption of search is 3806408786
