This test insert number is :10000000
This test radio is:1
insert begin 
time_consumption of insert is 11855369729
resize_time = 3455627
resize_1_num = 13
resize_2_num = 8269
insert all over
time_consumption of search is 4297050753
This test insert number is :10000000
This test radio is:1
insert begin 
time_consumption of insert is 11736135961
resize_time = 3449284
resize_1_num = 13
resize_2_num = 8269
insert all over
time_consumption of search is 4243405741
This test insert number is :10000000
This test radio is:1
insert begin 
time_consumption of insert is 11739512511
resize_time = 3427099
resize_1_num = 13
resize_2_num = 8269
insert all over
time_consumption of search is 4326526801
This test insert number is :10000000
This test radio is:1
insert begin 
time_consumption of insert is 11691417642
resize_time = 3440041
resize_1_num = 13
resize_2_num = 8269
insert all over
time_consumption of search is 4213420689
This test insert number is :10000000
This test radio is:1
insert begin 
time_consumption of insert is 11591988537
resize_time = 3424972
resize_1_num = 13
resize_2_num = 8269
insert all over
time_consumption of search is 4229600150
This test insert number is :10000000
This test radio is:1
insert begin 
time_consumption of insert is 16519552798
resize_time = 4783004
resize_1_num = 13
resize_2_num = 8269
insert all over
time_consumption of search is 5489644853
This test insert number is :10000000
This test radio is:1
insert begin 
time_consumption of insert is 14516404470
resize_time = 4309675
resize_1_num = 13
resize_2_num = 8269
insert all over
time_consumption of search is 4677607125
This test insert number is :10000000
This test radio is:1
insert begin 
time_consumption of insert is 13521779056
resize_time = 3907550
resize_1_num = 13
resize_2_num = 8269
insert all over
time_consumption of search is 4624096604
This test insert number is :10000000
This test radio is:1
insert begin 
time_consumption of insert is 11792055460
resize_time = 3474116
resize_1_num = 13
resize_2_num = 8269
insert all over
time_consumption of search is 4249959160
This test insert number is :10000000
This test radio is:1
insert begin 
time_consumption of insert is 11664074403
resize_time = 3427101
resize_1_num = 13
resize_2_num = 8269
insert all over
time_consumption of search is 4238834489
This test insert number is :10000000
This test radio is:2
insert begin 
time_consumption of insert is 11697154696
resize_time = 3420138
resize_1_num = 13
resize_2_num = 8255
insert all over
time_consumption of search is 4268977847
This test insert number is :10000000
This test radio is:2
insert begin 
time_consumption of insert is 11678643522
resize_time = 3427927
resize_1_num = 13
resize_2_num = 8255
insert all over
time_consumption of search is 4451957690
This test insert number is :10000000
This test radio is:2
insert begin 
time_consumption of insert is 11578430719
resize_time = 3439996
resize_1_num = 13
resize_2_num = 8255
insert all over
time_consumption of search is 4270899202
This test insert number is :10000000
This test radio is:2
insert begin 
time_consumption of insert is 11743594646
resize_time = 3420836
resize_1_num = 13
resize_2_num = 8255
insert all over
time_consumption of search is 4280477171
This test insert number is :10000000
This test radio is:2
insert begin 
time_consumption of insert is 11554260419
resize_time = 3412842
resize_1_num = 13
resize_2_num = 8255
insert all over
time_consumption of search is 4463696680
This test insert number is :10000000
This test radio is:2
insert begin 
time_consumption of insert is 11855635693
resize_time = 3420241
resize_1_num = 13
resize_2_num = 8255
insert all over
time_consumption of search is 4287950680
This test insert number is :10000000
This test radio is:2
insert begin 
time_consumption of insert is 11550780876
resize_time = 3409714
resize_1_num = 13
resize_2_num = 8255
insert all over
time_consumption of search is 4218198068
This test insert number is :10000000
This test radio is:2
insert begin 
time_consumption of insert is 17092454657
resize_time = 5066654
resize_1_num = 13
resize_2_num = 8255
insert all over
time_consumption of search is 5140882208
This test insert number is :10000000
This test radio is:2
insert begin 
time_consumption of insert is 14191532582
resize_time = 4264902
resize_1_num = 13
resize_2_num = 8255
insert all over
time_consumption of search is 4435775037
This test insert number is :10000000
This test radio is:2
insert begin 
time_consumption of insert is 12752228700
resize_time = 3747871
resize_1_num = 13
resize_2_num = 8255
insert all over
time_consumption of search is 4180518163
This test insert number is :10000000
This test radio is:3
insert begin 
time_consumption of insert is 11502050612
resize_time = 3402506
resize_1_num = 13
resize_2_num = 8263
insert all over
time_consumption of search is 4450099117
This test insert number is :10000000
This test radio is:3
insert begin 
time_consumption of insert is 11575356490
resize_time = 3434213
resize_1_num = 13
resize_2_num = 8263
insert all over
time_consumption of search is 4245703687
This test insert number is :10000000
This test radio is:3
insert begin 
time_consumption of insert is 11564820729
resize_time = 3419211
resize_1_num = 13
resize_2_num = 8263
insert all over
time_consumption of search is 4299303423
This test insert number is :10000000
This test radio is:3
insert begin 
time_consumption of insert is 11585205757
resize_time = 3430636
resize_1_num = 13
resize_2_num = 8263
insert all over
time_consumption of search is 4550627298
This test insert number is :10000000
This test radio is:3
insert begin 
time_consumption of insert is 11699627325
resize_time = 3443997
resize_1_num = 13
resize_2_num = 8263
insert all over
time_consumption of search is 4193948723
This test insert number is :10000000
This test radio is:3
insert begin 
time_consumption of insert is 11587705941
resize_time = 3433478
resize_1_num = 13
resize_2_num = 8263
insert all over
time_consumption of search is 4528794492
This test insert number is :10000000
This test radio is:3
insert begin 
time_consumption of insert is 11725790600
resize_time = 3433944
resize_1_num = 13
resize_2_num = 8263
insert all over
time_consumption of search is 4280432403
This test insert number is :10000000
This test radio is:3
insert begin 
time_consumption of insert is 11830961338
resize_time = 3455561
resize_1_num = 13
resize_2_num = 8263
insert all over
time_consumption of search is 4324422559
This test insert number is :10000000
This test radio is:3
insert begin 
time_consumption of insert is 17422041540
resize_time = 5139961
resize_1_num = 13
resize_2_num = 8263
insert all over
time_consumption of search is 5321145558
This test insert number is :10000000
This test radio is:3
insert begin 
time_consumption of insert is 11698113099
resize_time = 3490971
resize_1_num = 13
resize_2_num = 8263
insert all over
time_consumption of search is 4360926977
This test insert number is :10000000
This test radio is:4
insert begin 
time_consumption of insert is 11658405683
resize_time = 3437472
resize_1_num = 13
resize_2_num = 8277
insert all over
time_consumption of search is 4379426232
This test insert number is :10000000
This test radio is:4
insert begin 
time_consumption of insert is 11579764239
resize_time = 3418546
resize_1_num = 13
resize_2_num = 8277
insert all over
time_consumption of search is 4349138486
This test insert number is :10000000
This test radio is:4
insert begin 
time_consumption of insert is 11815266205
resize_time = 3445459
resize_1_num = 13
resize_2_num = 8277
insert all over
time_consumption of search is 4350867521
This test insert number is :10000000
This test radio is:4
insert begin 
time_consumption of insert is 11611368378
resize_time = 3412558
resize_1_num = 13
resize_2_num = 8277
insert all over
time_consumption of search is 4374635965
This test insert number is :10000000
This test radio is:4
insert begin 
time_consumption of insert is 11646285858
resize_time = 3433426
resize_1_num = 13
resize_2_num = 8277
insert all over
time_consumption of search is 4342820492
This test insert number is :10000000
This test radio is:4
insert begin 
time_consumption of insert is 17910132733
resize_time = 5288021
resize_1_num = 13
resize_2_num = 8277
insert all over
time_consumption of search is 5005674645
This test insert number is :10000000
This test radio is:4
insert begin 
time_consumption of insert is 17987056927
resize_time = 5133575
resize_1_num = 13
resize_2_num = 8277
insert all over
time_consumption of search is 5406559048
This test insert number is :10000000
This test radio is:4
insert begin 
time_consumption of insert is 14022533035
resize_time = 4067834
resize_1_num = 13
resize_2_num = 8277
insert all over
time_consumption of search is 4366469880
This test insert number is :10000000
This test radio is:4
insert begin 
time_consumption of insert is 11599739972
resize_time = 3417731
resize_1_num = 13
resize_2_num = 8277
insert all over
time_consumption of search is 4378216856
This test insert number is :10000000
This test radio is:4
insert begin 
time_consumption of insert is 10524260768
resize_time = 3124851
resize_1_num = 13
resize_2_num = 8277
insert all over
time_consumption of search is 4236587706
This test insert number is :10000000
This test radio is:5
insert begin 
time_consumption of insert is 11651006523
resize_time = 3408812
resize_1_num = 13
resize_2_num = 8254
insert all over
time_consumption of search is 4349922880
This test insert number is :10000000
This test radio is:5
insert begin 
time_consumption of insert is 11610526577
resize_time = 3423034
resize_1_num = 13
resize_2_num = 8254
insert all over
time_consumption of search is 4361421531
This test insert number is :10000000
This test radio is:5
insert begin 
time_consumption of insert is 11518111537
resize_time = 3400616
resize_1_num = 13
resize_2_num = 8254
insert all over
time_consumption of search is 4267394253
This test insert number is :10000000
This test radio is:5
insert begin 
time_consumption of insert is 11580064726
resize_time = 3411058
resize_1_num = 13
resize_2_num = 8254
insert all over
time_consumption of search is 4339226961
This test insert number is :10000000
This test radio is:5
insert begin 
time_consumption of insert is 15965764096
resize_time = 4636050
resize_1_num = 13
resize_2_num = 8254
insert all over
time_consumption of search is 4831465059
This test insert number is :10000000
This test radio is:5
insert begin 
time_consumption of insert is 13216203278
resize_time = 3893220
resize_1_num = 13
resize_2_num = 8254
insert all over
time_consumption of search is 4312354465
This test insert number is :10000000
This test radio is:5
insert begin 
time_consumption of insert is 11607303238
resize_time = 3434779
resize_1_num = 13
resize_2_num = 8254
insert all over
time_consumption of search is 4569344538
This test insert number is :10000000
This test radio is:5
insert begin 
time_consumption of insert is 11932521448
resize_time = 3416664
resize_1_num = 13
resize_2_num = 8254
insert all over
time_consumption of search is 4282814970
This test insert number is :10000000
This test radio is:5
insert begin 
time_consumption of insert is 11581088265
resize_time = 3413515
resize_1_num = 13
resize_2_num = 8254
insert all over
time_consumption of search is 4346180256
This test insert number is :10000000
This test radio is:5
insert begin 
time_consumption of insert is 18090960753
resize_time = 5318628
resize_1_num = 13
resize_2_num = 8254
insert all over
time_consumption of search is 5660273203
This test insert number is :10000000
This test radio is:6
insert begin 
time_consumption of insert is 12705188775
resize_time = 3725022
resize_1_num = 13
resize_2_num = 8248
insert all over
time_consumption of search is 4414498853
This test insert number is :10000000
This test radio is:6
insert begin 
time_consumption of insert is 11639133819
resize_time = 3440684
resize_1_num = 13
resize_2_num = 8248
insert all over
time_consumption of search is 4373262645
This test insert number is :10000000
This test radio is:6
insert begin 
time_consumption of insert is 11547966980
resize_time = 3409208
resize_1_num = 13
resize_2_num = 8248
insert all over
time_consumption of search is 4283722785
This test insert number is :10000000
This test radio is:6
insert begin 
time_consumption of insert is 11613233627
resize_time = 3418113
resize_1_num = 13
resize_2_num = 8248
insert all over
time_consumption of search is 4604973815
This test insert number is :10000000
This test radio is:6
insert begin 
time_consumption of insert is 13232800040
resize_time = 3786702
resize_1_num = 13
resize_2_num = 8248
insert all over
time_consumption of search is 4427104556
This test insert number is :10000000
This test radio is:6
insert begin 
time_consumption of insert is 11578917330
resize_time = 3424650
resize_1_num = 13
resize_2_num = 8248
insert all over
time_consumption of search is 4289304601
This test insert number is :10000000
This test radio is:6
insert begin 
time_consumption of insert is 11626398991
resize_time = 3419486
resize_1_num = 13
resize_2_num = 8248
insert all over
time_consumption of search is 4480146441
This test insert number is :10000000
This test radio is:6
insert begin 
time_consumption of insert is 11681446167
resize_time = 3433664
resize_1_num = 13
resize_2_num = 8248
insert all over
time_consumption of search is 4306796468
This test insert number is :10000000
This test radio is:6
insert begin 
time_consumption of insert is 11557447056
resize_time = 3418836
resize_1_num = 13
resize_2_num = 8248
insert all over
time_consumption of search is 4585262587
This test insert number is :10000000
This test radio is:6
insert begin 
time_consumption of insert is 11986241064
resize_time = 3452782
resize_1_num = 13
resize_2_num = 8248
insert all over
time_consumption of search is 4405231752
This test insert number is :10000000
This test radio is:7
insert begin 
time_consumption of insert is 11567872320
resize_time = 3423469
resize_1_num = 13
resize_2_num = 8260
insert all over
time_consumption of search is 4270633814
This test insert number is :10000000
This test radio is:7
insert begin 
time_consumption of insert is 11637724880
resize_time = 3435934
resize_1_num = 13
resize_2_num = 8260
insert all over
time_consumption of search is 4358036581
This test insert number is :10000000
This test radio is:7
insert begin 
time_consumption of insert is 11714419900
resize_time = 3409506
resize_1_num = 13
resize_2_num = 8260
insert all over
time_consumption of search is 4404036201
This test insert number is :10000000
This test radio is:7
insert begin 
time_consumption of insert is 11589105986
resize_time = 3419406
resize_1_num = 13
resize_2_num = 8260
insert all over
time_consumption of search is 4430064562
This test insert number is :10000000
This test radio is:7
insert begin 
time_consumption of insert is 11622678677
resize_time = 3417276
resize_1_num = 13
resize_2_num = 8260
insert all over
time_consumption of search is 4409540959
This test insert number is :10000000
This test radio is:7
insert begin 
time_consumption of insert is 11693762989
resize_time = 3422293
resize_1_num = 13
resize_2_num = 8260
insert all over
time_consumption of search is 4516731449
This test insert number is :10000000
This test radio is:7
insert begin 
time_consumption of insert is 11936242156
resize_time = 3434314
resize_1_num = 13
resize_2_num = 8260
insert all over
time_consumption of search is 4289583401
This test insert number is :10000000
This test radio is:7
insert begin 
time_consumption of insert is 11837191335
resize_time = 3453195
resize_1_num = 13
resize_2_num = 8260
insert all over
time_consumption of search is 4397272311
This test insert number is :10000000
This test radio is:7
insert begin 
time_consumption of insert is 11631294377
resize_time = 3428713
resize_1_num = 13
resize_2_num = 8260
insert all over
time_consumption of search is 4405673963
This test insert number is :10000000
This test radio is:7
insert begin 
time_consumption of insert is 12311495149
resize_time = 3584842
resize_1_num = 13
resize_2_num = 8260
insert all over
time_consumption of search is 4430341360
This test insert number is :10000000
This test radio is:8
insert begin 
time_consumption of insert is 11641088563
resize_time = 3413332
resize_1_num = 13
resize_2_num = 8255
insert all over
time_consumption of search is 4355735241
This test insert number is :10000000
This test radio is:8
insert begin 
time_consumption of insert is 11709866605
resize_time = 3418941
resize_1_num = 13
resize_2_num = 8255
insert all over
time_consumption of search is 4348710777
This test insert number is :10000000
This test radio is:8
insert begin 
time_consumption of insert is 11609302925
resize_time = 3408928
resize_1_num = 13
resize_2_num = 8255
insert all over
time_consumption of search is 4538470422
This test insert number is :10000000
This test radio is:8
insert begin 
time_consumption of insert is 11887824911
resize_time = 3431684
resize_1_num = 13
resize_2_num = 8255
insert all over
time_consumption of search is 4312699502
This test insert number is :10000000
This test radio is:8
insert begin 
time_consumption of insert is 11641048461
resize_time = 3421626
resize_1_num = 13
resize_2_num = 8255
insert all over
time_consumption of search is 4371110325
This test insert number is :10000000
This test radio is:8
insert begin 
time_consumption of insert is 11616615853
resize_time = 3413609
resize_1_num = 13
resize_2_num = 8255
insert all over
time_consumption of search is 4304841467
This test insert number is :10000000
This test radio is:8
insert begin 
time_consumption of insert is 11650659653
resize_time = 3421691
resize_1_num = 13
resize_2_num = 8255
insert all over
time_consumption of search is 4469926118
This test insert number is :10000000
This test radio is:8
insert begin 
time_consumption of insert is 11606885729
resize_time = 3414924
resize_1_num = 13
resize_2_num = 8255
insert all over
time_consumption of search is 4454674554
This test insert number is :10000000
This test radio is:8
insert begin 
time_consumption of insert is 11663547010
resize_time = 3398992
resize_1_num = 13
resize_2_num = 8255
insert all over
time_consumption of search is 4566840640
This test insert number is :10000000
This test radio is:8
insert begin 
time_consumption of insert is 11734593341
resize_time = 3426453
resize_1_num = 13
resize_2_num = 8255
insert all over
time_consumption of search is 4424370014
This test insert number is :10000000
This test radio is:9
insert begin 
time_consumption of insert is 11665071547
resize_time = 3417308
resize_1_num = 13
resize_2_num = 8266
insert all over
time_consumption of search is 4401454705
This test insert number is :10000000
This test radio is:9
insert begin 
time_consumption of insert is 11603538754
resize_time = 3420106
resize_1_num = 13
resize_2_num = 8266
insert all over
time_consumption of search is 4407840334
This test insert number is :10000000
This test radio is:9
insert begin 
time_consumption of insert is 11647512706
resize_time = 3413238
resize_1_num = 13
resize_2_num = 8266
insert all over
time_consumption of search is 4536721247
This test insert number is :10000000
This test radio is:9
insert begin 
time_consumption of insert is 17555663285
resize_time = 5151850
resize_1_num = 13
resize_2_num = 8266
insert all over
time_consumption of search is 5146399522
This test insert number is :10000000
This test radio is:9
insert begin 
time_consumption of insert is 12375846062
resize_time = 3676390
resize_1_num = 13
resize_2_num = 8266
insert all over
time_consumption of search is 4358189648
This test insert number is :10000000
This test radio is:9
insert begin 
time_consumption of insert is 11585664694
resize_time = 3405368
resize_1_num = 13
resize_2_num = 8266
insert all over
time_consumption of search is 4538424337
This test insert number is :10000000
This test radio is:9
insert begin 
time_consumption of insert is 11635991029
resize_time = 3419077
resize_1_num = 13
resize_2_num = 8266
insert all over
time_consumption of search is 4318449482
This test insert number is :10000000
This test radio is:9
insert begin 
time_consumption of insert is 11689858152
resize_time = 3424170
resize_1_num = 13
resize_2_num = 8266
insert all over
time_consumption of search is 4353117151
This test insert number is :10000000
This test radio is:9
insert begin 
time_consumption of insert is 11686504908
resize_time = 3414948
resize_1_num = 13
resize_2_num = 8266
insert all over
time_consumption of search is 4436428087
This test insert number is :10000000
This test radio is:9
insert begin 
time_consumption of insert is 16632217997
resize_time = 4868999
resize_1_num = 13
resize_2_num = 8266
insert all over
time_consumption of search is 5189703172
This test insert number is :10000000
This test radio is:10
insert begin 
time_consumption of insert is 15947096116
resize_time = 4680806
resize_1_num = 13
resize_2_num = 8265
insert all over
time_consumption of search is 5205741911
This test insert number is :10000000
This test radio is:10
insert begin 
time_consumption of insert is 12784824598
resize_time = 3686069
resize_1_num = 13
resize_2_num = 8265
insert all over
time_consumption of search is 4617498200
This test insert number is :10000000
This test radio is:10
insert begin 
time_consumption of insert is 12025454070
resize_time = 3445671
resize_1_num = 13
resize_2_num = 8265
insert all over
time_consumption of search is 4493254061
This test insert number is :10000000
This test radio is:10
insert begin 
time_consumption of insert is 11603397571
resize_time = 3414015
resize_1_num = 13
resize_2_num = 8265
insert all over
time_consumption of search is 4480512704
This test insert number is :10000000
This test radio is:10
insert begin 
time_consumption of insert is 12323400428
resize_time = 3589949
resize_1_num = 13
resize_2_num = 8265
insert all over
time_consumption of search is 4429964702
This test insert number is :10000000
This test radio is:10
insert begin 
time_consumption of insert is 11572052586
resize_time = 3433784
resize_1_num = 13
resize_2_num = 8265
insert all over
time_consumption of search is 4391113020
This test insert number is :10000000
This test radio is:10
insert begin 
time_consumption of insert is 17125725549
resize_time = 5003262
resize_1_num = 13
resize_2_num = 8265
insert all over
time_consumption of search is 5395160197
This test insert number is :10000000
This test radio is:10
insert begin 
time_consumption of insert is 14382898385
resize_time = 4088269
resize_1_num = 13
resize_2_num = 8265
insert all over
time_consumption of search is 5778869735
This test insert number is :10000000
This test radio is:10
insert begin 
time_consumption of insert is 13940685159
resize_time = 4077435
resize_1_num = 13
resize_2_num = 8265
insert all over
time_consumption of search is 4955014124
This test insert number is :10000000
This test radio is:10
insert begin 
time_consumption of insert is 15062784692
resize_time = 4349888
resize_1_num = 13
resize_2_num = 8265
insert all over
time_consumption of search is 5421593471
