This test insert number is :10000000
This test radio is:1
insert begin 
time_consumption of insert is 6575999609
resize_time = 1690254
resize_1_num = 15
resize_2_num = 25886
insert all over
time_consumption of search is 3001030403
This test insert number is :10000000
This test radio is:1
insert begin 
time_consumption of insert is 4669563096
resize_time = 1350199
resize_1_num = 15
resize_2_num = 25886
insert all over
time_consumption of search is 2662145069
This test insert number is :10000000
This test radio is:1
insert begin 
time_consumption of insert is 4634430805
resize_time = 1333143
resize_1_num = 15
resize_2_num = 25886
insert all over
time_consumption of search is 2534366648
This test insert number is :10000000
This test radio is:1
insert begin 
time_consumption of insert is 4587964535
resize_time = 1323725
resize_1_num = 15
resize_2_num = 25886
insert all over
time_consumption of search is 2563477812
This test insert number is :10000000
This test radio is:1
insert begin 
time_consumption of insert is 4535348060
resize_time = 1314520
resize_1_num = 15
resize_2_num = 25886
insert all over
time_consumption of search is 2580033771
This test insert number is :10000000
This test radio is:1
insert begin 
time_consumption of insert is 4535203088
resize_time = 1320576
resize_1_num = 15
resize_2_num = 25886
insert all over
time_consumption of search is 2540161012
This test insert number is :10000000
This test radio is:1
insert begin 
time_consumption of insert is 4571328026
resize_time = 1332666
resize_1_num = 15
resize_2_num = 25886
insert all over
time_consumption of search is 2539160188
This test insert number is :10000000
This test radio is:1
insert begin 
time_consumption of insert is 4571138894
resize_time = 1329953
resize_1_num = 15
resize_2_num = 25886
insert all over
time_consumption of search is 2535141435
This test insert number is :10000000
This test radio is:1
insert begin 
time_consumption of insert is 4548450297
resize_time = 1323513
resize_1_num = 15
resize_2_num = 25886
insert all over
time_consumption of search is 2533409504
This test insert number is :10000000
This test radio is:1
insert begin 
time_consumption of insert is 4594732480
resize_time = 1371920
resize_1_num = 15
resize_2_num = 25886
insert all over
time_consumption of search is 2540886807
This test insert number is :10000000
This test radio is:2
insert begin 
time_consumption of insert is 4508936016
resize_time = 1307472
resize_1_num = 15
resize_2_num = 25780
insert all over
time_consumption of search is 2431132324
This test insert number is :10000000
This test radio is:2
insert begin 
time_consumption of insert is 4604272244
resize_time = 1308441
resize_1_num = 15
resize_2_num = 25780
insert all over
time_consumption of search is 2422262488
This test insert number is :10000000
This test radio is:2
insert begin 
time_consumption of insert is 4524543900
resize_time = 1312199
resize_1_num = 15
resize_2_num = 25780
insert all over
time_consumption of search is 2426573239
This test insert number is :10000000
This test radio is:2
insert begin 
time_consumption of insert is 4587926093
resize_time = 1309781
resize_1_num = 15
resize_2_num = 25780
insert all over
time_consumption of search is 2568722046
This test insert number is :10000000
This test radio is:2
insert begin 
time_consumption of insert is 4533589904
resize_time = 1319100
resize_1_num = 15
resize_2_num = 25780
insert all over
time_consumption of search is 2418671376
This test insert number is :10000000
This test radio is:2
insert begin 
time_consumption of insert is 4524155350
resize_time = 1314482
resize_1_num = 15
resize_2_num = 25780
insert all over
time_consumption of search is 2424999396
This test insert number is :10000000
This test radio is:2
insert begin 
time_consumption of insert is 4536251956
resize_time = 1302507
resize_1_num = 15
resize_2_num = 25780
insert all over
time_consumption of search is 2421911144
This test insert number is :10000000
This test radio is:2
insert begin 
time_consumption of insert is 4555484962
resize_time = 1313355
resize_1_num = 15
resize_2_num = 25780
insert all over
time_consumption of search is 2437629206
This test insert number is :10000000
This test radio is:2
insert begin 
time_consumption of insert is 4634085324
resize_time = 1334281
resize_1_num = 15
resize_2_num = 25780
insert all over
time_consumption of search is 2420802563
This test insert number is :10000000
This test radio is:2
insert begin 
time_consumption of insert is 4505269658
resize_time = 1299317
resize_1_num = 15
resize_2_num = 25780
insert all over
time_consumption of search is 2434267829
This test insert number is :10000000
This test radio is:3
insert begin 
time_consumption of insert is 4626810154
resize_time = 1349806
resize_1_num = 15
resize_2_num = 25820
insert all over
time_consumption of search is 2347399022
This test insert number is :10000000
This test radio is:3
insert begin 
time_consumption of insert is 4533031524
resize_time = 1320409
resize_1_num = 15
resize_2_num = 25820
insert all over
time_consumption of search is 2316989592
This test insert number is :10000000
This test radio is:3
insert begin 
time_consumption of insert is 4887349199
resize_time = 1381087
resize_1_num = 15
resize_2_num = 25820
insert all over
time_consumption of search is 2266418804
This test insert number is :10000000
This test radio is:3
insert begin 
time_consumption of insert is 4603099235
resize_time = 1312045
resize_1_num = 15
resize_2_num = 25820
insert all over
time_consumption of search is 2341900021
This test insert number is :10000000
This test radio is:3
insert begin 
time_consumption of insert is 4523481939
resize_time = 1312925
resize_1_num = 15
resize_2_num = 25820
insert all over
time_consumption of search is 2319149109
This test insert number is :10000000
This test radio is:3
insert begin 
time_consumption of insert is 4545806164
resize_time = 1317445
resize_1_num = 15
resize_2_num = 25820
insert all over
time_consumption of search is 2309605308
This test insert number is :10000000
This test radio is:3
insert begin 
time_consumption of insert is 4520769631
resize_time = 1314827
resize_1_num = 15
resize_2_num = 25820
insert all over
time_consumption of search is 2314009912
This test insert number is :10000000
This test radio is:3
insert begin 
time_consumption of insert is 7108238610
resize_time = 1737259
resize_1_num = 15
resize_2_num = 25820
insert all over
time_consumption of search is 2966602663
This test insert number is :10000000
This test radio is:3
insert begin 
time_consumption of insert is 4634440805
resize_time = 1334276
resize_1_num = 15
resize_2_num = 25820
insert all over
time_consumption of search is 2760589596
This test insert number is :10000000
This test radio is:3
insert begin 
time_consumption of insert is 4529722010
resize_time = 1319588
resize_1_num = 15
resize_2_num = 25820
insert all over
time_consumption of search is 2374769952
This test insert number is :10000000
This test radio is:4
insert begin 
time_consumption of insert is 4519499780
resize_time = 1313808
resize_1_num = 15
resize_2_num = 25895
insert all over
time_consumption of search is 2224555120
This test insert number is :10000000
This test radio is:4
insert begin 
time_consumption of insert is 7322347678
resize_time = 1812691
resize_1_num = 15
resize_2_num = 25895
insert all over
time_consumption of search is 3045553804
This test insert number is :10000000
This test radio is:4
insert begin 
time_consumption of insert is 4630046348
resize_time = 1355648
resize_1_num = 15
resize_2_num = 25895
insert all over
time_consumption of search is 2455281876
This test insert number is :10000000
This test radio is:4
insert begin 
time_consumption of insert is 4614780003
resize_time = 1317397
resize_1_num = 15
resize_2_num = 25895
insert all over
time_consumption of search is 2224655660
This test insert number is :10000000
This test radio is:4
insert begin 
time_consumption of insert is 6480503855
resize_time = 1636623
resize_1_num = 15
resize_2_num = 25895
insert all over
time_consumption of search is 2995060558
This test insert number is :10000000
This test radio is:4
insert begin 
time_consumption of insert is 4810118284
resize_time = 1375537
resize_1_num = 15
resize_2_num = 25895
insert all over
time_consumption of search is 2629931393
This test insert number is :10000000
This test radio is:4
insert begin 
time_consumption of insert is 4681798494
resize_time = 1336302
resize_1_num = 15
resize_2_num = 25895
insert all over
time_consumption of search is 2284926070
This test insert number is :10000000
This test radio is:4
insert begin 
time_consumption of insert is 6649716135
resize_time = 1649975
resize_1_num = 15
resize_2_num = 25895
insert all over
time_consumption of search is 2975806836
This test insert number is :10000000
This test radio is:4
insert begin 
time_consumption of insert is 4740468550
resize_time = 1359964
resize_1_num = 15
resize_2_num = 25895
insert all over
time_consumption of search is 2526256611
This test insert number is :10000000
This test radio is:4
insert begin 
time_consumption of insert is 4553469584
resize_time = 1320149
resize_1_num = 15
resize_2_num = 25895
insert all over
time_consumption of search is 2239089545
This test insert number is :10000000
This test radio is:5
insert begin 
time_consumption of insert is 4576728647
resize_time = 1334191
resize_1_num = 15
resize_2_num = 25888
insert all over
time_consumption of search is 2099130292
This test insert number is :10000000
This test radio is:5
insert begin 
time_consumption of insert is 4869336877
resize_time = 1382390
resize_1_num = 15
resize_2_num = 25888
insert all over
time_consumption of search is 2091973831
This test insert number is :10000000
This test radio is:5
insert begin 
time_consumption of insert is 7221623682
resize_time = 1775357
resize_1_num = 15
resize_2_num = 25888
insert all over
time_consumption of search is 2792471707
This test insert number is :10000000
This test radio is:5
insert begin 
time_consumption of insert is 5187159258
resize_time = 1428064
resize_1_num = 15
resize_2_num = 25888
insert all over
time_consumption of search is 2245601998
This test insert number is :10000000
This test radio is:5
insert begin 
time_consumption of insert is 7285660603
resize_time = 1778094
resize_1_num = 15
resize_2_num = 25888
insert all over
time_consumption of search is 2577502172
This test insert number is :10000000
This test radio is:5
insert begin 
time_consumption of insert is 4538756951
resize_time = 1324390
resize_1_num = 15
resize_2_num = 25888
insert all over
time_consumption of search is 2045489065
This test insert number is :10000000
This test radio is:5
insert begin 
time_consumption of insert is 4619883892
resize_time = 1313347
resize_1_num = 15
resize_2_num = 25888
insert all over
time_consumption of search is 2041003841
This test insert number is :10000000
This test radio is:5
insert begin 
time_consumption of insert is 4535297367
resize_time = 1321449
resize_1_num = 15
resize_2_num = 25888
insert all over
time_consumption of search is 2130203327
This test insert number is :10000000
This test radio is:5
insert begin 
time_consumption of insert is 4555281254
resize_time = 1330126
resize_1_num = 15
resize_2_num = 25888
insert all over
time_consumption of search is 2088980998
This test insert number is :10000000
This test radio is:5
insert begin 
time_consumption of insert is 4536635947
resize_time = 1321515
resize_1_num = 15
resize_2_num = 25888
insert all over
time_consumption of search is 2102631228
This test insert number is :10000000
This test radio is:6
insert begin 
time_consumption of insert is 4535557923
resize_time = 1308428
resize_1_num = 15
resize_2_num = 25911
insert all over
time_consumption of search is 1994386246
This test insert number is :10000000
This test radio is:6
insert begin 
time_consumption of insert is 4562348890
resize_time = 1325728
resize_1_num = 15
resize_2_num = 25911
insert all over
time_consumption of search is 1997205045
This test insert number is :10000000
This test radio is:6
insert begin 
time_consumption of insert is 4600363905
resize_time = 1341766
resize_1_num = 15
resize_2_num = 25911
insert all over
time_consumption of search is 1987032862
This test insert number is :10000000
This test radio is:6
insert begin 
time_consumption of insert is 4807651789
resize_time = 1352449
resize_1_num = 15
resize_2_num = 25911
insert all over
time_consumption of search is 2001100286
This test insert number is :10000000
This test radio is:6
insert begin 
time_consumption of insert is 4573998845
resize_time = 1323228
resize_1_num = 15
resize_2_num = 25911
insert all over
time_consumption of search is 1988850930
This test insert number is :10000000
This test radio is:6
insert begin 
time_consumption of insert is 4588965586
resize_time = 1332492
resize_1_num = 15
resize_2_num = 25911
insert all over
time_consumption of search is 1982150785
This test insert number is :10000000
This test radio is:6
insert begin 
time_consumption of insert is 4689013895
resize_time = 1351220
resize_1_num = 15
resize_2_num = 25911
insert all over
time_consumption of search is 2007252645
This test insert number is :10000000
This test radio is:6
insert begin 
time_consumption of insert is 4586432852
resize_time = 1323177
resize_1_num = 15
resize_2_num = 25911
insert all over
time_consumption of search is 2084858126
This test insert number is :10000000
This test radio is:6
insert begin 
time_consumption of insert is 7308028726
resize_time = 1789797
resize_1_num = 15
resize_2_num = 25911
insert all over
time_consumption of search is 2772061328
This test insert number is :10000000
This test radio is:6
insert begin 
time_consumption of insert is 6784853296
resize_time = 1716568
resize_1_num = 15
resize_2_num = 25911
insert all over
time_consumption of search is 2339234522
This test insert number is :10000000
This test radio is:7
insert begin 
time_consumption of insert is 4538395542
resize_time = 1306864
resize_1_num = 15
resize_2_num = 25815
insert all over
time_consumption of search is 1864744834
This test insert number is :10000000
This test radio is:7
insert begin 
time_consumption of insert is 4553609024
resize_time = 1306558
resize_1_num = 15
resize_2_num = 25815
insert all over
time_consumption of search is 1839582332
This test insert number is :10000000
This test radio is:7
insert begin 
time_consumption of insert is 4540243787
resize_time = 1314880
resize_1_num = 15
resize_2_num = 25815
insert all over
time_consumption of search is 1870839283
This test insert number is :10000000
This test radio is:7
insert begin 
time_consumption of insert is 4552651173
resize_time = 1310639
resize_1_num = 15
resize_2_num = 25815
insert all over
time_consumption of search is 1865991192
This test insert number is :10000000
This test radio is:7
insert begin 
time_consumption of insert is 4569582820
resize_time = 1320411
resize_1_num = 15
resize_2_num = 25815
insert all over
time_consumption of search is 1860191133
This test insert number is :10000000
This test radio is:7
insert begin 
time_consumption of insert is 4556546507
resize_time = 1332635
resize_1_num = 15
resize_2_num = 25815
insert all over
time_consumption of search is 1894464519
This test insert number is :10000000
This test radio is:7
insert begin 
time_consumption of insert is 4721408281
resize_time = 1335019
resize_1_num = 15
resize_2_num = 25815
insert all over
time_consumption of search is 1881299477
This test insert number is :10000000
This test radio is:7
insert begin 
time_consumption of insert is 7323528484
resize_time = 1761396
resize_1_num = 15
resize_2_num = 25815
insert all over
time_consumption of search is 2384376535
This test insert number is :10000000
This test radio is:7
insert begin 
time_consumption of insert is 7216558971
resize_time = 1788019
resize_1_num = 15
resize_2_num = 25815
insert all over
time_consumption of search is 2501697260
This test insert number is :10000000
This test radio is:7
insert begin 
time_consumption of insert is 6350988886
resize_time = 1577531
resize_1_num = 15
resize_2_num = 25815
insert all over
time_consumption of search is 1964510926
This test insert number is :10000000
This test radio is:8
insert begin 
time_consumption of insert is 4648306891
resize_time = 1328506
resize_1_num = 15
resize_2_num = 25872
insert all over
time_consumption of search is 1720290118
This test insert number is :10000000
This test radio is:8
insert begin 
time_consumption of insert is 4552430080
resize_time = 1301182
resize_1_num = 15
resize_2_num = 25872
insert all over
time_consumption of search is 1821598454
This test insert number is :10000000
This test radio is:8
insert begin 
time_consumption of insert is 4592973069
resize_time = 1319953
resize_1_num = 15
resize_2_num = 25872
insert all over
time_consumption of search is 1790223863
This test insert number is :10000000
This test radio is:8
insert begin 
time_consumption of insert is 7205847009
resize_time = 1793598
resize_1_num = 15
resize_2_num = 25872
insert all over
time_consumption of search is 2340537485
This test insert number is :10000000
This test radio is:8
insert begin 
time_consumption of insert is 7123968346
resize_time = 1734879
resize_1_num = 15
resize_2_num = 25872
insert all over
time_consumption of search is 2127265101
This test insert number is :10000000
This test radio is:8
insert begin 
time_consumption of insert is 4736899018
resize_time = 1349670
resize_1_num = 15
resize_2_num = 25872
insert all over
time_consumption of search is 1800208125
This test insert number is :10000000
This test radio is:8
insert begin 
time_consumption of insert is 7261651778
resize_time = 1806809
resize_1_num = 15
resize_2_num = 25872
insert all over
time_consumption of search is 2398434168
This test insert number is :10000000
This test radio is:8
insert begin 
time_consumption of insert is 6229200186
resize_time = 1601136
resize_1_num = 15
resize_2_num = 25872
insert all over
time_consumption of search is 2116664976
This test insert number is :10000000
This test radio is:8
insert begin 
time_consumption of insert is 6385594397
resize_time = 1607058
resize_1_num = 15
resize_2_num = 25872
insert all over
time_consumption of search is 1972473413
This test insert number is :10000000
This test radio is:8
insert begin 
time_consumption of insert is 6786275617
resize_time = 1722598
resize_1_num = 15
resize_2_num = 25872
insert all over
time_consumption of search is 2328842226
This test insert number is :10000000
This test radio is:9
insert begin 
time_consumption of insert is 5807749502
resize_time = 1530487
resize_1_num = 15
resize_2_num = 25937
insert all over
time_consumption of search is 1987770972
This test insert number is :10000000
This test radio is:9
insert begin 
time_consumption of insert is 4669997025
resize_time = 1342867
resize_1_num = 15
resize_2_num = 25937
insert all over
time_consumption of search is 1754557218
This test insert number is :10000000
This test radio is:9
insert begin 
time_consumption of insert is 4591493005
resize_time = 1341723
resize_1_num = 15
resize_2_num = 25937
insert all over
time_consumption of search is 1739655929
This test insert number is :10000000
This test radio is:9
insert begin 
time_consumption of insert is 7174233082
resize_time = 1756879
resize_1_num = 15
resize_2_num = 25937
insert all over
time_consumption of search is 2045343253
This test insert number is :10000000
This test radio is:9
insert begin 
time_consumption of insert is 5321187759
resize_time = 1454424
resize_1_num = 15
resize_2_num = 25937
insert all over
time_consumption of search is 1729259746
This test insert number is :10000000
This test radio is:9
insert begin 
time_consumption of insert is 7143087566
resize_time = 1787275
resize_1_num = 15
resize_2_num = 25937
insert all over
time_consumption of search is 2083959807
This test insert number is :10000000
This test radio is:9
insert begin 
time_consumption of insert is 5015706950
resize_time = 1402876
resize_1_num = 15
resize_2_num = 25937
insert all over
time_consumption of search is 1599258054
This test insert number is :10000000
This test radio is:9
insert begin 
time_consumption of insert is 4556657981
resize_time = 1313286
resize_1_num = 15
resize_2_num = 25937
insert all over
time_consumption of search is 1600175714
This test insert number is :10000000
This test radio is:9
insert begin 
time_consumption of insert is 4556690051
resize_time = 1323598
resize_1_num = 15
resize_2_num = 25937
insert all over
time_consumption of search is 1597799416
This test insert number is :10000000
This test radio is:9
insert begin 
time_consumption of insert is 4602957219
resize_time = 1307327
resize_1_num = 15
resize_2_num = 25937
insert all over
time_consumption of search is 1628254483
This test insert number is :10000000
This test radio is:10
insert begin 
time_consumption of insert is 4534149138
resize_time = 1303145
resize_1_num = 15
resize_2_num = 25841
insert all over
time_consumption of search is 1597313017
This test insert number is :10000000
This test radio is:10
insert begin 
time_consumption of insert is 4549947614
resize_time = 1306415
resize_1_num = 15
resize_2_num = 25841
insert all over
time_consumption of search is 1523231990
This test insert number is :10000000
This test radio is:10
insert begin 
time_consumption of insert is 4524682826
resize_time = 1292006
resize_1_num = 15
resize_2_num = 25841
insert all over
time_consumption of search is 1556218274
This test insert number is :10000000
This test radio is:10
insert begin 
time_consumption of insert is 7097992717
resize_time = 1750387
resize_1_num = 15
resize_2_num = 25841
insert all over
time_consumption of search is 2058291010
This test insert number is :10000000
This test radio is:10
insert begin 
time_consumption of insert is 4589809953
resize_time = 1321980
resize_1_num = 15
resize_2_num = 25841
insert all over
time_consumption of search is 1513424876
This test insert number is :10000000
This test radio is:10
insert begin 
time_consumption of insert is 4558751484
resize_time = 1300654
resize_1_num = 15
resize_2_num = 25841
insert all over
time_consumption of search is 1517539239
This test insert number is :10000000
This test radio is:10
insert begin 
time_consumption of insert is 4578860520
resize_time = 1316693
resize_1_num = 15
resize_2_num = 25841
insert all over
time_consumption of search is 1595565248
This test insert number is :10000000
This test radio is:10
insert begin 
time_consumption of insert is 4544044175
resize_time = 1327434
resize_1_num = 15
resize_2_num = 25841
insert all over
time_consumption of search is 1587565481
This test insert number is :10000000
This test radio is:10
insert begin 
time_consumption of insert is 4582362582
resize_time = 1307290
resize_1_num = 15
resize_2_num = 25841
insert all over
time_consumption of search is 1649533406
This test insert number is :10000000
This test radio is:10
insert begin 
time_consumption of insert is 4629173982
resize_time = 1335658
resize_1_num = 15
resize_2_num = 25841
insert all over
time_consumption of search is 1551364790
