This test insert number is :10000000
This test radio is:1
insert begin 
time_consumption of insert is 12760170
resize_time = 3161484
resize_1_num = 13
resize_2_num = 8269
insert all over
time_consumption of search is 5448175
This test insert number is :10000000
This test radio is:1
insert begin 
time_consumption of insert is 12772201
resize_time = 3166360
resize_1_num = 13
resize_2_num = 8269
insert all over
time_consumption of search is 5466445
This test insert number is :10000000
This test radio is:1
insert begin 
time_consumption of insert is 12727248
resize_time = 3149599
resize_1_num = 13
resize_2_num = 8269
insert all over
time_consumption of search is 5477734
This test insert number is :10000000
This test radio is:1
insert begin 
time_consumption of insert is 12674440
resize_time = 3153377
resize_1_num = 13
resize_2_num = 8269
insert all over
time_consumption of search is 5843347
This test insert number is :10000000
This test radio is:1
insert begin 
time_consumption of insert is 12607921
resize_time = 3166372
resize_1_num = 13
resize_2_num = 8269
insert all over
time_consumption of search is 5361405
This test insert number is :10000000
This test radio is:1
insert begin 
time_consumption of insert is 17252569
resize_time = 4391759
resize_1_num = 13
resize_2_num = 8269
insert all over
time_consumption of search is 6004934
This test insert number is :10000000
This test radio is:1
insert begin 
time_consumption of insert is 17630678
resize_time = 4458522
resize_1_num = 13
resize_2_num = 8269
insert all over
time_consumption of search is 6658516
This test insert number is :10000000
This test radio is:1
insert begin 
time_consumption of insert is 16788890
resize_time = 4395100
resize_1_num = 13
resize_2_num = 8269
insert all over
time_consumption of search is 5989139
This test insert number is :10000000
This test radio is:1
insert begin 
time_consumption of insert is 13121045
resize_time = 3293194
resize_1_num = 13
resize_2_num = 8269
insert all over
time_consumption of search is 5414604
This test insert number is :10000000
This test radio is:1
insert begin 
time_consumption of insert is 12617856
resize_time = 3163378
resize_1_num = 13
resize_2_num = 8269
insert all over
time_consumption of search is 5395234
This test insert number is :10000000
This test radio is:2
insert begin 
time_consumption of insert is 19173556
resize_time = 4947907
resize_1_num = 13
resize_2_num = 8255
insert all over
time_consumption of search is 7225932
This test insert number is :10000000
This test radio is:2
insert begin 
time_consumption of insert is 14731172
resize_time = 3601743
resize_1_num = 13
resize_2_num = 8255
insert all over
time_consumption of search is 5876184
This test insert number is :10000000
This test radio is:2
insert begin 
time_consumption of insert is 17933973
resize_time = 4416312
resize_1_num = 13
resize_2_num = 8255
insert all over
time_consumption of search is 6298697
This test insert number is :10000000
This test radio is:2
insert begin 
time_consumption of insert is 12657756
resize_time = 3144157
resize_1_num = 13
resize_2_num = 8255
insert all over
time_consumption of search is 5446002
This test insert number is :10000000
This test radio is:2
insert begin 
time_consumption of insert is 13015903
resize_time = 3155202
resize_1_num = 13
resize_2_num = 8255
insert all over
time_consumption of search is 5422136
This test insert number is :10000000
This test radio is:2
insert begin 
time_consumption of insert is 13392720
resize_time = 3128505
resize_1_num = 13
resize_2_num = 8255
insert all over
time_consumption of search is 5435984
This test insert number is :10000000
This test radio is:2
insert begin 
time_consumption of insert is 17298895
resize_time = 4255848
resize_1_num = 13
resize_2_num = 8255
insert all over
time_consumption of search is 6062029
This test insert number is :10000000
This test radio is:2
insert begin 
time_consumption of insert is 13736156
resize_time = 3378379
resize_1_num = 13
resize_2_num = 8255
insert all over
time_consumption of search is 5550695
This test insert number is :10000000
This test radio is:2
insert begin 
time_consumption of insert is 19829682
resize_time = 5029191
resize_1_num = 13
resize_2_num = 8255
insert all over
time_consumption of search is 6865761
This test insert number is :10000000
This test radio is:2
insert begin 
time_consumption of insert is 17413630
resize_time = 4356976
resize_1_num = 13
resize_2_num = 8255
insert all over
time_consumption of search is 5647416
This test insert number is :10000000
This test radio is:3
insert begin 
time_consumption of insert is 12984928
resize_time = 3152249
resize_1_num = 13
resize_2_num = 8263
insert all over
time_consumption of search is 5359306
This test insert number is :10000000
This test radio is:3
insert begin 
time_consumption of insert is 18681101
resize_time = 4488684
resize_1_num = 13
resize_2_num = 8263
insert all over
time_consumption of search is 5883554
This test insert number is :10000000
This test radio is:3
insert begin 
time_consumption of insert is 18747707
resize_time = 4614891
resize_1_num = 13
resize_2_num = 8263
insert all over
time_consumption of search is 6508898
This test insert number is :10000000
This test radio is:3
insert begin 
time_consumption of insert is 12780547
resize_time = 3182052
resize_1_num = 13
resize_2_num = 8263
insert all over
time_consumption of search is 5639058
This test insert number is :10000000
This test radio is:3
insert begin 
time_consumption of insert is 13517374
resize_time = 3239197
resize_1_num = 13
resize_2_num = 8263
insert all over
time_consumption of search is 5536756
This test insert number is :10000000
This test radio is:3
insert begin 
time_consumption of insert is 12696627
resize_time = 3143835
resize_1_num = 13
resize_2_num = 8263
insert all over
time_consumption of search is 5568667
This test insert number is :10000000
This test radio is:3
insert begin 
time_consumption of insert is 12642199
resize_time = 3138472
resize_1_num = 13
resize_2_num = 8263
insert all over
time_consumption of search is 5458084
This test insert number is :10000000
This test radio is:3
insert begin 
time_consumption of insert is 12639618
resize_time = 3150506
resize_1_num = 13
resize_2_num = 8263
insert all over
time_consumption of search is 5317315
This test insert number is :10000000
This test radio is:3
insert begin 
time_consumption of insert is 13005845
resize_time = 3271918
resize_1_num = 13
resize_2_num = 8263
insert all over
time_consumption of search is 5411817
This test insert number is :10000000
This test radio is:3
insert begin 
time_consumption of insert is 18426973
resize_time = 4393861
resize_1_num = 13
resize_2_num = 8263
insert all over
time_consumption of search is 6428611
This test insert number is :10000000
This test radio is:4
insert begin 
time_consumption of insert is 18147459
resize_time = 4369217
resize_1_num = 13
resize_2_num = 8277
insert all over
time_consumption of search is 5850118
This test insert number is :10000000
This test radio is:4
insert begin 
time_consumption of insert is 13151201
resize_time = 3125813
resize_1_num = 13
resize_2_num = 8277
insert all over
time_consumption of search is 5469331
This test insert number is :10000000
This test radio is:4
insert begin 
time_consumption of insert is 12652480
resize_time = 3124989
resize_1_num = 13
resize_2_num = 8277
insert all over
time_consumption of search is 5434604
This test insert number is :10000000
This test radio is:4
insert begin 
time_consumption of insert is 15275122
resize_time = 3844788
resize_1_num = 13
resize_2_num = 8277
insert all over
time_consumption of search is 5624362
This test insert number is :10000000
This test radio is:4
insert begin 
time_consumption of insert is 12903771
resize_time = 3151132
resize_1_num = 13
resize_2_num = 8277
insert all over
time_consumption of search is 5375971
This test insert number is :10000000
This test radio is:4
insert begin 
time_consumption of insert is 12745033
resize_time = 3148192
resize_1_num = 13
resize_2_num = 8277
insert all over
time_consumption of search is 5418314
This test insert number is :10000000
This test radio is:4
insert begin 
time_consumption of insert is 13478625
resize_time = 3184059
resize_1_num = 13
resize_2_num = 8277
insert all over
time_consumption of search is 5387467
This test insert number is :10000000
This test radio is:4
insert begin 
time_consumption of insert is 12749541
resize_time = 3131922
resize_1_num = 13
resize_2_num = 8277
insert all over
time_consumption of search is 5541888
This test insert number is :10000000
This test radio is:4
insert begin 
time_consumption of insert is 12634027
resize_time = 3139293
resize_1_num = 13
resize_2_num = 8277
insert all over
time_consumption of search is 5387598
This test insert number is :10000000
This test radio is:4
insert begin 
time_consumption of insert is 13113452
resize_time = 3159829
resize_1_num = 13
resize_2_num = 8277
insert all over
time_consumption of search is 5359073
This test insert number is :10000000
This test radio is:5
insert begin 
time_consumption of insert is 12650010
resize_time = 3116208
resize_1_num = 13
resize_2_num = 8254
insert all over
time_consumption of search is 5563468
This test insert number is :10000000
This test radio is:5
insert begin 
time_consumption of insert is 12986723
resize_time = 3254475
resize_1_num = 13
resize_2_num = 8254
insert all over
time_consumption of search is 5380904
This test insert number is :10000000
This test radio is:5
insert begin 
time_consumption of insert is 12891915
resize_time = 3136849
resize_1_num = 13
resize_2_num = 8254
insert all over
time_consumption of search is 5513145
This test insert number is :10000000
This test radio is:5
insert begin 
time_consumption of insert is 12649049
resize_time = 3133797
resize_1_num = 13
resize_2_num = 8254
insert all over
time_consumption of search is 5401227
This test insert number is :10000000
This test radio is:5
insert begin 
time_consumption of insert is 12744796
resize_time = 3125790
resize_1_num = 13
resize_2_num = 8254
insert all over
time_consumption of search is 5536252
This test insert number is :10000000
This test radio is:5
insert begin 
time_consumption of insert is 12741109
resize_time = 3146892
resize_1_num = 13
resize_2_num = 8254
insert all over
time_consumption of search is 5577004
This test insert number is :10000000
This test radio is:5
insert begin 
time_consumption of insert is 12598486
resize_time = 3130403
resize_1_num = 13
resize_2_num = 8254
insert all over
time_consumption of search is 5393786
This test insert number is :10000000
This test radio is:5
insert begin 
time_consumption of insert is 13149074
resize_time = 3202802
resize_1_num = 13
resize_2_num = 8254
insert all over
time_consumption of search is 5451613
This test insert number is :10000000
This test radio is:5
insert begin 
time_consumption of insert is 12787211
resize_time = 3149591
resize_1_num = 13
resize_2_num = 8254
insert all over
time_consumption of search is 5329375
This test insert number is :10000000
This test radio is:5
insert begin 
time_consumption of insert is 18239172
resize_time = 4261486
resize_1_num = 13
resize_2_num = 8254
insert all over
time_consumption of search is 6141056
This test insert number is :10000000
This test radio is:6
insert begin 
time_consumption of insert is 17637910
resize_time = 4107741
resize_1_num = 13
resize_2_num = 8248
insert all over
time_consumption of search is 6192772
This test insert number is :10000000
This test radio is:6
insert begin 
time_consumption of insert is 13199516
resize_time = 3205208
resize_1_num = 13
resize_2_num = 8248
insert all over
time_consumption of search is 5359420
This test insert number is :10000000
This test radio is:6
insert begin 
time_consumption of insert is 12708613
resize_time = 3134157
resize_1_num = 13
resize_2_num = 8248
insert all over
time_consumption of search is 5409007
This test insert number is :10000000
This test radio is:6
insert begin 
time_consumption of insert is 12690646
resize_time = 3154363
resize_1_num = 13
resize_2_num = 8248
insert all over
time_consumption of search is 5344800
This test insert number is :10000000
This test radio is:6
insert begin 
time_consumption of insert is 13111522
resize_time = 3212248
resize_1_num = 13
resize_2_num = 8248
insert all over
time_consumption of search is 5618748
This test insert number is :10000000
This test radio is:6
insert begin 
time_consumption of insert is 18337749
resize_time = 4712209
resize_1_num = 13
resize_2_num = 8248
insert all over
time_consumption of search is 6072677
This test insert number is :10000000
This test radio is:6
insert begin 
time_consumption of insert is 14940986
resize_time = 3753359
resize_1_num = 13
resize_2_num = 8248
insert all over
time_consumption of search is 5349446
This test insert number is :10000000
This test radio is:6
insert begin 
time_consumption of insert is 13516877
resize_time = 3413809
resize_1_num = 13
resize_2_num = 8248
insert all over
time_consumption of search is 5475240
This test insert number is :10000000
This test radio is:6
insert begin 
time_consumption of insert is 12755377
resize_time = 3165618
resize_1_num = 13
resize_2_num = 8248
insert all over
time_consumption of search is 5443944
This test insert number is :10000000
This test radio is:6
insert begin 
time_consumption of insert is 12748310
resize_time = 3134850
resize_1_num = 13
resize_2_num = 8248
insert all over
time_consumption of search is 5747603
This test insert number is :10000000
This test radio is:7
insert begin 
time_consumption of insert is 13963466
resize_time = 3466872
resize_1_num = 13
resize_2_num = 8260
insert all over
time_consumption of search is 5460750
This test insert number is :10000000
This test radio is:7
insert begin 
time_consumption of insert is 12925966
resize_time = 3160367
resize_1_num = 13
resize_2_num = 8260
insert all over
time_consumption of search is 5440332
This test insert number is :10000000
This test radio is:7
insert begin 
time_consumption of insert is 12671227
resize_time = 3140456
resize_1_num = 13
resize_2_num = 8260
insert all over
time_consumption of search is 5440953
This test insert number is :10000000
This test radio is:7
insert begin 
time_consumption of insert is 12740251
resize_time = 3166709
resize_1_num = 13
resize_2_num = 8260
insert all over
time_consumption of search is 5359132
This test insert number is :10000000
This test radio is:7
insert begin 
time_consumption of insert is 12855185
resize_time = 3119657
resize_1_num = 13
resize_2_num = 8260
insert all over
time_consumption of search is 5350528
This test insert number is :10000000
This test radio is:7
insert begin 
time_consumption of insert is 13433631
resize_time = 3365276
resize_1_num = 13
resize_2_num = 8260
insert all over
time_consumption of search is 5441174
This test insert number is :10000000
This test radio is:7
insert begin 
time_consumption of insert is 12772204
resize_time = 3131057
resize_1_num = 13
resize_2_num = 8260
insert all over
time_consumption of search is 5395845
This test insert number is :10000000
This test radio is:7
insert begin 
time_consumption of insert is 12910871
resize_time = 3180533
resize_1_num = 13
resize_2_num = 8260
insert all over
time_consumption of search is 5350438
This test insert number is :10000000
This test radio is:7
insert begin 
time_consumption of insert is 12792698
resize_time = 3118481
resize_1_num = 13
resize_2_num = 8260
insert all over
time_consumption of search is 5403756
This test insert number is :10000000
This test radio is:7
insert begin 
time_consumption of insert is 12989398
resize_time = 3208755
resize_1_num = 13
resize_2_num = 8260
insert all over
time_consumption of search is 5348677
This test insert number is :10000000
This test radio is:8
insert begin 
time_consumption of insert is 12879450
resize_time = 3137626
resize_1_num = 13
resize_2_num = 8255
insert all over
time_consumption of search is 5376354
This test insert number is :10000000
This test radio is:8
insert begin 
time_consumption of insert is 13163574
resize_time = 3224021
resize_1_num = 13
resize_2_num = 8255
insert all over
time_consumption of search is 5394480
This test insert number is :10000000
This test radio is:8
insert begin 
time_consumption of insert is 12929454
resize_time = 3186160
resize_1_num = 13
resize_2_num = 8255
insert all over
time_consumption of search is 5385058
This test insert number is :10000000
This test radio is:8
insert begin 
time_consumption of insert is 13087968
resize_time = 3233587
resize_1_num = 13
resize_2_num = 8255
insert all over
time_consumption of search is 5327648
This test insert number is :10000000
This test radio is:8
insert begin 
time_consumption of insert is 12964554
resize_time = 3185878
resize_1_num = 13
resize_2_num = 8255
insert all over
time_consumption of search is 5554488
This test insert number is :10000000
This test radio is:8
insert begin 
time_consumption of insert is 12600946
resize_time = 3144639
resize_1_num = 13
resize_2_num = 8255
insert all over
time_consumption of search is 5323337
This test insert number is :10000000
This test radio is:8
insert begin 
time_consumption of insert is 13356983
resize_time = 3223372
resize_1_num = 13
resize_2_num = 8255
insert all over
time_consumption of search is 5386278
This test insert number is :10000000
This test radio is:8
insert begin 
time_consumption of insert is 12533368
resize_time = 3124823
resize_1_num = 13
resize_2_num = 8255
insert all over
time_consumption of search is 5344346
This test insert number is :10000000
This test radio is:8
insert begin 
time_consumption of insert is 12557701
resize_time = 3124745
resize_1_num = 13
resize_2_num = 8255
insert all over
time_consumption of search is 5347279
This test insert number is :10000000
This test radio is:8
insert begin 
time_consumption of insert is 12873164
resize_time = 3121487
resize_1_num = 13
resize_2_num = 8255
insert all over
time_consumption of search is 5527009
This test insert number is :10000000
This test radio is:9
insert begin 
time_consumption of insert is 12623458
resize_time = 3156060
resize_1_num = 13
resize_2_num = 8266
insert all over
time_consumption of search is 5392293
This test insert number is :10000000
This test radio is:9
insert begin 
time_consumption of insert is 12706561
resize_time = 3152810
resize_1_num = 13
resize_2_num = 8266
insert all over
time_consumption of search is 5275646
This test insert number is :10000000
This test radio is:9
insert begin 
time_consumption of insert is 12734202
resize_time = 3120287
resize_1_num = 13
resize_2_num = 8266
insert all over
time_consumption of search is 5466440
This test insert number is :10000000
This test radio is:9
insert begin 
time_consumption of insert is 12495029
resize_time = 3118788
resize_1_num = 13
resize_2_num = 8266
insert all over
time_consumption of search is 5266880
This test insert number is :10000000
This test radio is:9
insert begin 
time_consumption of insert is 12553583
resize_time = 3124704
resize_1_num = 13
resize_2_num = 8266
insert all over
time_consumption of search is 5322331
This test insert number is :10000000
This test radio is:9
insert begin 
time_consumption of insert is 12672259
resize_time = 3138395
resize_1_num = 13
resize_2_num = 8266
insert all over
time_consumption of search is 5267110
This test insert number is :10000000
This test radio is:9
insert begin 
time_consumption of insert is 12778465
resize_time = 3137198
resize_1_num = 13
resize_2_num = 8266
insert all over
time_consumption of search is 5395189
This test insert number is :10000000
This test radio is:9
insert begin 
time_consumption of insert is 12699467
resize_time = 3162953
resize_1_num = 13
resize_2_num = 8266
insert all over
time_consumption of search is 5314840
This test insert number is :10000000
This test radio is:9
insert begin 
time_consumption of insert is 12911955
resize_time = 3163723
resize_1_num = 13
resize_2_num = 8266
insert all over
time_consumption of search is 5447688
This test insert number is :10000000
This test radio is:9
insert begin 
time_consumption of insert is 12599258
resize_time = 3139681
resize_1_num = 13
resize_2_num = 8266
insert all over
time_consumption of search is 5323517
This test insert number is :10000000
This test radio is:10
insert begin 
time_consumption of insert is 12590256
resize_time = 3141376
resize_1_num = 13
resize_2_num = 8265
insert all over
time_consumption of search is 5266645
This test insert number is :10000000
This test radio is:10
insert begin 
time_consumption of insert is 12851964
resize_time = 3184917
resize_1_num = 13
resize_2_num = 8265
insert all over
time_consumption of search is 5371487
This test insert number is :10000000
This test radio is:10
insert begin 
time_consumption of insert is 13101626
resize_time = 3267547
resize_1_num = 13
resize_2_num = 8265
insert all over
time_consumption of search is 5422698
This test insert number is :10000000
This test radio is:10
insert begin 
time_consumption of insert is 12741869
resize_time = 3146143
resize_1_num = 13
resize_2_num = 8265
insert all over
time_consumption of search is 5286373
This test insert number is :10000000
This test radio is:10
insert begin 
time_consumption of insert is 12702392
resize_time = 3180211
resize_1_num = 13
resize_2_num = 8265
insert all over
time_consumption of search is 5323115
This test insert number is :10000000
This test radio is:10
insert begin 
time_consumption of insert is 12752173
resize_time = 3191255
resize_1_num = 13
resize_2_num = 8265
insert all over
time_consumption of search is 5301138
This test insert number is :10000000
This test radio is:10
insert begin 
time_consumption of insert is 13027318
resize_time = 3226365
resize_1_num = 13
resize_2_num = 8265
insert all over
time_consumption of search is 5417709
This test insert number is :10000000
This test radio is:10
insert begin 
time_consumption of insert is 17024695
resize_time = 3975360
resize_1_num = 13
resize_2_num = 8265
insert all over
time_consumption of search is 6051544
This test insert number is :10000000
This test radio is:10
insert begin 
time_consumption of insert is 17640785
resize_time = 4139826
resize_1_num = 13
resize_2_num = 8265
insert all over
time_consumption of search is 5973807
This test insert number is :10000000
This test radio is:10
insert begin 
time_consumption of insert is 13685160
resize_time = 3371333
resize_1_num = 13
resize_2_num = 8265
insert all over
time_consumption of search is 5455662
